TN:
SF:js/editor-autosave.js
FN:5,(anonymous_0)
FN:14,(anonymous_1)
FN:20,(anonymous_2)
FN:87,(anonymous_3)
FN:101,(anonymous_4)
FN:116,(anonymous_5)
FN:133,(anonymous_6)
FN:152,(anonymous_7)
FN:169,(anonymous_8)
FN:189,(anonymous_9)
FNF:10
FNH:0
FNDA:0,(anonymous_0)
FNDA:0,(anonymous_1)
FNDA:0,(anonymous_2)
FNDA:0,(anonymous_3)
FNDA:0,(anonymous_4)
FNDA:0,(anonymous_5)
FNDA:0,(anonymous_6)
FNDA:0,(anonymous_7)
FNDA:0,(anonymous_8)
FNDA:0,(anonymous_9)
DA:5,0
DA:8,0
DA:9,0
DA:14,0
DA:15,0
DA:16,0
DA:19,0
DA:20,0
DA:21,0
DA:22,0
DA:23,0
DA:24,0
DA:25,0
DA:27,0
DA:29,0
DA:32,0
DA:33,0
DA:34,0
DA:38,0
DA:40,0
DA:42,0
DA:43,0
DA:44,0
DA:45,0
DA:46,0
DA:47,0
DA:50,0
DA:51,0
DA:52,0
DA:56,0
DA:57,0
DA:58,0
DA:61,0
DA:63,0
DA:64,0
DA:65,0
DA:67,0
DA:70,0
DA:71,0
DA:73,0
DA:76,0
DA:77,0
DA:87,0
DA:88,0
DA:89,0
DA:91,0
DA:92,0
DA:94,0
DA:101,0
DA:102,0
DA:103,0
DA:105,0
DA:106,0
DA:107,0
DA:109,0
DA:116,0
DA:117,0
DA:118,0
DA:120,0
DA:121,0
DA:122,0
DA:123,0
DA:125,0
DA:126,0
DA:133,0
DA:134,0
DA:135,0
DA:136,0
DA:137,0
DA:139,0
DA:142,0
DA:143,0
DA:144,0
DA:145,0
DA:152,0
DA:153,0
DA:154,0
DA:155,0
DA:156,0
DA:158,0
DA:161,0
DA:162,0
DA:169,0
DA:170,0
DA:171,0
DA:173,0
DA:174,0
DA:175,0
DA:176,0
DA:177,0
DA:178,0
DA:182,0
DA:189,0
DA:190,0
DA:191,0
DA:194,0
DA:195,0
DA:197,0
DA:198,0
DA:199,0
DA:200,0
DA:204,0
DA:205,0
DA:208,0
DA:209,0
DA:211,0
DA:212,0
DA:217,0
DA:228,0
LF:109
LH:0
BRDA:8,0,0,0
BRDA:8,0,1,0
BRDA:15,1,0,0
BRDA:15,1,1,0
BRDA:15,2,0,0
BRDA:15,2,1,0
BRDA:24,3,0,0
BRDA:24,3,1,0
BRDA:32,4,0,0
BRDA:32,4,1,0
BRDA:32,5,0,0
BRDA:32,5,1,0
BRDA:32,5,2,0
BRDA:33,6,0,0
BRDA:33,6,1,0
BRDA:40,7,0,0
BRDA:40,7,1,0
BRDA:40,7,2,0
BRDA:40,7,3,0
BRDA:42,8,0,0
BRDA:42,8,1,0
BRDA:46,9,0,0
BRDA:46,9,1,0
BRDA:51,10,0,0
BRDA:51,10,1,0
BRDA:57,11,0,0
BRDA:57,11,1,0
BRDA:64,12,0,0
BRDA:64,12,1,0
BRDA:70,13,0,0
BRDA:70,13,1,0
BRDA:76,14,0,0
BRDA:76,14,1,0
BRDA:88,15,0,0
BRDA:88,15,1,0
BRDA:92,16,0,0
BRDA:92,16,1,0
BRDA:102,17,0,0
BRDA:102,17,1,0
BRDA:117,18,0,0
BRDA:117,18,1,0
BRDA:135,19,0,0
BRDA:135,19,1,0
BRDA:144,20,0,0
BRDA:144,20,1,0
BRDA:154,21,0,0
BRDA:154,21,1,0
BRDA:161,22,0,0
BRDA:161,22,1,0
BRDA:170,23,0,0
BRDA:170,23,1,0
BRDA:175,24,0,0
BRDA:175,24,1,0
BRDA:177,25,0,0
BRDA:177,25,1,0
BRDA:190,26,0,0
BRDA:190,26,1,0
BRDA:197,27,0,0
BRDA:197,27,1,0
BRDA:197,28,0,0
BRDA:197,28,1,0
BRDA:199,29,0,0
BRDA:199,29,1,0
BRDA:199,30,0,0
BRDA:199,30,1,0
BRDA:204,31,0,0
BRDA:204,31,1,0
BRDA:204,32,0,0
BRDA:204,32,1,0
BRDA:208,33,0,0
BRDA:208,33,1,0
BRDA:211,34,0,0
BRDA:211,34,1,0
BRF:73
BRH:0
end_of_record
TN:
SF:js/editor-core.js
FN:5,(anonymous_0)
FN:65,(anonymous_1)
FNF:2
FNH:0
FNDA:0,(anonymous_0)
FNDA:0,(anonymous_1)
DA:5,0
DA:9,0
DA:10,0
DA:13,0
DA:16,0
DA:28,0
DA:65,0
DA:66,0
DA:68,0
DA:69,0
DA:70,0
DA:71,0
DA:72,0
DA:73,0
DA:74,0
DA:75,0
DA:76,0
DA:77,0
DA:78,0
DA:79,0
DA:80,0
DA:81,0
DA:82,0
DA:83,0
DA:84,0
DA:85,0
DA:86,0
DA:87,0
DA:88,0
DA:89,0
DA:90,0
DA:91,0
DA:92,0
DA:93,0
DA:94,0
DA:95,0
DA:96,0
DA:97,0
DA:98,0
DA:99,0
DA:100,0
DA:103,0
DA:104,0
DA:105,0
DA:108,0
DA:112,0
LF:46
LH:0
BRDA:9,0,0,0
BRDA:9,0,1,0
BRDA:103,1,0,0
BRDA:103,1,1,0
BRDA:103,2,0,0
BRDA:103,2,1,0
BRF:6
BRH:0
end_of_record
TN:
SF:js/editor-dialogs.js
FN:5,(anonymous_0)
FN:17,(anonymous_1)
FN:17,(anonymous_2)
FN:48,(anonymous_3)
FN:54,(anonymous_4)
FN:66,(anonymous_5)
FN:76,(anonymous_6)
FN:85,(anonymous_7)
FN:95,(anonymous_8)
FN:95,(anonymous_9)
FN:121,(anonymous_10)
FN:127,(anonymous_11)
FN:132,(anonymous_12)
FN:144,(anonymous_13)
FN:150,(anonymous_14)
FN:158,(anonymous_15)
FN:166,(anonymous_16)
FN:177,(anonymous_17)
FN:177,(anonymous_18)
FN:216,(anonymous_19)
FN:222,(anonymous_20)
FN:227,(anonymous_21)
FN:232,(anonymous_22)
FN:250,(anonymous_23)
FN:256,(anonymous_24)
FN:272,(anonymous_25)
FN:280,(anonymous_26)
FN:292,(anonymous_27)
FN:292,(anonymous_28)
FN:320,(anonymous_29)
FN:352,(anonymous_30)
FN:358,(anonymous_31)
FN:362,(anonymous_32)
FN:368,(anonymous_33)
FN:384,(anonymous_34)
FN:389,(anonymous_35)
FN:396,(anonymous_36)
FN:397,(anonymous_37)
FN:429,(anonymous_38)
FN:437,(anonymous_39)
FN:449,(anonymous_40)
FN:449,(anonymous_41)
FN:472,(anonymous_42)
FN:477,(anonymous_43)
FN:482,(anonymous_44)
FN:489,(anonymous_45)
FN:494,(anonymous_46)
FN:504,(anonymous_47)
FN:522,(anonymous_48)
FN:522,(anonymous_49)
FN:555,(anonymous_50)
FN:561,(anonymous_51)
FN:566,(anonymous_52)
FN:577,(anonymous_53)
FN:583,(anonymous_54)
FN:590,(anonymous_55)
FN:599,(anonymous_56)
FN:607,(anonymous_57)
FN:614,(anonymous_58)
FN:614,(anonymous_59)
FN:646,(anonymous_60)
FN:652,(anonymous_61)
FN:657,(anonymous_62)
FN:665,(anonymous_63)
FN:671,(anonymous_64)
FN:692,(anonymous_65)
FN:699,(anonymous_66)
FN:707,(anonymous_67)
FNF:68
FNH:0
FNDA:0,(anonymous_0)
FNDA:0,(anonymous_1)
FNDA:0,(anonymous_2)
FNDA:0,(anonymous_3)
FNDA:0,(anonymous_4)
FNDA:0,(anonymous_5)
FNDA:0,(anonymous_6)
FNDA:0,(anonymous_7)
FNDA:0,(anonymous_8)
FNDA:0,(anonymous_9)
FNDA:0,(anonymous_10)
FNDA:0,(anonymous_11)
FNDA:0,(anonymous_12)
FNDA:0,(anonymous_13)
FNDA:0,(anonymous_14)
FNDA:0,(anonymous_15)
FNDA:0,(anonymous_16)
FNDA:0,(anonymous_17)
FNDA:0,(anonymous_18)
FNDA:0,(anonymous_19)
FNDA:0,(anonymous_20)
FNDA:0,(anonymous_21)
FNDA:0,(anonymous_22)
FNDA:0,(anonymous_23)
FNDA:0,(anonymous_24)
FNDA:0,(anonymous_25)
FNDA:0,(anonymous_26)
FNDA:0,(anonymous_27)
FNDA:0,(anonymous_28)
FNDA:0,(anonymous_29)
FNDA:0,(anonymous_30)
FNDA:0,(anonymous_31)
FNDA:0,(anonymous_32)
FNDA:0,(anonymous_33)
FNDA:0,(anonymous_34)
FNDA:0,(anonymous_35)
FNDA:0,(anonymous_36)
FNDA:0,(anonymous_37)
FNDA:0,(anonymous_38)
FNDA:0,(anonymous_39)
FNDA:0,(anonymous_40)
FNDA:0,(anonymous_41)
FNDA:0,(anonymous_42)
FNDA:0,(anonymous_43)
FNDA:0,(anonymous_44)
FNDA:0,(anonymous_45)
FNDA:0,(anonymous_46)
FNDA:0,(anonymous_47)
FNDA:0,(anonymous_48)
FNDA:0,(anonymous_49)
FNDA:0,(anonymous_50)
FNDA:0,(anonymous_51)
FNDA:0,(anonymous_52)
FNDA:0,(anonymous_53)
FNDA:0,(anonymous_54)
FNDA:0,(anonymous_55)
FNDA:0,(anonymous_56)
FNDA:0,(anonymous_57)
FNDA:0,(anonymous_58)
FNDA:0,(anonymous_59)
FNDA:0,(anonymous_60)
FNDA:0,(anonymous_61)
FNDA:0,(anonymous_62)
FNDA:0,(anonymous_63)
FNDA:0,(anonymous_64)
FNDA:0,(anonymous_65)
FNDA:0,(anonymous_66)
FNDA:0,(anonymous_67)
DA:5,0
DA:8,0
DA:9,0
DA:17,0
DA:18,0
DA:19,0
DA:21,0
DA:22,0
DA:23,0
DA:24,0
DA:25,0
DA:26,0
DA:28,0
DA:29,0
DA:30,0
DA:31,0
DA:32,0
DA:34,0
DA:35,0
DA:36,0
DA:37,0
DA:39,0
DA:40,0
DA:42,0
DA:43,0
DA:44,0
DA:45,0
DA:46,0
DA:48,0
DA:49,0
DA:50,0
DA:51,0
DA:54,0
DA:55,0
DA:56,0
DA:57,0
DA:58,0
DA:59,0
DA:60,0
DA:61,0
DA:62,0
DA:66,0
DA:67,0
DA:68,0
DA:71,0
DA:72,0
DA:73,0
DA:74,0
DA:75,0
DA:76,0
DA:77,0
DA:78,0
DA:79,0
DA:82,0
DA:83,0
DA:85,0
DA:95,0
DA:96,0
DA:97,0
DA:98,0
DA:100,0
DA:101,0
DA:102,0
DA:103,0
DA:104,0
DA:105,0
DA:107,0
DA:108,0
DA:109,0
DA:110,0
DA:111,0
DA:113,0
DA:114,0
DA:115,0
DA:116,0
DA:118,0
DA:119,0
DA:121,0
DA:122,0
DA:123,0
DA:124,0
DA:127,0
DA:128,0
DA:129,0
DA:132,0
DA:133,0
DA:134,0
DA:135,0
DA:139,0
DA:140,0
DA:141,0
DA:142,0
DA:143,0
DA:144,0
DA:146,0
DA:147,0
DA:148,0
DA:149,0
DA:150,0
DA:152,0
DA:153,0
DA:154,0
DA:155,0
DA:156,0
DA:157,0
DA:158,0
DA:159,0
DA:160,0
DA:163,0
DA:164,0
DA:166,0
DA:177,0
DA:178,0
DA:179,0
DA:181,0
DA:182,0
DA:183,0
DA:184,0
DA:185,0
DA:186,0
DA:188,0
DA:189,0
DA:190,0
DA:191,0
DA:192,0
DA:194,0
DA:195,0
DA:197,0
DA:198,0
DA:199,0
DA:200,0
DA:201,0
DA:203,0
DA:204,0
DA:205,0
DA:206,0
DA:207,0
DA:208,0
DA:209,0
DA:210,0
DA:213,0
DA:214,0
DA:216,0
DA:217,0
DA:218,0
DA:219,0
DA:222,0
DA:223,0
DA:224,0
DA:227,0
DA:228,0
DA:229,0
DA:232,0
DA:233,0
DA:234,0
DA:235,0
DA:239,0
DA:240,0
DA:241,0
DA:242,0
DA:244,0
DA:245,0
DA:246,0
DA:247,0
DA:248,0
DA:250,0
DA:251,0
DA:252,0
DA:253,0
DA:256,0
DA:257,0
DA:258,0
DA:259,0
DA:260,0
DA:264,0
DA:265,0
DA:266,0
DA:267,0
DA:268,0
DA:269,0
DA:270,0
DA:271,0
DA:272,0
DA:273,0
DA:274,0
DA:277,0
DA:278,0
DA:280,0
DA:281,0
DA:282,0
DA:292,0
DA:293,0
DA:294,0
DA:296,0
DA:297,0
DA:298,0
DA:299,0
DA:300,0
DA:301,0
DA:303,0
DA:304,0
DA:305,0
DA:306,0
DA:307,0
DA:309,0
DA:310,0
DA:312,0
DA:313,0
DA:314,0
DA:315,0
DA:317,0
DA:318,0
DA:320,0
DA:321,0
DA:322,0
DA:323,0
DA:324,0
DA:326,0
DA:327,0
DA:328,0
DA:329,0
DA:331,0
DA:332,0
DA:333,0
DA:334,0
DA:335,0
DA:336,0
DA:337,0
DA:338,0
DA:341,0
DA:342,0
DA:344,0
DA:345,0
DA:346,0
DA:349,0
DA:350,0
DA:352,0
DA:353,0
DA:354,0
DA:355,0
DA:358,0
DA:359,0
DA:360,0
DA:362,0
DA:363,0
DA:364,0
DA:365,0
DA:366,0
DA:367,0
DA:368,0
DA:369,0
DA:372,0
DA:376,0
DA:377,0
DA:380,0
DA:381,0
DA:384,0
DA:385,0
DA:386,0
DA:389,0
DA:390,0
DA:391,0
DA:392,0
DA:396,0
DA:397,0
DA:398,0
DA:399,0
DA:400,0
DA:401,0
DA:402,0
DA:404,0
DA:410,0
DA:411,0
DA:412,0
DA:413,0
DA:414,0
DA:416,0
DA:417,0
DA:418,0
DA:419,0
DA:420,0
DA:422,0
DA:423,0
DA:424,0
DA:425,0
DA:426,0
DA:427,0
DA:428,0
DA:429,0
DA:430,0
DA:431,0
DA:434,0
DA:435,0
DA:437,0
DA:438,0
DA:439,0
DA:440,0
DA:449,0
DA:450,0
DA:451,0
DA:453,0
DA:454,0
DA:455,0
DA:456,0
DA:457,0
DA:459,0
DA:460,0
DA:461,0
DA:463,0
DA:464,0
DA:466,0
DA:472,0
DA:473,0
DA:474,0
DA:477,0
DA:478,0
DA:479,0
DA:482,0
DA:483,0
DA:484,0
DA:485,0
DA:489,0
DA:490,0
DA:491,0
DA:492,0
DA:493,0
DA:494,0
DA:495,0
DA:496,0
DA:498,0
DA:501,0
DA:502,0
DA:503,0
DA:504,0
DA:505,0
DA:506,0
DA:509,0
DA:510,0
DA:512,0
DA:513,0
DA:514,0
DA:522,0
DA:523,0
DA:525,0
DA:526,0
DA:527,0
DA:529,0
DA:531,0
DA:532,0
DA:534,0
DA:535,0
DA:536,0
DA:537,0
DA:538,0
DA:539,0
DA:541,0
DA:542,0
DA:543,0
DA:544,0
DA:545,0
DA:547,0
DA:548,0
DA:549,0
DA:550,0
DA:552,0
DA:553,0
DA:555,0
DA:556,0
DA:557,0
DA:558,0
DA:561,0
DA:562,0
DA:563,0
DA:566,0
DA:567,0
DA:568,0
DA:569,0
DA:573,0
DA:574,0
DA:575,0
DA:576,0
DA:577,0
DA:579,0
DA:580,0
DA:581,0
DA:582,0
DA:583,0
DA:585,0
DA:586,0
DA:587,0
DA:588,0
DA:589,0
DA:590,0
DA:592,0
DA:593,0
DA:594,0
DA:595,0
DA:596,0
DA:597,0
DA:598,0
DA:599,0
DA:600,0
DA:601,0
DA:604,0
DA:605,0
DA:607,0
DA:614,0
DA:615,0
DA:616,0
DA:618,0
DA:619,0
DA:620,0
DA:621,0
DA:622,0
DA:624,0
DA:625,0
DA:626,0
DA:627,0
DA:628,0
DA:630,0
DA:631,0
DA:632,0
DA:634,0
DA:635,0
DA:636,0
DA:637,0
DA:638,0
DA:640,0
DA:646,0
DA:647,0
DA:648,0
DA:649,0
DA:652,0
DA:653,0
DA:654,0
DA:657,0
DA:658,0
DA:659,0
DA:660,0
DA:661,0
DA:665,0
DA:666,0
DA:667,0
DA:668,0
DA:669,0
DA:670,0
DA:671,0
DA:672,0
DA:675,0
DA:676,0
DA:677,0
DA:678,0
DA:679,0
DA:681,0
DA:682,0
DA:683,0
DA:684,0
DA:686,0
DA:687,0
DA:688,0
DA:689,0
DA:691,0
DA:692,0
DA:693,0
DA:694,0
DA:695,0
DA:699,0
DA:700,0
DA:701,0
DA:704,0
DA:705,0
DA:707,0
DA:711,0
DA:721,0
LF:474
LH:0
BRDA:8,0,0,0
BRDA:8,0,1,0
BRDA:17,1,0,0
BRDA:51,2,0,0
BRDA:51,2,1,0
BRDA:55,3,0,0
BRDA:55,3,1,0
BRDA:59,4,0,0
BRDA:59,4,1,0
BRDA:59,5,0,0
BRDA:59,5,1,0
BRDA:77,6,0,0
BRDA:77,6,1,0
BRDA:95,7,0,0
BRDA:95,8,0,0
BRDA:96,9,0,0
BRDA:96,10,0,0
BRDA:124,11,0,0
BRDA:124,11,1,0
BRDA:133,12,0,0
BRDA:133,12,1,0
BRDA:159,13,0,0
BRDA:159,13,1,0
BRDA:177,14,0,0
BRDA:177,15,0,0
BRDA:177,16,0,0
BRDA:209,17,0,0
BRDA:209,17,1,0
BRDA:219,18,0,0
BRDA:219,18,1,0
BRDA:233,19,0,0
BRDA:233,19,1,0
BRDA:253,20,0,0
BRDA:253,20,1,0
BRDA:253,20,2,0
BRDA:257,21,0,0
BRDA:257,21,1,0
BRDA:260,22,0,0
BRDA:260,22,1,0
BRDA:260,22,2,0
BRDA:273,23,0,0
BRDA:273,23,1,0
BRDA:292,24,0,0
BRDA:333,25,0,0
BRDA:333,25,1,0
BRDA:335,26,0,0
BRDA:335,26,1,0
BRDA:337,27,0,0
BRDA:337,27,1,0
BRDA:355,28,0,0
BRDA:355,28,1,0
BRDA:364,29,0,0
BRDA:364,29,1,0
BRDA:364,30,0,0
BRDA:364,30,1,0
BRDA:372,31,0,0
BRDA:372,31,1,0
BRDA:376,32,0,0
BRDA:376,32,1,0
BRDA:390,33,0,0
BRDA:390,33,1,0
BRDA:398,34,0,0
BRDA:398,34,1,0
BRDA:400,35,0,0
BRDA:400,35,1,0
BRDA:430,36,0,0
BRDA:430,36,1,0
BRDA:438,37,0,0
BRDA:438,37,1,0
BRDA:483,38,0,0
BRDA:483,38,1,0
BRDA:495,39,0,0
BRDA:495,39,1,0
BRDA:505,40,0,0
BRDA:505,40,1,0
BRDA:513,41,0,0
BRDA:513,41,1,0
BRDA:525,42,0,0
BRDA:525,42,1,0
BRDA:558,43,0,0
BRDA:558,43,1,0
BRDA:567,44,0,0
BRDA:567,44,1,0
BRDA:600,45,0,0
BRDA:600,45,1,0
BRDA:649,46,0,0
BRDA:649,46,1,0
BRDA:658,47,0,0
BRDA:658,47,1,0
BRDA:693,48,0,0
BRDA:693,48,1,0
BRF:91
BRH:0
end_of_record
TN:
SF:js/editor-file-ops.js
FN:5,(anonymous_0)
FN:21,(anonymous_1)
FN:46,(anonymous_2)
FN:99,(anonymous_3)
FN:121,(anonymous_4)
FN:179,(anonymous_5)
FN:240,(anonymous_6)
FN:261,(anonymous_7)
FN:306,(anonymous_8)
FN:320,(anonymous_9)
FN:494,(anonymous_10)
FN:524,(anonymous_11)
FN:612,(anonymous_12)
FN:621,(anonymous_13)
FN:635,(anonymous_14)
FN:644,(anonymous_15)
FN:730,(anonymous_16)
FN:735,(anonymous_17)
FN:737,(anonymous_18)
FN:747,(anonymous_19)
FNF:20
FNH:0
FNDA:0,(anonymous_0)
FNDA:0,(anonymous_1)
FNDA:0,(anonymous_2)
FNDA:0,(anonymous_3)
FNDA:0,(anonymous_4)
FNDA:0,(anonymous_5)
FNDA:0,(anonymous_6)
FNDA:0,(anonymous_7)
FNDA:0,(anonymous_8)
FNDA:0,(anonymous_9)
FNDA:0,(anonymous_10)
FNDA:0,(anonymous_11)
FNDA:0,(anonymous_12)
FNDA:0,(anonymous_13)
FNDA:0,(anonymous_14)
FNDA:0,(anonymous_15)
FNDA:0,(anonymous_16)
FNDA:0,(anonymous_17)
FNDA:0,(anonymous_18)
FNDA:0,(anonymous_19)
DA:5,0
DA:8,0
DA:9,0
DA:12,0
DA:15,0
DA:16,0
DA:21,0
DA:22,0
DA:24,0
DA:25,0
DA:26,0
DA:27,0
DA:28,0
DA:29,0
DA:30,0
DA:33,0
DA:34,0
DA:35,0
DA:36,0
DA:37,0
DA:39,0
DA:46,0
DA:47,0
DA:49,0
DA:50,0
DA:51,0
DA:53,0
DA:54,0
DA:56,0
DA:57,0
DA:58,0
DA:59,0
DA:61,0
DA:62,0
DA:63,0
DA:64,0
DA:65,0
DA:67,0
DA:68,0
DA:70,0
DA:71,0
DA:73,0
DA:76,0
DA:77,0
DA:80,0
DA:81,0
DA:83,0
DA:84,0
DA:85,0
DA:86,0
DA:87,0
DA:89,0
DA:90,0
DA:91,0
DA:92,0
DA:99,0
DA:100,0
DA:102,0
DA:103,0
DA:104,0
DA:107,0
DA:109,0
DA:110,0
DA:111,0
DA:113,0
DA:114,0
DA:121,0
DA:122,0
DA:123,0
DA:128,0
DA:129,0
DA:133,0
DA:136,0
DA:137,0
DA:138,0
DA:148,0
DA:149,0
DA:152,0
DA:153,0
DA:156,0
DA:159,0
DA:160,0
DA:161,0
DA:163,0
DA:164,0
DA:165,0
DA:168,0
DA:173,0
DA:179,0
DA:180,0
DA:181,0
DA:182,0
DA:184,0
DA:185,0
DA:188,0
DA:189,0
DA:192,0
DA:193,0
DA:194,0
DA:195,0
DA:197,0
DA:198,0
DA:200,0
DA:201,0
DA:203,0
DA:204,0
DA:205,0
DA:207,0
DA:208,0
DA:210,0
DA:211,0
DA:215,0
DA:216,0
DA:218,0
DA:219,0
DA:223,0
DA:224,0
DA:225,0
DA:226,0
DA:227,0
DA:228,0
DA:230,0
DA:231,0
DA:232,0
DA:233,0
DA:240,0
DA:241,0
DA:243,0
DA:244,0
DA:245,0
DA:247,0
DA:248,0
DA:251,0
DA:252,0
DA:253,0
DA:257,0
DA:258,0
DA:260,0
DA:261,0
DA:262,0
DA:263,0
DA:264,0
DA:266,0
DA:267,0
DA:269,0
DA:270,0
DA:272,0
DA:273,0
DA:274,0
DA:276,0
DA:277,0
DA:279,0
DA:280,0
DA:284,0
DA:285,0
DA:287,0
DA:288,0
DA:292,0
DA:293,0
DA:294,0
DA:295,0
DA:296,0
DA:297,0
DA:299,0
DA:300,0
DA:301,0
DA:302,0
DA:304,0
DA:306,0
DA:307,0
DA:308,0
DA:309,0
DA:311,0
DA:312,0
DA:314,0
DA:320,0
DA:321,0
DA:324,0
DA:325,0
DA:326,0
DA:327,0
DA:329,0
DA:332,0
DA:333,0
DA:334,0
DA:337,0
DA:339,0
DA:340,0
DA:346,0
DA:347,0
DA:348,0
DA:350,0
DA:351,0
DA:353,0
DA:356,0
DA:357,0
DA:358,0
DA:359,0
DA:360,0
DA:362,0
DA:365,0
DA:366,0
DA:367,0
DA:368,0
DA:370,0
DA:371,0
DA:372,0
DA:377,0
DA:378,0
DA:379,0
DA:380,0
DA:382,0
DA:383,0
DA:384,0
DA:386,0
DA:387,0
DA:389,0
DA:390,0
DA:392,0
DA:393,0
DA:400,0
DA:413,0
DA:415,0
DA:418,0
DA:421,0
DA:422,0
DA:423,0
DA:424,0
DA:426,0
DA:431,0
DA:432,0
DA:441,0
DA:442,0
DA:445,0
DA:446,0
DA:448,0
DA:451,0
DA:452,0
DA:453,0
DA:456,0
DA:457,0
DA:460,0
DA:461,0
DA:462,0
DA:464,0
DA:465,0
DA:467,0
DA:468,0
DA:470,0
DA:471,0
DA:473,0
DA:474,0
DA:475,0
DA:477,0
DA:478,0
DA:481,0
DA:486,0
DA:487,0
DA:488,0
DA:489,0
DA:490,0
DA:491,0
DA:492,0
DA:494,0
DA:495,0
DA:496,0
DA:497,0
DA:500,0
DA:501,0
DA:502,0
DA:504,0
DA:505,0
DA:507,0
DA:508,0
DA:510,0
DA:512,0
DA:513,0
DA:514,0
DA:516,0
DA:517,0
DA:524,0
DA:525,0
DA:527,0
DA:528,0
DA:530,0
DA:531,0
DA:532,0
DA:534,0
DA:604,0
DA:605,0
DA:606,0
DA:607,0
DA:608,0
DA:609,0
DA:610,0
DA:612,0
DA:613,0
DA:614,0
DA:621,0
DA:622,0
DA:624,0
DA:625,0
DA:627,0
DA:628,0
DA:629,0
DA:630,0
DA:631,0
DA:632,0
DA:633,0
DA:635,0
DA:636,0
DA:637,0
DA:644,0
DA:645,0
DA:647,0
DA:648,0
DA:649,0
DA:651,0
DA:652,0
DA:653,0
DA:654,0
DA:657,0
DA:727,0
DA:730,0
DA:731,0
DA:732,0
DA:735,0
DA:736,0
DA:737,0
DA:738,0
DA:747,0
DA:748,0
DA:750,0
DA:751,0
DA:752,0
DA:754,0
DA:757,0
DA:758,0
DA:759,0
DA:762,0
DA:764,0
DA:765,0
DA:766,0
DA:768,0
DA:770,0
DA:771,0
DA:772,0
DA:774,0
DA:776,0
DA:777,0
DA:778,0
DA:780,0
DA:783,0
DA:784,0
DA:785,0
DA:787,0
DA:792,0
DA:805,0
LF:358
LH:0
BRDA:8,0,0,0
BRDA:8,0,1,0
BRDA:12,1,0,0
BRDA:12,1,1,0
BRDA:21,2,0,0
BRDA:22,3,0,0
BRDA:22,3,1,0
BRDA:24,4,0,0
BRDA:24,4,1,0
BRDA:27,5,0,0
BRDA:27,5,1,0
BRDA:29,6,0,0
BRDA:29,6,1,0
BRDA:35,7,0,0
BRDA:35,7,1,0
BRDA:36,8,0,0
BRDA:36,8,1,0
BRDA:47,9,0,0
BRDA:47,9,1,0
BRDA:50,10,0,0
BRDA:50,10,1,0
BRDA:50,11,0,0
BRDA:50,11,1,0
BRDA:53,12,0,0
BRDA:53,12,1,0
BRDA:56,13,0,0
BRDA:56,13,1,0
BRDA:64,14,0,0
BRDA:64,14,1,0
BRDA:67,15,0,0
BRDA:67,15,1,0
BRDA:70,16,0,0
BRDA:70,16,1,0
BRDA:70,17,0,0
BRDA:70,17,1,0
BRDA:80,18,0,0
BRDA:80,18,1,0
BRDA:83,19,0,0
BRDA:83,19,1,0
BRDA:84,20,0,0
BRDA:84,20,1,0
BRDA:85,21,0,0
BRDA:85,21,1,0
BRDA:86,22,0,0
BRDA:86,22,1,0
BRDA:89,23,0,0
BRDA:89,23,1,0
BRDA:90,24,0,0
BRDA:90,24,1,0
BRDA:100,25,0,0
BRDA:100,25,1,0
BRDA:100,25,2,0
BRDA:102,26,0,0
BRDA:102,26,1,0
BRDA:109,27,0,0
BRDA:109,27,1,0
BRDA:110,28,0,0
BRDA:110,28,1,0
BRDA:113,29,0,0
BRDA:113,29,1,0
BRDA:122,30,0,0
BRDA:122,30,1,0
BRDA:128,31,0,0
BRDA:128,31,1,0
BRDA:136,32,0,0
BRDA:136,32,1,0
BRDA:163,33,0,0
BRDA:163,33,1,0
BRDA:180,34,0,0
BRDA:180,34,1,0
BRDA:181,35,0,0
BRDA:181,35,1,0
BRDA:188,36,0,0
BRDA:188,36,1,0
BRDA:194,37,0,0
BRDA:194,37,1,0
BRDA:194,38,0,0
BRDA:194,38,1,0
BRDA:197,39,0,0
BRDA:197,39,1,0
BRDA:200,40,0,0
BRDA:200,40,1,0
BRDA:204,41,0,0
BRDA:204,41,1,0
BRDA:207,42,0,0
BRDA:207,42,1,0
BRDA:210,43,0,0
BRDA:210,43,1,0
BRDA:210,44,0,0
BRDA:210,44,1,0
BRDA:215,45,0,0
BRDA:215,45,1,0
BRDA:215,46,0,0
BRDA:215,46,1,0
BRDA:218,47,0,0
BRDA:218,47,1,0
BRDA:218,48,0,0
BRDA:218,48,1,0
BRDA:223,49,0,0
BRDA:223,49,1,0
BRDA:224,50,0,0
BRDA:224,50,1,0
BRDA:225,51,0,0
BRDA:225,51,1,0
BRDA:226,52,0,0
BRDA:226,52,1,0
BRDA:227,53,0,0
BRDA:227,53,1,0
BRDA:230,54,0,0
BRDA:230,54,1,0
BRDA:231,55,0,0
BRDA:231,55,1,0
BRDA:243,56,0,0
BRDA:243,56,1,0
BRDA:244,57,0,0
BRDA:244,57,1,0
BRDA:252,58,0,0
BRDA:252,58,1,0
BRDA:263,59,0,0
BRDA:263,59,1,0
BRDA:263,60,0,0
BRDA:263,60,1,0
BRDA:266,61,0,0
BRDA:266,61,1,0
BRDA:269,62,0,0
BRDA:269,62,1,0
BRDA:273,63,0,0
BRDA:273,63,1,0
BRDA:276,64,0,0
BRDA:276,64,1,0
BRDA:279,65,0,0
BRDA:279,65,1,0
BRDA:279,66,0,0
BRDA:279,66,1,0
BRDA:284,67,0,0
BRDA:284,67,1,0
BRDA:284,68,0,0
BRDA:284,68,1,0
BRDA:287,69,0,0
BRDA:287,69,1,0
BRDA:287,70,0,0
BRDA:287,70,1,0
BRDA:292,71,0,0
BRDA:292,71,1,0
BRDA:293,72,0,0
BRDA:293,72,1,0
BRDA:294,73,0,0
BRDA:294,73,1,0
BRDA:295,74,0,0
BRDA:295,74,1,0
BRDA:296,75,0,0
BRDA:296,75,1,0
BRDA:299,76,0,0
BRDA:299,76,1,0
BRDA:300,77,0,0
BRDA:300,77,1,0
BRDA:308,78,0,0
BRDA:308,78,1,0
BRDA:321,79,0,0
BRDA:321,79,1,0
BRDA:321,80,0,0
BRDA:321,80,1,0
BRDA:321,80,2,0
BRDA:325,81,0,0
BRDA:325,81,1,0
BRDA:326,82,0,0
BRDA:326,82,1,0
BRDA:333,83,0,0
BRDA:333,83,1,0
BRDA:339,84,0,0
BRDA:339,84,1,0
BRDA:339,85,0,0
BRDA:339,85,1,0
BRDA:342,86,0,0
BRDA:342,86,1,0
BRDA:346,87,0,0
BRDA:346,87,1,0
BRDA:347,88,0,0
BRDA:347,88,1,0
BRDA:353,89,0,0
BRDA:353,89,1,0
BRDA:357,90,0,0
BRDA:357,90,1,0
BRDA:365,91,0,0
BRDA:365,91,1,0
BRDA:370,92,0,0
BRDA:370,92,1,0
BRDA:372,93,0,0
BRDA:372,93,1,0
BRDA:372,93,2,0
BRDA:377,94,0,0
BRDA:377,94,1,0
BRDA:377,95,0,0
BRDA:377,95,1,0
BRDA:383,96,0,0
BRDA:383,96,1,0
BRDA:386,97,0,0
BRDA:386,97,1,0
BRDA:389,98,0,0
BRDA:389,98,1,0
BRDA:389,99,0,0
BRDA:389,99,1,0
BRDA:413,100,0,0
BRDA:413,100,1,0
BRDA:421,101,0,0
BRDA:421,101,1,0
BRDA:421,102,0,0
BRDA:421,102,1,0
BRDA:431,103,0,0
BRDA:431,103,1,0
BRDA:456,104,0,0
BRDA:456,104,1,0
BRDA:461,105,0,0
BRDA:461,105,1,0
BRDA:464,106,0,0
BRDA:464,106,1,0
BRDA:467,107,0,0
BRDA:467,107,1,0
BRDA:467,108,0,0
BRDA:467,108,1,0
BRDA:473,109,0,0
BRDA:473,109,1,0
BRDA:474,110,0,0
BRDA:474,110,1,0
BRDA:501,111,0,0
BRDA:501,111,1,0
BRDA:504,112,0,0
BRDA:504,112,1,0
BRDA:507,113,0,0
BRDA:507,113,1,0
BRDA:507,114,0,0
BRDA:507,114,1,0
BRDA:513,115,0,0
BRDA:513,115,1,0
BRDA:525,116,0,0
BRDA:525,116,1,0
BRDA:525,117,0,0
BRDA:525,117,1,0
BRDA:528,118,0,0
BRDA:528,118,1,0
BRDA:530,119,0,0
BRDA:530,119,1,0
BRDA:530,119,2,0
BRDA:622,120,0,0
BRDA:622,120,1,0
BRDA:622,121,0,0
BRDA:622,121,1,0
BRDA:625,122,0,0
BRDA:625,122,1,0
BRDA:645,123,0,0
BRDA:645,123,1,0
BRDA:647,124,0,0
BRDA:647,124,1,0
BRDA:647,124,2,0
BRDA:652,125,0,0
BRDA:652,125,1,0
BRDA:731,126,0,0
BRDA:731,126,1,0
BRDA:750,127,0,0
BRDA:750,127,1,0
BRDA:751,128,0,0
BRDA:751,128,1,0
BRDA:758,129,0,0
BRDA:758,129,1,0
BRDA:762,130,0,0
BRDA:762,130,1,0
BRDA:762,130,2,0
BRDA:765,131,0,0
BRDA:765,131,1,0
BRDA:771,132,0,0
BRDA:771,132,1,0
BRDA:777,133,0,0
BRDA:777,133,1,0
BRDA:784,134,0,0
BRDA:784,134,1,0
BRF:275
BRH:0
end_of_record
TN:
SF:js/editor-find-replace.js
FN:5,(anonymous_0)
FN:14,(anonymous_1)
FN:31,(anonymous_2)
FN:34,(anonymous_3)
FN:46,(anonymous_4)
FN:53,(anonymous_5)
FN:64,(anonymous_6)
FN:88,(anonymous_7)
FN:112,(anonymous_8)
FN:136,(anonymous_9)
FN:150,(anonymous_10)
FN:180,(anonymous_11)
FN:199,(anonymous_12)
FN:228,(anonymous_13)
FN:249,(anonymous_14)
FN:307,(anonymous_15)
FN:409,(anonymous_16)
FN:412,(anonymous_17)
FN:428,(anonymous_18)
FN:455,(anonymous_19)
FN:469,(anonymous_20)
FNF:21
FNH:0
FNDA:0,(anonymous_0)
FNDA:0,(anonymous_1)
FNDA:0,(anonymous_2)
FNDA:0,(anonymous_3)
FNDA:0,(anonymous_4)
FNDA:0,(anonymous_5)
FNDA:0,(anonymous_6)
FNDA:0,(anonymous_7)
FNDA:0,(anonymous_8)
FNDA:0,(anonymous_9)
FNDA:0,(anonymous_10)
FNDA:0,(anonymous_11)
FNDA:0,(anonymous_12)
FNDA:0,(anonymous_13)
FNDA:0,(anonymous_14)
FNDA:0,(anonymous_15)
FNDA:0,(anonymous_16)
FNDA:0,(anonymous_17)
FNDA:0,(anonymous_18)
FNDA:0,(anonymous_19)
FNDA:0,(anonymous_20)
DA:5,0
DA:8,0
DA:9,0
DA:14,0
DA:15,0
DA:16,0
DA:17,0
DA:18,0
DA:20,0
DA:21,0
DA:22,0
DA:24,0
DA:31,0
DA:32,0
DA:33,0
DA:34,0
DA:35,0
DA:36,0
DA:37,0
DA:38,0
DA:39,0
DA:46,0
DA:47,0
DA:48,0
DA:49,0
DA:50,0
DA:52,0
DA:54,0
DA:55,0
DA:59,0
DA:61,0
DA:63,0
DA:64,0
DA:65,0
DA:67,0
DA:68,0
DA:69,0
DA:70,0
DA:71,0
DA:72,0
DA:73,0
DA:74,0
DA:75,0
DA:77,0
DA:78,0
DA:79,0
DA:80,0
DA:81,0
DA:82,0
DA:84,0
DA:85,0
DA:86,0
DA:87,0
DA:88,0
DA:89,0
DA:93,0
DA:94,0
DA:95,0
DA:97,0
DA:98,0
DA:99,0
DA:100,0
DA:102,0
DA:103,0
DA:104,0
DA:105,0
DA:112,0
DA:113,0
DA:115,0
DA:116,0
DA:117,0
DA:118,0
DA:119,0
DA:120,0
DA:124,0
DA:125,0
DA:127,0
DA:128,0
DA:129,0
DA:130,0
DA:132,0
DA:134,0
DA:135,0
DA:136,0
DA:137,0
DA:138,0
DA:139,0
DA:140,0
DA:142,0
DA:143,0
DA:144,0
DA:150,0
DA:151,0
DA:152,0
DA:153,0
DA:156,0
DA:157,0
DA:158,0
DA:159,0
DA:160,0
DA:161,0
DA:162,0
DA:163,0
DA:164,0
DA:167,0
DA:168,0
DA:169,0
DA:170,0
DA:171,0
DA:172,0
DA:173,0
DA:174,0
DA:175,0
DA:180,0
DA:181,0
DA:182,0
DA:183,0
DA:184,0
DA:185,0
DA:186,0
DA:187,0
DA:188,0
DA:189,0
DA:190,0
DA:191,0
DA:199,0
DA:200,0
DA:201,0
DA:202,0
DA:203,0
DA:205,0
DA:206,0
DA:209,0
DA:210,0
DA:213,0
DA:214,0
DA:215,0
DA:218,0
DA:219,0
DA:220,0
DA:221,0
DA:222,0
DA:224,0
DA:225,0
DA:227,0
DA:228,0
DA:229,0
DA:230,0
DA:231,0
DA:232,0
DA:235,0
DA:236,0
DA:237,0
DA:238,0
DA:240,0
DA:241,0
DA:243,0
DA:249,0
DA:250,0
DA:251,0
DA:252,0
DA:253,0
DA:254,0
DA:255,0
DA:256,0
DA:257,0
DA:258,0
DA:259,0
DA:260,0
DA:261,0
DA:262,0
DA:264,0
DA:265,0
DA:268,0
DA:269,0
DA:270,0
DA:273,0
DA:274,0
DA:275,0
DA:276,0
DA:277,0
DA:278,0
DA:280,0
DA:281,0
DA:283,0
DA:284,0
DA:286,0
DA:287,0
DA:289,0
DA:290,0
DA:293,0
DA:294,0
DA:297,0
DA:298,0
DA:299,0
DA:300,0
DA:301,0
DA:307,0
DA:308,0
DA:309,0
DA:310,0
DA:311,0
DA:312,0
DA:314,0
DA:315,0
DA:316,0
DA:318,0
DA:319,0
DA:320,0
DA:321,0
DA:322,0
DA:324,0
DA:325,0
DA:326,0
DA:327,0
DA:328,0
DA:329,0
DA:330,0
DA:331,0
DA:332,0
DA:333,0
DA:335,0
DA:336,0
DA:338,0
DA:339,0
DA:340,0
DA:341,0
DA:342,0
DA:344,0
DA:345,0
DA:346,0
DA:347,0
DA:348,0
DA:349,0
DA:350,0
DA:351,0
DA:352,0
DA:354,0
DA:355,0
DA:357,0
DA:358,0
DA:359,0
DA:360,0
DA:361,0
DA:362,0
DA:364,0
DA:365,0
DA:366,0
DA:367,0
DA:368,0
DA:369,0
DA:370,0
DA:371,0
DA:372,0
DA:374,0
DA:375,0
DA:379,0
DA:380,0
DA:382,0
DA:383,0
DA:385,0
DA:386,0
DA:388,0
DA:389,0
DA:392,0
DA:393,0
DA:396,0
DA:397,0
DA:399,0
DA:400,0
DA:401,0
DA:402,0
DA:403,0
DA:409,0
DA:410,0
DA:411,0
DA:412,0
DA:413,0
DA:414,0
DA:416,0
DA:417,0
DA:419,0
DA:420,0
DA:421,0
DA:428,0
DA:429,0
DA:430,0
DA:431,0
DA:432,0
DA:433,0
DA:434,0
DA:435,0
DA:436,0
DA:437,0
DA:441,0
DA:442,0
DA:445,0
DA:446,0
DA:447,0
DA:448,0
DA:455,0
DA:456,0
DA:457,0
DA:458,0
DA:459,0
DA:460,0
DA:461,0
DA:463,0
DA:465,0
DA:466,0
DA:467,0
DA:468,0
DA:469,0
DA:471,0
DA:472,0
DA:473,0
DA:474,0
DA:478,0
DA:492,0
LF:319
LH:0
BRDA:8,0,0,0
BRDA:8,0,1,0
BRDA:15,1,0,0
BRDA:15,1,1,0
BRDA:17,2,0,0
BRDA:17,2,1,0
BRDA:17,3,0,0
BRDA:17,3,1,0
BRDA:18,4,0,0
BRDA:18,4,1,0
BRDA:21,5,0,0
BRDA:21,5,1,0
BRDA:22,6,0,0
BRDA:22,6,1,0
BRDA:32,7,0,0
BRDA:32,7,1,0
BRDA:36,8,0,0
BRDA:36,8,1,0
BRDA:48,9,0,0
BRDA:48,9,1,0
BRDA:50,10,0,0
BRDA:50,10,1,0
BRDA:50,11,0,0
BRDA:50,11,1,0
BRDA:50,11,2,0
BRDA:54,12,0,0
BRDA:54,12,1,0
BRDA:54,13,0,0
BRDA:54,13,1,0
BRDA:69,14,0,0
BRDA:69,14,1,0
BRDA:71,15,0,0
BRDA:71,15,1,0
BRDA:72,16,0,0
BRDA:72,16,1,0
BRDA:74,17,0,0
BRDA:74,17,1,0
BRDA:84,18,0,0
BRDA:84,18,1,0
BRDA:85,19,0,0
BRDA:85,19,1,0
BRDA:87,20,0,0
BRDA:87,20,1,0
BRDA:95,21,0,0
BRDA:95,21,1,0
BRDA:98,22,0,0
BRDA:98,22,1,0
BRDA:99,23,0,0
BRDA:99,23,1,0
BRDA:103,24,0,0
BRDA:103,24,1,0
BRDA:104,25,0,0
BRDA:104,25,1,0
BRDA:113,26,0,0
BRDA:113,26,1,0
BRDA:113,27,0,0
BRDA:113,27,1,0
BRDA:115,28,0,0
BRDA:115,28,1,0
BRDA:116,29,0,0
BRDA:116,29,1,0
BRDA:118,30,0,0
BRDA:118,30,1,0
BRDA:118,31,0,0
BRDA:118,31,1,0
BRDA:125,32,0,0
BRDA:125,32,1,0
BRDA:128,33,0,0
BRDA:128,33,1,0
BRDA:129,34,0,0
BRDA:129,34,1,0
BRDA:137,35,0,0
BRDA:137,35,1,0
BRDA:138,36,0,0
BRDA:138,36,1,0
BRDA:150,37,0,0
BRDA:151,38,0,0
BRDA:151,38,1,0
BRDA:151,39,0,0
BRDA:151,39,1,0
BRDA:153,40,0,0
BRDA:153,40,1,0
BRDA:156,41,0,0
BRDA:156,41,1,0
BRDA:158,42,0,0
BRDA:158,42,1,0
BRDA:162,43,0,0
BRDA:162,43,1,0
BRDA:171,44,0,0
BRDA:171,44,1,0
BRDA:171,45,0,0
BRDA:171,45,1,0
BRDA:182,46,0,0
BRDA:182,46,1,0
BRDA:183,47,0,0
BRDA:183,47,1,0
BRDA:184,48,0,0
BRDA:184,48,1,0
BRDA:184,49,0,0
BRDA:184,49,1,0
BRDA:190,50,0,0
BRDA:190,50,1,0
BRDA:199,51,0,0
BRDA:200,52,0,0
BRDA:200,52,1,0
BRDA:201,53,0,0
BRDA:201,53,1,0
BRDA:203,54,0,0
BRDA:203,54,1,0
BRDA:206,55,0,0
BRDA:206,55,1,0
BRDA:213,56,0,0
BRDA:213,56,1,0
BRDA:213,57,0,0
BRDA:213,57,1,0
BRDA:218,58,0,0
BRDA:218,58,1,0
BRDA:220,59,0,0
BRDA:220,59,1,0
BRDA:221,60,0,0
BRDA:221,60,1,0
BRDA:222,61,0,0
BRDA:222,61,1,0
BRDA:227,62,0,0
BRDA:227,62,1,0
BRDA:227,63,0,0
BRDA:227,63,1,0
BRDA:228,64,0,0
BRDA:228,64,1,0
BRDA:230,65,0,0
BRDA:230,65,1,0
BRDA:235,66,0,0
BRDA:235,66,1,0
BRDA:250,67,0,0
BRDA:250,67,1,0
BRDA:251,68,0,0
BRDA:251,68,1,0
BRDA:252,69,0,0
BRDA:252,69,1,0
BRDA:254,70,0,0
BRDA:254,70,1,0
BRDA:258,71,0,0
BRDA:258,71,1,0
BRDA:260,72,0,0
BRDA:260,72,1,0
BRDA:261,73,0,0
BRDA:261,73,1,0
BRDA:264,74,0,0
BRDA:264,74,1,0
BRDA:268,75,0,0
BRDA:268,75,1,0
BRDA:269,76,0,0
BRDA:269,76,1,0
BRDA:275,77,0,0
BRDA:275,77,1,0
BRDA:280,78,0,0
BRDA:280,78,1,0
BRDA:280,79,0,0
BRDA:280,79,1,0
BRDA:283,80,0,0
BRDA:283,80,1,0
BRDA:286,81,0,0
BRDA:286,81,1,0
BRDA:289,82,0,0
BRDA:289,82,1,0
BRDA:289,83,0,0
BRDA:289,83,1,0
BRDA:293,84,0,0
BRDA:293,84,1,0
BRDA:293,85,0,0
BRDA:293,85,1,0
BRDA:298,86,0,0
BRDA:298,86,1,0
BRDA:300,87,0,0
BRDA:300,87,1,0
BRDA:308,88,0,0
BRDA:308,88,1,0
BRDA:309,89,0,0
BRDA:309,89,1,0
BRDA:310,90,0,0
BRDA:310,90,1,0
BRDA:312,91,0,0
BRDA:312,91,1,0
BRDA:318,92,0,0
BRDA:318,92,1,0
BRDA:326,93,0,0
BRDA:326,93,1,0
BRDA:327,94,0,0
BRDA:327,94,1,0
BRDA:338,95,0,0
BRDA:338,95,1,0
BRDA:345,96,0,0
BRDA:345,96,1,0
BRDA:346,97,0,0
BRDA:346,97,1,0
BRDA:357,98,0,0
BRDA:357,98,1,0
BRDA:379,99,0,0
BRDA:379,99,1,0
BRDA:379,100,0,0
BRDA:379,100,1,0
BRDA:382,101,0,0
BRDA:382,101,1,0
BRDA:385,102,0,0
BRDA:385,102,1,0
BRDA:388,103,0,0
BRDA:388,103,1,0
BRDA:388,104,0,0
BRDA:388,104,1,0
BRDA:392,105,0,0
BRDA:392,105,1,0
BRDA:392,106,0,0
BRDA:392,106,1,0
BRDA:396,107,0,0
BRDA:396,107,1,0
BRDA:400,108,0,0
BRDA:400,108,1,0
BRDA:402,109,0,0
BRDA:402,109,1,0
BRDA:410,110,0,0
BRDA:410,110,1,0
BRDA:410,111,0,0
BRDA:410,111,1,0
BRDA:419,112,0,0
BRDA:419,112,1,0
BRDA:428,113,0,0
BRDA:429,114,0,0
BRDA:429,114,1,0
BRDA:432,115,0,0
BRDA:432,115,1,0
BRDA:433,116,0,0
BRDA:433,116,1,0
BRDA:434,117,0,0
BRDA:434,117,1,0
BRDA:435,118,0,0
BRDA:435,118,1,0
BRDA:441,119,0,0
BRDA:441,119,1,0
BRDA:441,120,0,0
BRDA:441,120,1,0
BRDA:445,121,0,0
BRDA:445,121,1,0
BRDA:446,122,0,0
BRDA:446,122,1,0
BRDA:456,123,0,0
BRDA:456,123,1,0
BRDA:456,124,0,0
BRDA:456,124,1,0
BRDA:457,125,0,0
BRDA:457,125,1,0
BRDA:458,126,0,0
BRDA:458,126,1,0
BRDA:459,127,0,0
BRDA:459,127,1,0
BRDA:460,128,0,0
BRDA:460,128,1,0
BRDA:468,129,0,0
BRDA:468,129,1,0
BRDA:468,130,0,0
BRDA:468,130,1,0
BRDA:469,131,0,0
BRDA:469,131,1,0
BRDA:472,132,0,0
BRDA:472,132,1,0
BRDA:473,133,0,0
BRDA:473,133,1,0
BRDA:473,134,0,0
BRDA:473,134,1,0
BRDA:474,135,0,0
BRDA:474,135,1,0
BRF:270
BRH:0
end_of_record
TN:
SF:js/editor-formatting.js
FN:5,(anonymous_0)
FN:14,(anonymous_1)
FN:63,(anonymous_2)
FN:67,(anonymous_3)
FN:71,(anonymous_4)
FN:100,(anonymous_5)
FN:180,(anonymous_6)
FN:181,(anonymous_7)
FN:208,(anonymous_8)
FN:209,(anonymous_9)
FN:236,(anonymous_10)
FN:237,(anonymous_11)
FN:264,(anonymous_12)
FN:265,(anonymous_13)
FN:361,(anonymous_14)
FN:484,(anonymous_15)
FN:614,(anonymous_16)
FN:669,(anonymous_17)
FN:673,(anonymous_18)
FN:677,(anonymous_19)
FN:729,(anonymous_20)
FN:793,(anonymous_21)
FN:855,(anonymous_22)
FN:859,(anonymous_23)
FN:863,(anonymous_24)
FN:887,(anonymous_25)
FN:938,(anonymous_26)
FN:992,(anonymous_27)
FN:996,(anonymous_28)
FN:1000,(anonymous_29)
FN:1024,(anonymous_30)
FN:1062,(anonymous_31)
FN:1123,(anonymous_32)
FN:1185,(anonymous_33)
FN:1189,(anonymous_34)
FN:1193,(anonymous_35)
FN:1216,(anonymous_36)
FN:1225,(anonymous_37)
FN:1259,(anonymous_38)
FN:1313,(anonymous_39)
FN:1375,(anonymous_40)
FN:1379,(anonymous_41)
FN:1383,(anonymous_42)
FN:1407,(anonymous_43)
FN:1434,(anonymous_44)
FN:1443,(anonymous_45)
FN:1538,(anonymous_46)
FN:1542,(anonymous_47)
FN:1546,(anonymous_48)
FN:1567,(anonymous_49)
FN:1575,(anonymous_50)
FN:1648,(anonymous_51)
FN:1768,(anonymous_52)
FN:1770,(anonymous_53)
FN:1781,(anonymous_54)
FN:1908,(anonymous_55)
FN:1933,(anonymous_56)
FN:2045,(anonymous_57)
FN:2049,(anonymous_58)
FN:2053,(anonymous_59)
FN:2074,(anonymous_60)
FNF:61
FNH:0
FNDA:0,(anonymous_0)
FNDA:0,(anonymous_1)
FNDA:0,(anonymous_2)
FNDA:0,(anonymous_3)
FNDA:0,(anonymous_4)
FNDA:0,(anonymous_5)
FNDA:0,(anonymous_6)
FNDA:0,(anonymous_7)
FNDA:0,(anonymous_8)
FNDA:0,(anonymous_9)
FNDA:0,(anonymous_10)
FNDA:0,(anonymous_11)
FNDA:0,(anonymous_12)
FNDA:0,(anonymous_13)
FNDA:0,(anonymous_14)
FNDA:0,(anonymous_15)
FNDA:0,(anonymous_16)
FNDA:0,(anonymous_17)
FNDA:0,(anonymous_18)
FNDA:0,(anonymous_19)
FNDA:0,(anonymous_20)
FNDA:0,(anonymous_21)
FNDA:0,(anonymous_22)
FNDA:0,(anonymous_23)
FNDA:0,(anonymous_24)
FNDA:0,(anonymous_25)
FNDA:0,(anonymous_26)
FNDA:0,(anonymous_27)
FNDA:0,(anonymous_28)
FNDA:0,(anonymous_29)
FNDA:0,(anonymous_30)
FNDA:0,(anonymous_31)
FNDA:0,(anonymous_32)
FNDA:0,(anonymous_33)
FNDA:0,(anonymous_34)
FNDA:0,(anonymous_35)
FNDA:0,(anonymous_36)
FNDA:0,(anonymous_37)
FNDA:0,(anonymous_38)
FNDA:0,(anonymous_39)
FNDA:0,(anonymous_40)
FNDA:0,(anonymous_41)
FNDA:0,(anonymous_42)
FNDA:0,(anonymous_43)
FNDA:0,(anonymous_44)
FNDA:0,(anonymous_45)
FNDA:0,(anonymous_46)
FNDA:0,(anonymous_47)
FNDA:0,(anonymous_48)
FNDA:0,(anonymous_49)
FNDA:0,(anonymous_50)
FNDA:0,(anonymous_51)
FNDA:0,(anonymous_52)
FNDA:0,(anonymous_53)
FNDA:0,(anonymous_54)
FNDA:0,(anonymous_55)
FNDA:0,(anonymous_56)
FNDA:0,(anonymous_57)
FNDA:0,(anonymous_58)
FNDA:0,(anonymous_59)
FNDA:0,(anonymous_60)
DA:5,0
DA:8,0
DA:9,0
DA:14,0
DA:15,0
DA:18,0
DA:19,0
DA:20,0
DA:23,0
DA:24,0
DA:27,0
DA:28,0
DA:29,0
DA:32,0
DA:35,0
DA:36,0
DA:41,0
DA:42,0
DA:43,0
DA:45,0
DA:46,0
DA:47,0
DA:51,0
DA:52,0
DA:56,0
DA:59,0
DA:60,0
DA:63,0
DA:64,0
DA:65,0
DA:67,0
DA:68,0
DA:69,0
DA:71,0
DA:72,0
DA:73,0
DA:78,0
DA:79,0
DA:81,0
DA:82,0
DA:84,0
DA:85,0
DA:87,0
DA:88,0
DA:92,0
DA:93,0
DA:100,0
DA:101,0
DA:103,0
DA:104,0
DA:106,0
DA:129,0
DA:130,0
DA:132,0
DA:133,0
DA:135,0
DA:141,0
DA:142,0
DA:144,0
DA:145,0
DA:146,0
DA:147,0
DA:148,0
DA:151,0
DA:153,0
DA:154,0
DA:155,0
DA:162,0
DA:163,0
DA:164,0
DA:166,0
DA:167,0
DA:169,0
DA:170,0
DA:171,0
DA:172,0
DA:173,0
DA:174,0
DA:175,0
DA:179,0
DA:180,0
DA:181,0
DA:182,0
DA:183,0
DA:186,0
DA:190,0
DA:191,0
DA:192,0
DA:194,0
DA:195,0
DA:197,0
DA:198,0
DA:199,0
DA:200,0
DA:201,0
DA:202,0
DA:203,0
DA:207,0
DA:208,0
DA:209,0
DA:210,0
DA:211,0
DA:214,0
DA:218,0
DA:219,0
DA:220,0
DA:222,0
DA:223,0
DA:225,0
DA:226,0
DA:227,0
DA:228,0
DA:229,0
DA:230,0
DA:231,0
DA:235,0
DA:236,0
DA:237,0
DA:238,0
DA:239,0
DA:242,0
DA:246,0
DA:247,0
DA:248,0
DA:250,0
DA:251,0
DA:253,0
DA:254,0
DA:255,0
DA:256,0
DA:257,0
DA:258,0
DA:259,0
DA:263,0
DA:264,0
DA:265,0
DA:266,0
DA:267,0
DA:270,0
DA:274,0
DA:275,0
DA:278,0
DA:279,0
DA:283,0
DA:284,0
DA:287,0
DA:288,0
DA:289,0
DA:290,0
DA:291,0
DA:292,0
DA:293,0
DA:294,0
DA:295,0
DA:296,0
DA:297,0
DA:298,0
DA:302,0
DA:303,0
DA:304,0
DA:305,0
DA:306,0
DA:307,0
DA:311,0
DA:312,0
DA:313,0
DA:314,0
DA:315,0
DA:318,0
DA:319,0
DA:320,0
DA:321,0
DA:323,0
DA:324,0
DA:325,0
DA:326,0
DA:327,0
DA:328,0
DA:330,0
DA:331,0
DA:332,0
DA:333,0
DA:334,0
DA:339,0
DA:340,0
DA:342,0
DA:343,0
DA:344,0
DA:347,0
DA:350,0
DA:351,0
DA:355,0
DA:361,0
DA:362,0
DA:364,0
DA:367,0
DA:368,0
DA:369,0
DA:370,0
DA:371,0
DA:373,0
DA:374,0
DA:375,0
DA:377,0
DA:378,0
DA:379,0
DA:381,0
DA:382,0
DA:383,0
DA:385,0
DA:386,0
DA:387,0
DA:389,0
DA:390,0
DA:391,0
DA:395,0
DA:396,0
DA:397,0
DA:398,0
DA:402,0
DA:403,0
DA:404,0
DA:405,0
DA:409,0
DA:410,0
DA:411,0
DA:412,0
DA:413,0
DA:414,0
DA:416,0
DA:417,0
DA:418,0
DA:420,0
DA:421,0
DA:422,0
DA:424,0
DA:425,0
DA:426,0
DA:428,0
DA:429,0
DA:430,0
DA:432,0
DA:433,0
DA:434,0
DA:436,0
DA:437,0
DA:438,0
DA:442,0
DA:443,0
DA:444,0
DA:446,0
DA:447,0
DA:448,0
DA:450,0
DA:451,0
DA:452,0
DA:454,0
DA:455,0
DA:456,0
DA:460,0
DA:461,0
DA:462,0
DA:463,0
DA:467,0
DA:468,0
DA:469,0
DA:470,0
DA:474,0
DA:475,0
DA:476,0
DA:477,0
DA:484,0
DA:485,0
DA:486,0
DA:489,0
DA:496,0
DA:499,0
DA:500,0
DA:502,0
DA:505,0
DA:509,0
DA:511,0
DA:512,0
DA:513,0
DA:515,0
DA:516,0
DA:517,0
DA:518,0
DA:519,0
DA:520,0
DA:521,0
DA:522,0
DA:523,0
DA:524,0
DA:525,0
DA:528,0
DA:529,0
DA:530,0
DA:534,0
DA:538,0
DA:540,0
DA:541,0
DA:542,0
DA:545,0
DA:547,0
DA:548,0
DA:551,0
DA:552,0
DA:553,0
DA:556,0
DA:557,0
DA:561,0
DA:562,0
DA:563,0
DA:566,0
DA:567,0
DA:568,0
DA:571,0
DA:572,0
DA:573,0
DA:575,0
DA:578,0
DA:579,0
DA:584,0
DA:585,0
DA:588,0
DA:589,0
DA:590,0
DA:591,0
DA:594,0
DA:595,0
DA:598,0
DA:601,0
DA:602,0
DA:604,0
DA:605,0
DA:610,0
DA:611,0
DA:614,0
DA:615,0
DA:617,0
DA:619,0
DA:620,0
DA:622,0
DA:625,0
DA:629,0
DA:630,0
DA:633,0
DA:634,0
DA:638,0
DA:639,0
DA:640,0
DA:642,0
DA:645,0
DA:646,0
DA:649,0
DA:650,0
DA:653,0
DA:656,0
DA:657,0
DA:659,0
DA:660,0
DA:664,0
DA:666,0
DA:667,0
DA:669,0
DA:670,0
DA:671,0
DA:673,0
DA:674,0
DA:675,0
DA:677,0
DA:678,0
DA:679,0
DA:684,0
DA:685,0
DA:687,0
DA:688,0
DA:690,0
DA:691,0
DA:693,0
DA:694,0
DA:698,0
DA:699,0
DA:702,0
DA:703,0
DA:706,0
DA:711,0
DA:712,0
DA:714,0
DA:716,0
DA:719,0
DA:729,0
DA:730,0
DA:733,0
DA:734,0
DA:735,0
DA:737,0
DA:738,0
DA:739,0
DA:740,0
DA:741,0
DA:743,0
DA:744,0
DA:745,0
DA:746,0
DA:747,0
DA:749,0
DA:750,0
DA:751,0
DA:752,0
DA:753,0
DA:754,0
DA:755,0
DA:757,0
DA:758,0
DA:759,0
DA:760,0
DA:761,0
DA:764,0
DA:766,0
DA:767,0
DA:768,0
DA:769,0
DA:771,0
DA:772,0
DA:774,0
DA:775,0
DA:776,0
DA:778,0
DA:779,0
DA:780,0
DA:782,0
DA:784,0
DA:788,0
DA:789,0
DA:790,0
DA:791,0
DA:793,0
DA:794,0
DA:795,0
DA:796,0
DA:798,0
DA:799,0
DA:801,0
DA:802,0
DA:803,0
DA:804,0
DA:807,0
DA:808,0
DA:809,0
DA:810,0
DA:811,0
DA:812,0
DA:816,0
DA:817,0
DA:818,0
DA:819,0
DA:820,0
DA:821,0
DA:825,0
DA:826,0
DA:829,0
DA:830,0
DA:832,0
DA:833,0
DA:836,0
DA:839,0
DA:840,0
DA:843,0
DA:844,0
DA:848,0
DA:851,0
DA:852,0
DA:855,0
DA:856,0
DA:857,0
DA:859,0
DA:860,0
DA:861,0
DA:863,0
DA:864,0
DA:865,0
DA:870,0
DA:871,0
DA:873,0
DA:874,0
DA:876,0
DA:877,0
DA:879,0
DA:880,0
DA:887,0
DA:888,0
DA:891,0
DA:892,0
DA:893,0
DA:895,0
DA:896,0
DA:897,0
DA:898,0
DA:899,0
DA:901,0
DA:902,0
DA:903,0
DA:904,0
DA:905,0
DA:906,0
DA:909,0
DA:910,0
DA:911,0
DA:912,0
DA:913,0
DA:918,0
DA:919,0
DA:920,0
DA:922,0
DA:923,0
DA:925,0
DA:927,0
DA:930,0
DA:934,0
DA:935,0
DA:936,0
DA:938,0
DA:939,0
DA:940,0
DA:941,0
DA:944,0
DA:945,0
DA:946,0
DA:947,0
DA:948,0
DA:949,0
DA:953,0
DA:954,0
DA:955,0
DA:956,0
DA:957,0
DA:958,0
DA:962,0
DA:963,0
DA:966,0
DA:967,0
DA:969,0
DA:970,0
DA:973,0
DA:976,0
DA:977,0
DA:980,0
DA:981,0
DA:985,0
DA:988,0
DA:989,0
DA:992,0
DA:993,0
DA:994,0
DA:996,0
DA:997,0
DA:998,0
DA:1000,0
DA:1001,0
DA:1002,0
DA:1007,0
DA:1008,0
DA:1010,0
DA:1011,0
DA:1013,0
DA:1014,0
DA:1016,0
DA:1017,0
DA:1024,0
DA:1025,0
DA:1028,0
DA:1029,0
DA:1030,0
DA:1032,0
DA:1033,0
DA:1034,0
DA:1035,0
DA:1036,0
DA:1039,0
DA:1042,0
DA:1044,0
DA:1045,0
DA:1047,0
DA:1049,0
DA:1050,0
DA:1053,0
DA:1054,0
DA:1056,0
DA:1057,0
DA:1062,0
DA:1063,0
DA:1064,0
DA:1065,0
DA:1067,0
DA:1070,0
DA:1071,0
DA:1072,0
DA:1073,0
DA:1074,0
DA:1075,0
DA:1079,0
DA:1080,0
DA:1081,0
DA:1082,0
DA:1083,0
DA:1085,0
DA:1086,0
DA:1087,0
DA:1088,0
DA:1089,0
DA:1090,0
DA:1091,0
DA:1093,0
DA:1094,0
DA:1095,0
DA:1096,0
DA:1098,0
DA:1099,0
DA:1101,0
DA:1102,0
DA:1103,0
DA:1104,0
DA:1105,0
DA:1106,0
DA:1109,0
DA:1110,0
DA:1111,0
DA:1113,0
DA:1114,0
DA:1118,0
DA:1119,0
DA:1120,0
DA:1121,0
DA:1123,0
DA:1124,0
DA:1125,0
DA:1126,0
DA:1128,0
DA:1129,0
DA:1131,0
DA:1132,0
DA:1133,0
DA:1134,0
DA:1137,0
DA:1138,0
DA:1139,0
DA:1140,0
DA:1141,0
DA:1142,0
DA:1146,0
DA:1147,0
DA:1148,0
DA:1149,0
DA:1150,0
DA:1151,0
DA:1155,0
DA:1156,0
DA:1159,0
DA:1160,0
DA:1162,0
DA:1163,0
DA:1166,0
DA:1169,0
DA:1170,0
DA:1173,0
DA:1174,0
DA:1178,0
DA:1181,0
DA:1182,0
DA:1185,0
DA:1186,0
DA:1187,0
DA:1189,0
DA:1190,0
DA:1191,0
DA:1193,0
DA:1194,0
DA:1195,0
DA:1200,0
DA:1201,0
DA:1203,0
DA:1204,0
DA:1206,0
DA:1207,0
DA:1209,0
DA:1210,0
DA:1214,0
DA:1216,0
DA:1217,0
DA:1225,0
DA:1226,0
DA:1229,0
DA:1230,0
DA:1231,0
DA:1233,0
DA:1234,0
DA:1235,0
DA:1236,0
DA:1237,0
DA:1240,0
DA:1242,0
DA:1244,0
DA:1245,0
DA:1247,0
DA:1249,0
DA:1250,0
DA:1251,0
DA:1253,0
DA:1254,0
DA:1259,0
DA:1260,0
DA:1261,0
DA:1264,0
DA:1265,0
DA:1266,0
DA:1267,0
DA:1268,0
DA:1269,0
DA:1273,0
DA:1274,0
DA:1275,0
DA:1276,0
DA:1277,0
DA:1279,0
DA:1280,0
DA:1281,0
DA:1282,0
DA:1283,0
DA:1284,0
DA:1285,0
DA:1287,0
DA:1288,0
DA:1289,0
DA:1290,0
DA:1292,0
DA:1294,0
DA:1295,0
DA:1296,0
DA:1299,0
DA:1300,0
DA:1301,0
DA:1303,0
DA:1304,0
DA:1308,0
DA:1309,0
DA:1310,0
DA:1311,0
DA:1313,0
DA:1314,0
DA:1315,0
DA:1316,0
DA:1318,0
DA:1319,0
DA:1321,0
DA:1322,0
DA:1323,0
DA:1324,0
DA:1327,0
DA:1328,0
DA:1329,0
DA:1330,0
DA:1331,0
DA:1332,0
DA:1336,0
DA:1337,0
DA:1338,0
DA:1339,0
DA:1340,0
DA:1341,0
DA:1345,0
DA:1346,0
DA:1349,0
DA:1350,0
DA:1352,0
DA:1353,0
DA:1356,0
DA:1359,0
DA:1360,0
DA:1363,0
DA:1364,0
DA:1368,0
DA:1371,0
DA:1372,0
DA:1375,0
DA:1376,0
DA:1377,0
DA:1379,0
DA:1380,0
DA:1381,0
DA:1383,0
DA:1384,0
DA:1385,0
DA:1390,0
DA:1391,0
DA:1393,0
DA:1394,0
DA:1396,0
DA:1397,0
DA:1399,0
DA:1400,0
DA:1407,0
DA:1408,0
DA:1411,0
DA:1412,0
DA:1414,0
DA:1415,0
DA:1416,0
DA:1417,0
DA:1418,0
DA:1419,0
DA:1420,0
DA:1421,0
DA:1422,0
DA:1423,0
DA:1424,0
DA:1425,0
DA:1427,0
DA:1428,0
DA:1430,0
DA:1434,0
DA:1435,0
DA:1436,0
DA:1443,0
DA:1444,0
DA:1447,0
DA:1448,0
DA:1449,0
DA:1451,0
DA:1452,0
DA:1453,0
DA:1454,0
DA:1455,0
DA:1457,0
DA:1458,0
DA:1459,0
DA:1460,0
DA:1461,0
DA:1462,0
DA:1464,0
DA:1465,0
DA:1466,0
DA:1468,0
DA:1470,0
DA:1471,0
DA:1473,0
DA:1474,0
DA:1478,0
DA:1479,0
DA:1480,0
DA:1482,0
DA:1483,0
DA:1484,0
DA:1485,0
DA:1487,0
DA:1488,0
DA:1489,0
DA:1493,0
DA:1494,0
DA:1495,0
DA:1496,0
DA:1497,0
DA:1498,0
DA:1499,0
DA:1503,0
DA:1504,0
DA:1507,0
DA:1508,0
DA:1510,0
DA:1511,0
DA:1515,0
DA:1516,0
DA:1519,0
DA:1522,0
DA:1523,0
DA:1526,0
DA:1527,0
DA:1531,0
DA:1534,0
DA:1535,0
DA:1538,0
DA:1539,0
DA:1540,0
DA:1542,0
DA:1543,0
DA:1544,0
DA:1546,0
DA:1547,0
DA:1548,0
DA:1553,0
DA:1554,0
DA:1556,0
DA:1557,0
DA:1559,0
DA:1560,0
DA:1562,0
DA:1563,0
DA:1567,0
DA:1568,0
DA:1575,0
DA:1576,0
DA:1578,0
DA:1579,0
DA:1580,0
DA:1581,0
DA:1584,0
DA:1585,0
DA:1587,0
DA:1590,0
DA:1591,0
DA:1594,0
DA:1595,0
DA:1596,0
DA:1597,0
DA:1598,0
DA:1600,0
DA:1604,0
DA:1605,0
DA:1606,0
DA:1607,0
DA:1608,0
DA:1610,0
DA:1614,0
DA:1615,0
DA:1616,0
DA:1617,0
DA:1618,0
DA:1619,0
DA:1620,0
DA:1624,0
DA:1625,0
DA:1627,0
DA:1628,0
DA:1630,0
DA:1631,0
DA:1633,0
DA:1634,0
DA:1636,0
DA:1637,0
DA:1648,0
DA:1649,0
DA:1651,0
DA:1652,0
DA:1653,0
DA:1657,0
DA:1658,0
DA:1660,0
DA:1661,0
DA:1664,0
DA:1666,0
DA:1668,0
DA:1669,0
DA:1670,0
DA:1671,0
DA:1674,0
DA:1677,0
DA:1682,0
DA:1684,0
DA:1685,0
DA:1686,0
DA:1693,0
DA:1694,0
DA:1697,0
DA:1698,0
DA:1701,0
DA:1702,0
DA:1705,0
DA:1707,0
DA:1709,0
DA:1710,0
DA:1711,0
DA:1720,0
DA:1722,0
DA:1723,0
DA:1727,0
DA:1733,0
DA:1736,0
DA:1737,0
DA:1738,0
DA:1742,0
DA:1745,0
DA:1746,0
DA:1747,0
DA:1750,0
DA:1753,0
DA:1754,0
DA:1755,0
DA:1760,0
DA:1761,0
DA:1762,0
DA:1767,0
DA:1768,0
DA:1769,0
DA:1770,0
DA:1771,0
DA:1781,0
DA:1782,0
DA:1784,0
DA:1787,0
DA:1789,0
DA:1790,0
DA:1791,0
DA:1794,0
DA:1795,0
DA:1799,0
DA:1800,0
DA:1801,0
DA:1803,0
DA:1804,0
DA:1807,0
DA:1808,0
DA:1809,0
DA:1810,0
DA:1811,0
DA:1812,0
DA:1816,0
DA:1817,0
DA:1819,0
DA:1821,0
DA:1822,0
DA:1825,0
DA:1827,0
DA:1828,0
DA:1830,0
DA:1831,0
DA:1834,0
DA:1835,0
DA:1837,0
DA:1838,0
DA:1840,0
DA:1841,0
DA:1843,0
DA:1844,0
DA:1847,0
DA:1852,0
DA:1853,0
DA:1855,0
DA:1856,0
DA:1857,0
DA:1858,0
DA:1863,0
DA:1864,0
DA:1865,0
DA:1866,0
DA:1867,0
DA:1869,0
DA:1873,0
DA:1874,0
DA:1876,0
DA:1877,0
DA:1881,0
DA:1882,0
DA:1883,0
DA:1884,0
DA:1885,0
DA:1886,0
DA:1888,0
DA:1889,0
DA:1892,0
DA:1893,0
DA:1897,0
DA:1898,0
DA:1899,0
DA:1900,0
DA:1902,0
DA:1904,0
DA:1907,0
DA:1908,0
DA:1909,0
DA:1914,0
DA:1915,0
DA:1917,0
DA:1918,0
DA:1920,0
DA:1921,0
DA:1923,0
DA:1924,0
DA:1927,0
DA:1933,0
DA:1934,0
DA:1937,0
DA:1938,0
DA:1939,0
DA:1941,0
DA:1942,0
DA:1943,0
DA:1944,0
DA:1945,0
DA:1947,0
DA:1948,0
DA:1949,0
DA:1950,0
DA:1951,0
DA:1952,0
DA:1954,0
DA:1955,0
DA:1956,0
DA:1958,0
DA:1960,0
DA:1961,0
DA:1962,0
DA:1964,0
DA:1965,0
DA:1966,0
DA:1967,0
DA:1968,0
DA:1969,0
DA:1974,0
DA:1975,0
DA:1976,0
DA:1978,0
DA:1979,0
DA:1980,0
DA:1981,0
DA:1983,0
DA:1984,0
DA:1986,0
DA:1987,0
DA:1989,0
DA:1991,0
DA:1995,0
DA:1996,0
DA:1997,0
DA:1998,0
DA:1999,0
DA:2000,0
DA:2001,0
DA:2002,0
DA:2004,0
DA:2006,0
DA:2010,0
DA:2011,0
DA:2014,0
DA:2015,0
DA:2017,0
DA:2018,0
DA:2022,0
DA:2023,0
DA:2026,0
DA:2029,0
DA:2030,0
DA:2033,0
DA:2034,0
DA:2038,0
DA:2041,0
DA:2042,0
DA:2045,0
DA:2046,0
DA:2047,0
DA:2049,0
DA:2050,0
DA:2051,0
DA:2053,0
DA:2054,0
DA:2055,0
DA:2060,0
DA:2061,0
DA:2063,0
DA:2064,0
DA:2066,0
DA:2067,0
DA:2069,0
DA:2070,0
DA:2074,0
DA:2075,0
DA:2080,0
DA:2098,0
LF:1168
LH:0
BRDA:8,0,0,0
BRDA:8,0,1,0
BRDA:15,1,0,0
BRDA:15,1,1,0
BRDA:23,2,0,0
BRDA:23,2,1,0
BRDA:23,3,0,0
BRDA:23,3,1,0
BRDA:41,4,0,0
BRDA:41,4,1,0
BRDA:41,5,0,0
BRDA:41,5,1,0
BRDA:45,6,0,0
BRDA:45,6,1,0
BRDA:51,7,0,0
BRDA:51,7,1,0
BRDA:78,8,0,0
BRDA:78,8,1,0
BRDA:78,9,0,0
BRDA:78,9,1,0
BRDA:81,10,0,0
BRDA:81,10,1,0
BRDA:84,11,0,0
BRDA:84,11,1,0
BRDA:87,12,0,0
BRDA:87,12,1,0
BRDA:87,13,0,0
BRDA:87,13,1,0
BRDA:92,14,0,0
BRDA:92,14,1,0
BRDA:92,15,0,0
BRDA:92,15,1,0
BRDA:101,16,0,0
BRDA:101,16,1,0
BRDA:129,17,0,0
BRDA:129,17,1,0
BRDA:135,18,0,0
BRDA:135,18,1,0
BRDA:135,18,2,0
BRDA:135,18,3,0
BRDA:135,18,4,0
BRDA:135,18,5,0
BRDA:151,19,0,0
BRDA:151,19,1,0
BRDA:151,20,0,0
BRDA:151,20,1,0
BRDA:153,21,0,0
BRDA:153,21,1,0
BRDA:153,22,0,0
BRDA:153,22,1,0
BRDA:153,22,2,0
BRDA:162,23,0,0
BRDA:162,23,1,0
BRDA:167,24,0,0
BRDA:167,24,1,0
BRDA:173,25,0,0
BRDA:173,25,1,0
BRDA:173,26,0,0
BRDA:173,26,1,0
BRDA:186,27,0,0
BRDA:186,27,1,0
BRDA:186,27,2,0
BRDA:190,28,0,0
BRDA:190,28,1,0
BRDA:195,29,0,0
BRDA:195,29,1,0
BRDA:201,30,0,0
BRDA:201,30,1,0
BRDA:201,31,0,0
BRDA:201,31,1,0
BRDA:214,32,0,0
BRDA:214,32,1,0
BRDA:214,32,2,0
BRDA:218,33,0,0
BRDA:218,33,1,0
BRDA:223,34,0,0
BRDA:223,34,1,0
BRDA:229,35,0,0
BRDA:229,35,1,0
BRDA:229,36,0,0
BRDA:229,36,1,0
BRDA:242,37,0,0
BRDA:242,37,1,0
BRDA:242,37,2,0
BRDA:246,38,0,0
BRDA:246,38,1,0
BRDA:251,39,0,0
BRDA:251,39,1,0
BRDA:257,40,0,0
BRDA:257,40,1,0
BRDA:257,41,0,0
BRDA:257,41,1,0
BRDA:270,42,0,0
BRDA:270,42,1,0
BRDA:270,42,2,0
BRDA:275,43,0,0
BRDA:275,43,1,0
BRDA:278,44,0,0
BRDA:278,44,1,0
BRDA:283,45,0,0
BRDA:283,45,1,0
BRDA:287,46,0,0
BRDA:287,46,1,0
BRDA:289,47,0,0
BRDA:289,47,1,0
BRDA:291,48,0,0
BRDA:291,48,1,0
BRDA:293,49,0,0
BRDA:293,49,1,0
BRDA:295,50,0,0
BRDA:295,50,1,0
BRDA:297,51,0,0
BRDA:297,51,1,0
BRDA:302,52,0,0
BRDA:302,52,1,0
BRDA:304,53,0,0
BRDA:304,53,1,0
BRDA:306,54,0,0
BRDA:306,54,1,0
BRDA:313,55,0,0
BRDA:313,55,1,0
BRDA:314,56,0,0
BRDA:314,56,1,0
BRDA:320,57,0,0
BRDA:320,57,1,0
BRDA:321,58,0,0
BRDA:321,58,1,0
BRDA:321,59,0,0
BRDA:321,59,1,0
BRDA:325,60,0,0
BRDA:325,60,1,0
BRDA:326,61,0,0
BRDA:326,61,1,0
BRDA:327,62,0,0
BRDA:327,62,1,0
BRDA:328,63,0,0
BRDA:328,63,1,0
BRDA:330,64,0,0
BRDA:330,64,1,0
BRDA:331,65,0,0
BRDA:331,65,1,0
BRDA:333,66,0,0
BRDA:333,66,1,0
BRDA:333,67,0,0
BRDA:333,67,1,0
BRDA:333,67,2,0
BRDA:333,67,3,0
BRDA:333,67,4,0
BRDA:347,68,0,0
BRDA:347,68,1,0
BRDA:347,69,0,0
BRDA:347,69,1,0
BRDA:347,69,2,0
BRDA:347,69,3,0
BRDA:347,69,4,0
BRDA:347,69,5,0
BRDA:362,70,0,0
BRDA:362,70,1,0
BRDA:373,71,0,0
BRDA:373,71,1,0
BRDA:377,72,0,0
BRDA:377,72,1,0
BRDA:381,73,0,0
BRDA:381,73,1,0
BRDA:385,74,0,0
BRDA:385,74,1,0
BRDA:389,75,0,0
BRDA:389,75,1,0
BRDA:396,76,0,0
BRDA:396,76,1,0
BRDA:403,77,0,0
BRDA:403,77,1,0
BRDA:416,78,0,0
BRDA:416,78,1,0
BRDA:420,79,0,0
BRDA:420,79,1,0
BRDA:424,80,0,0
BRDA:424,80,1,0
BRDA:428,81,0,0
BRDA:428,81,1,0
BRDA:432,82,0,0
BRDA:432,82,1,0
BRDA:436,83,0,0
BRDA:436,83,1,0
BRDA:446,84,0,0
BRDA:446,84,1,0
BRDA:450,85,0,0
BRDA:450,85,1,0
BRDA:454,86,0,0
BRDA:454,86,1,0
BRDA:461,87,0,0
BRDA:461,87,1,0
BRDA:468,88,0,0
BRDA:468,88,1,0
BRDA:475,89,0,0
BRDA:475,89,1,0
BRDA:484,90,0,0
BRDA:500,91,0,0
BRDA:500,91,1,0
BRDA:502,92,0,0
BRDA:502,92,1,0
BRDA:509,93,0,0
BRDA:509,93,1,0
BRDA:513,94,0,0
BRDA:513,94,1,0
BRDA:517,95,0,0
BRDA:517,95,1,0
BRDA:520,96,0,0
BRDA:520,96,1,0
BRDA:523,97,0,0
BRDA:523,97,1,0
BRDA:528,98,0,0
BRDA:528,98,1,0
BRDA:530,99,0,0
BRDA:530,99,1,0
BRDA:545,100,0,0
BRDA:545,100,1,0
BRDA:545,101,0,0
BRDA:545,101,1,0
BRDA:556,102,0,0
BRDA:556,102,1,0
BRDA:556,103,0,0
BRDA:556,103,1,0
BRDA:561,104,0,0
BRDA:561,104,1,0
BRDA:566,105,0,0
BRDA:566,105,1,0
BRDA:594,106,0,0
BRDA:594,106,1,0
BRDA:610,107,0,0
BRDA:610,107,1,0
BRDA:611,108,0,0
BRDA:611,108,1,0
BRDA:617,109,0,0
BRDA:617,109,1,0
BRDA:620,110,0,0
BRDA:620,110,1,0
BRDA:633,111,0,0
BRDA:633,111,1,0
BRDA:649,112,0,0
BRDA:649,112,1,0
BRDA:664,113,0,0
BRDA:664,113,1,0
BRDA:684,114,0,0
BRDA:684,114,1,0
BRDA:684,115,0,0
BRDA:684,115,1,0
BRDA:687,116,0,0
BRDA:687,116,1,0
BRDA:690,117,0,0
BRDA:690,117,1,0
BRDA:693,118,0,0
BRDA:693,118,1,0
BRDA:693,119,0,0
BRDA:693,119,1,0
BRDA:698,120,0,0
BRDA:698,120,1,0
BRDA:698,121,0,0
BRDA:698,121,1,0
BRDA:702,122,0,0
BRDA:702,122,1,0
BRDA:702,123,0,0
BRDA:702,123,1,0
BRDA:711,124,0,0
BRDA:711,124,1,0
BRDA:714,125,0,0
BRDA:714,125,1,0
BRDA:730,126,0,0
BRDA:730,126,1,0
BRDA:757,127,0,0
BRDA:757,127,1,0
BRDA:757,128,0,0
BRDA:757,128,1,0
BRDA:759,129,0,0
BRDA:759,129,1,0
BRDA:767,130,0,0
BRDA:767,130,1,0
BRDA:768,131,0,0
BRDA:768,131,1,0
BRDA:771,132,0,0
BRDA:771,132,1,0
BRDA:772,133,0,0
BRDA:772,133,1,0
BRDA:774,134,0,0
BRDA:774,134,1,0
BRDA:774,135,0,0
BRDA:774,135,1,0
BRDA:774,135,2,0
BRDA:779,136,0,0
BRDA:779,136,1,0
BRDA:795,137,0,0
BRDA:795,137,1,0
BRDA:798,138,0,0
BRDA:798,138,1,0
BRDA:807,139,0,0
BRDA:807,139,1,0
BRDA:808,140,0,0
BRDA:808,140,1,0
BRDA:810,141,0,0
BRDA:810,141,1,0
BRDA:816,142,0,0
BRDA:816,142,1,0
BRDA:817,143,0,0
BRDA:817,143,1,0
BRDA:819,144,0,0
BRDA:819,144,1,0
BRDA:829,145,0,0
BRDA:829,145,1,0
BRDA:832,146,0,0
BRDA:832,146,1,0
BRDA:843,147,0,0
BRDA:843,147,1,0
BRDA:870,148,0,0
BRDA:870,148,1,0
BRDA:870,149,0,0
BRDA:870,149,1,0
BRDA:873,150,0,0
BRDA:873,150,1,0
BRDA:876,151,0,0
BRDA:876,151,1,0
BRDA:879,152,0,0
BRDA:879,152,1,0
BRDA:879,153,0,0
BRDA:879,153,1,0
BRDA:888,154,0,0
BRDA:888,154,1,0
BRDA:911,155,0,0
BRDA:911,155,1,0
BRDA:922,156,0,0
BRDA:922,156,1,0
BRDA:922,157,0,0
BRDA:922,157,1,0
BRDA:925,158,0,0
BRDA:925,158,1,0
BRDA:927,159,0,0
BRDA:927,159,1,0
BRDA:930,160,0,0
BRDA:930,160,1,0
BRDA:944,161,0,0
BRDA:944,161,1,0
BRDA:945,162,0,0
BRDA:945,162,1,0
BRDA:947,163,0,0
BRDA:947,163,1,0
BRDA:953,164,0,0
BRDA:953,164,1,0
BRDA:954,165,0,0
BRDA:954,165,1,0
BRDA:956,166,0,0
BRDA:956,166,1,0
BRDA:966,167,0,0
BRDA:966,167,1,0
BRDA:969,168,0,0
BRDA:969,168,1,0
BRDA:980,169,0,0
BRDA:980,169,1,0
BRDA:1007,170,0,0
BRDA:1007,170,1,0
BRDA:1007,171,0,0
BRDA:1007,171,1,0
BRDA:1010,172,0,0
BRDA:1010,172,1,0
BRDA:1013,173,0,0
BRDA:1013,173,1,0
BRDA:1016,174,0,0
BRDA:1016,174,1,0
BRDA:1016,175,0,0
BRDA:1016,175,1,0
BRDA:1025,176,0,0
BRDA:1025,176,1,0
BRDA:1039,177,0,0
BRDA:1039,177,1,0
BRDA:1042,178,0,0
BRDA:1042,178,1,0
BRDA:1042,179,0,0
BRDA:1042,179,1,0
BRDA:1047,180,0,0
BRDA:1047,180,1,0
BRDA:1056,181,0,0
BRDA:1056,181,1,0
BRDA:1064,182,0,0
BRDA:1064,182,1,0
BRDA:1072,183,0,0
BRDA:1072,183,1,0
BRDA:1073,184,0,0
BRDA:1073,184,1,0
BRDA:1093,185,0,0
BRDA:1093,185,1,0
BRDA:1093,186,0,0
BRDA:1093,186,1,0
BRDA:1095,187,0,0
BRDA:1095,187,1,0
BRDA:1101,188,0,0
BRDA:1101,188,1,0
BRDA:1104,189,0,0
BRDA:1104,189,1,0
BRDA:1109,190,0,0
BRDA:1109,190,1,0
BRDA:1109,191,0,0
BRDA:1109,191,1,0
BRDA:1125,192,0,0
BRDA:1125,192,1,0
BRDA:1128,193,0,0
BRDA:1128,193,1,0
BRDA:1137,194,0,0
BRDA:1137,194,1,0
BRDA:1138,195,0,0
BRDA:1138,195,1,0
BRDA:1140,196,0,0
BRDA:1140,196,1,0
BRDA:1146,197,0,0
BRDA:1146,197,1,0
BRDA:1147,198,0,0
BRDA:1147,198,1,0
BRDA:1149,199,0,0
BRDA:1149,199,1,0
BRDA:1159,200,0,0
BRDA:1159,200,1,0
BRDA:1162,201,0,0
BRDA:1162,201,1,0
BRDA:1173,202,0,0
BRDA:1173,202,1,0
BRDA:1200,203,0,0
BRDA:1200,203,1,0
BRDA:1200,204,0,0
BRDA:1200,204,1,0
BRDA:1203,205,0,0
BRDA:1203,205,1,0
BRDA:1206,206,0,0
BRDA:1206,206,1,0
BRDA:1209,207,0,0
BRDA:1209,207,1,0
BRDA:1209,208,0,0
BRDA:1209,208,1,0
BRDA:1214,209,0,0
BRDA:1214,209,1,0
BRDA:1226,210,0,0
BRDA:1226,210,1,0
BRDA:1242,211,0,0
BRDA:1242,211,1,0
BRDA:1247,212,0,0
BRDA:1247,212,1,0
BRDA:1253,213,0,0
BRDA:1253,213,1,0
BRDA:1266,214,0,0
BRDA:1266,214,1,0
BRDA:1267,215,0,0
BRDA:1267,215,1,0
BRDA:1287,216,0,0
BRDA:1287,216,1,0
BRDA:1287,217,0,0
BRDA:1287,217,1,0
BRDA:1289,218,0,0
BRDA:1289,218,1,0
BRDA:1294,219,0,0
BRDA:1294,219,1,0
BRDA:1299,220,0,0
BRDA:1299,220,1,0
BRDA:1299,221,0,0
BRDA:1299,221,1,0
BRDA:1315,222,0,0
BRDA:1315,222,1,0
BRDA:1318,223,0,0
BRDA:1318,223,1,0
BRDA:1327,224,0,0
BRDA:1327,224,1,0
BRDA:1328,225,0,0
BRDA:1328,225,1,0
BRDA:1330,226,0,0
BRDA:1330,226,1,0
BRDA:1336,227,0,0
BRDA:1336,227,1,0
BRDA:1337,228,0,0
BRDA:1337,228,1,0
BRDA:1339,229,0,0
BRDA:1339,229,1,0
BRDA:1349,230,0,0
BRDA:1349,230,1,0
BRDA:1352,231,0,0
BRDA:1352,231,1,0
BRDA:1363,232,0,0
BRDA:1363,232,1,0
BRDA:1390,233,0,0
BRDA:1390,233,1,0
BRDA:1390,234,0,0
BRDA:1390,234,1,0
BRDA:1393,235,0,0
BRDA:1393,235,1,0
BRDA:1396,236,0,0
BRDA:1396,236,1,0
BRDA:1399,237,0,0
BRDA:1399,237,1,0
BRDA:1399,238,0,0
BRDA:1399,238,1,0
BRDA:1408,239,0,0
BRDA:1408,239,1,0
BRDA:1418,240,0,0
BRDA:1418,240,1,0
BRDA:1419,241,0,0
BRDA:1419,241,1,0
BRDA:1421,242,0,0
BRDA:1421,242,1,0
BRDA:1421,243,0,0
BRDA:1421,243,1,0
BRDA:1422,244,0,0
BRDA:1422,244,1,0
BRDA:1422,245,0,0
BRDA:1422,245,1,0
BRDA:1427,246,0,0
BRDA:1427,246,1,0
BRDA:1444,247,0,0
BRDA:1444,247,1,0
BRDA:1468,248,0,0
BRDA:1468,248,1,0
BRDA:1468,249,0,0
BRDA:1468,249,1,0
BRDA:1471,250,0,0
BRDA:1471,250,1,0
BRDA:1482,251,0,0
BRDA:1482,251,1,0
BRDA:1483,252,0,0
BRDA:1483,252,1,0
BRDA:1485,253,0,0
BRDA:1485,253,1,0
BRDA:1493,254,0,0
BRDA:1493,254,1,0
BRDA:1494,255,0,0
BRDA:1494,255,1,0
BRDA:1496,256,0,0
BRDA:1496,256,1,0
BRDA:1507,257,0,0
BRDA:1507,257,1,0
BRDA:1510,258,0,0
BRDA:1510,258,1,0
BRDA:1515,259,0,0
BRDA:1515,259,1,0
BRDA:1526,260,0,0
BRDA:1526,260,1,0
BRDA:1553,261,0,0
BRDA:1553,261,1,0
BRDA:1553,262,0,0
BRDA:1553,262,1,0
BRDA:1556,263,0,0
BRDA:1556,263,1,0
BRDA:1559,264,0,0
BRDA:1559,264,1,0
BRDA:1562,265,0,0
BRDA:1562,265,1,0
BRDA:1562,266,0,0
BRDA:1562,266,1,0
BRDA:1576,267,0,0
BRDA:1576,267,1,0
BRDA:1585,268,0,0
BRDA:1585,268,1,0
BRDA:1597,269,0,0
BRDA:1597,269,1,0
BRDA:1597,270,0,0
BRDA:1597,270,1,0
BRDA:1607,271,0,0
BRDA:1607,271,1,0
BRDA:1607,272,0,0
BRDA:1607,272,1,0
BRDA:1618,273,0,0
BRDA:1618,273,1,0
BRDA:1618,274,0,0
BRDA:1618,274,1,0
BRDA:1627,275,0,0
BRDA:1627,275,1,0
BRDA:1627,276,0,0
BRDA:1627,276,1,0
BRDA:1630,277,0,0
BRDA:1630,277,1,0
BRDA:1633,278,0,0
BRDA:1633,278,1,0
BRDA:1636,279,0,0
BRDA:1636,279,1,0
BRDA:1636,280,0,0
BRDA:1636,280,1,0
BRDA:1649,281,0,0
BRDA:1649,281,1,0
BRDA:1668,282,0,0
BRDA:1668,282,1,0
BRDA:1682,283,0,0
BRDA:1682,283,1,0
BRDA:1682,284,0,0
BRDA:1682,284,1,0
BRDA:1685,285,0,0
BRDA:1685,285,1,0
BRDA:1693,286,0,0
BRDA:1693,286,1,0
BRDA:1693,287,0,0
BRDA:1693,287,1,0
BRDA:1697,288,0,0
BRDA:1697,288,1,0
BRDA:1701,289,0,0
BRDA:1701,289,1,0
BRDA:1705,290,0,0
BRDA:1705,290,1,0
BRDA:1710,291,0,0
BRDA:1710,291,1,0
BRDA:1720,292,0,0
BRDA:1720,292,1,0
BRDA:1723,293,0,0
BRDA:1723,293,1,0
BRDA:1723,294,0,0
BRDA:1723,294,1,0
BRDA:1736,295,0,0
BRDA:1736,295,1,0
BRDA:1736,296,0,0
BRDA:1736,296,1,0
BRDA:1746,297,0,0
BRDA:1746,297,1,0
BRDA:1746,298,0,0
BRDA:1746,298,1,0
BRDA:1753,299,0,0
BRDA:1753,299,1,0
BRDA:1760,300,0,0
BRDA:1760,300,1,0
BRDA:1782,301,0,0
BRDA:1782,301,1,0
BRDA:1787,302,0,0
BRDA:1787,302,1,0
BRDA:1803,303,0,0
BRDA:1803,303,1,0
BRDA:1803,304,0,0
BRDA:1803,304,1,0
BRDA:1803,304,2,0
BRDA:1809,305,0,0
BRDA:1809,305,1,0
BRDA:1809,306,0,0
BRDA:1809,306,1,0
BRDA:1812,307,0,0
BRDA:1812,307,1,0
BRDA:1816,308,0,0
BRDA:1816,308,1,0
BRDA:1819,309,0,0
BRDA:1819,309,1,0
BRDA:1825,310,0,0
BRDA:1825,310,1,0
BRDA:1825,311,0,0
BRDA:1825,311,1,0
BRDA:1825,311,2,0
BRDA:1828,312,0,0
BRDA:1828,312,1,0
BRDA:1834,313,0,0
BRDA:1834,313,1,0
BRDA:1834,314,0,0
BRDA:1834,314,1,0
BRDA:1837,315,0,0
BRDA:1837,315,1,0
BRDA:1840,316,0,0
BRDA:1840,316,1,0
BRDA:1843,317,0,0
BRDA:1843,317,1,0
BRDA:1843,318,0,0
BRDA:1843,318,1,0
BRDA:1855,319,0,0
BRDA:1855,319,1,0
BRDA:1863,320,0,0
BRDA:1863,320,1,0
BRDA:1865,321,0,0
BRDA:1865,321,1,0
BRDA:1874,322,0,0
BRDA:1874,322,1,0
BRDA:1881,323,0,0
BRDA:1881,323,1,0
BRDA:1884,324,0,0
BRDA:1884,324,1,0
BRDA:1897,325,0,0
BRDA:1897,325,1,0
BRDA:1899,326,0,0
BRDA:1899,326,1,0
BRDA:1907,327,0,0
BRDA:1907,327,1,0
BRDA:1914,328,0,0
BRDA:1914,328,1,0
BRDA:1914,329,0,0
BRDA:1914,329,1,0
BRDA:1917,330,0,0
BRDA:1917,330,1,0
BRDA:1920,331,0,0
BRDA:1920,331,1,0
BRDA:1923,332,0,0
BRDA:1923,332,1,0
BRDA:1923,333,0,0
BRDA:1923,333,1,0
BRDA:1934,334,0,0
BRDA:1934,334,1,0
BRDA:1958,335,0,0
BRDA:1958,335,1,0
BRDA:1958,336,0,0
BRDA:1958,336,1,0
BRDA:1961,337,0,0
BRDA:1961,337,1,0
BRDA:1964,338,0,0
BRDA:1964,338,1,0
BRDA:1967,339,0,0
BRDA:1967,339,1,0
BRDA:1978,340,0,0
BRDA:1978,340,1,0
BRDA:1979,341,0,0
BRDA:1979,341,1,0
BRDA:1981,342,0,0
BRDA:1981,342,1,0
BRDA:1986,343,0,0
BRDA:1986,343,1,0
BRDA:1995,344,0,0
BRDA:1995,344,1,0
BRDA:1996,345,0,0
BRDA:1996,345,1,0
BRDA:1998,346,0,0
BRDA:1998,346,1,0
BRDA:2001,347,0,0
BRDA:2001,347,1,0
BRDA:2014,348,0,0
BRDA:2014,348,1,0
BRDA:2017,349,0,0
BRDA:2017,349,1,0
BRDA:2022,350,0,0
BRDA:2022,350,1,0
BRDA:2033,351,0,0
BRDA:2033,351,1,0
BRDA:2060,352,0,0
BRDA:2060,352,1,0
BRDA:2060,353,0,0
BRDA:2060,353,1,0
BRDA:2063,354,0,0
BRDA:2063,354,1,0
BRDA:2066,355,0,0
BRDA:2066,355,1,0
BRDA:2069,356,0,0
BRDA:2069,356,1,0
BRDA:2069,357,0,0
BRDA:2069,357,1,0
BRF:734
BRH:0
end_of_record
TN:
SF:js/editor-history.js
FN:5,(anonymous_0)
FN:14,(anonymous_1)
FN:27,(anonymous_2)
FN:58,(anonymous_3)
FN:81,(anonymous_4)
FN:91,(anonymous_5)
FN:115,(anonymous_6)
FN:139,(anonymous_7)
FNF:8
FNH:0
FNDA:0,(anonymous_0)
FNDA:0,(anonymous_1)
FNDA:0,(anonymous_2)
FNDA:0,(anonymous_3)
FNDA:0,(anonymous_4)
FNDA:0,(anonymous_5)
FNDA:0,(anonymous_6)
FNDA:0,(anonymous_7)
DA:5,0
DA:8,0
DA:9,0
DA:14,0
DA:15,0
DA:16,0
DA:27,0
DA:28,0
DA:30,0
DA:31,0
DA:34,0
DA:35,0
DA:39,0
DA:40,0
DA:43,0
DA:44,0
DA:45,0
DA:48,0
DA:49,0
DA:52,0
DA:58,0
DA:59,0
DA:61,0
DA:62,0
DA:64,0
DA:65,0
DA:66,0
DA:69,0
DA:70,0
DA:71,0
DA:75,0
DA:81,0
DA:82,0
DA:84,0
DA:85,0
DA:91,0
DA:92,0
DA:94,0
DA:95,0
DA:98,0
DA:99,0
DA:102,0
DA:103,0
DA:107,0
DA:108,0
DA:115,0
DA:116,0
DA:118,0
DA:119,0
DA:122,0
DA:123,0
DA:126,0
DA:127,0
DA:131,0
DA:132,0
DA:139,0
DA:140,0
DA:141,0
DA:142,0
DA:143,0
DA:148,0
DA:158,0
LF:62
LH:0
BRDA:8,0,0,0
BRDA:8,0,1,0
BRDA:15,1,0,0
BRDA:15,1,1,0
BRDA:28,2,0,0
BRDA:28,2,1,0
BRDA:28,3,0,0
BRDA:28,3,1,0
BRDA:34,4,0,0
BRDA:34,4,1,0
BRDA:34,5,0,0
BRDA:34,5,1,0
BRDA:39,6,0,0
BRDA:39,6,1,0
BRDA:39,7,0,0
BRDA:39,7,1,0
BRDA:44,8,0,0
BRDA:44,8,1,0
BRDA:45,9,0,0
BRDA:45,9,1,0
BRDA:45,10,0,0
BRDA:45,10,1,0
BRDA:48,11,0,0
BRDA:48,11,1,0
BRDA:59,12,0,0
BRDA:59,12,1,0
BRDA:62,13,0,0
BRDA:62,13,1,0
BRDA:65,14,0,0
BRDA:65,14,1,0
BRDA:65,15,0,0
BRDA:65,15,1,0
BRDA:65,15,2,0
BRDA:65,15,3,0
BRDA:70,16,0,0
BRDA:70,16,1,0
BRDA:82,17,0,0
BRDA:82,17,1,0
BRDA:92,18,0,0
BRDA:92,18,1,0
BRDA:102,19,0,0
BRDA:102,19,1,0
BRDA:102,20,0,0
BRDA:102,20,1,0
BRDA:107,21,0,0
BRDA:107,21,1,0
BRDA:107,22,0,0
BRDA:107,22,1,0
BRDA:116,23,0,0
BRDA:116,23,1,0
BRDA:126,24,0,0
BRDA:126,24,1,0
BRDA:126,25,0,0
BRDA:126,25,1,0
BRDA:131,26,0,0
BRDA:131,26,1,0
BRDA:131,27,0,0
BRDA:131,27,1,0
BRDA:141,28,0,0
BRDA:141,28,1,0
BRF:60
BRH:0
end_of_record
TN:
SF:js/editor-init.js
FN:5,(anonymous_0)
FN:14,(anonymous_1)
FN:48,(anonymous_2)
FN:57,(anonymous_3)
FN:62,(anonymous_4)
FN:67,(anonymous_5)
FN:74,(anonymous_6)
FN:81,(anonymous_7)
FN:129,(anonymous_8)
FN:141,(anonymous_9)
FN:184,(anonymous_10)
FN:204,(anonymous_11)
FN:214,(anonymous_12)
FN:222,(anonymous_13)
FN:232,(anonymous_14)
FN:234,(anonymous_15)
FN:249,(anonymous_16)
FN:252,(anonymous_17)
FN:255,(anonymous_18)
FN:264,(anonymous_19)
FN:273,(anonymous_20)
FN:280,(anonymous_21)
FN:293,(anonymous_22)
FN:295,(anonymous_23)
FN:307,(anonymous_24)
FN:315,(anonymous_25)
FN:318,(anonymous_26)
FN:326,(anonymous_27)
FNF:28
FNH:0
FNDA:0,(anonymous_0)
FNDA:0,(anonymous_1)
FNDA:0,(anonymous_2)
FNDA:0,(anonymous_3)
FNDA:0,(anonymous_4)
FNDA:0,(anonymous_5)
FNDA:0,(anonymous_6)
FNDA:0,(anonymous_7)
FNDA:0,(anonymous_8)
FNDA:0,(anonymous_9)
FNDA:0,(anonymous_10)
FNDA:0,(anonymous_11)
FNDA:0,(anonymous_12)
FNDA:0,(anonymous_13)
FNDA:0,(anonymous_14)
FNDA:0,(anonymous_15)
FNDA:0,(anonymous_16)
FNDA:0,(anonymous_17)
FNDA:0,(anonymous_18)
FNDA:0,(anonymous_19)
FNDA:0,(anonymous_20)
FNDA:0,(anonymous_21)
FNDA:0,(anonymous_22)
FNDA:0,(anonymous_23)
FNDA:0,(anonymous_24)
FNDA:0,(anonymous_25)
FNDA:0,(anonymous_26)
FNDA:0,(anonymous_27)
DA:5,0
DA:8,0
DA:9,0
DA:14,0
DA:15,0
DA:16,0
DA:18,0
DA:19,0
DA:21,0
DA:22,0
DA:24,0
DA:25,0
DA:27,0
DA:28,0
DA:30,0
DA:31,0
DA:33,0
DA:34,0
DA:36,0
DA:37,0
DA:40,0
DA:41,0
DA:48,0
DA:50,0
DA:51,0
DA:55,0
DA:56,0
DA:57,0
DA:58,0
DA:59,0
DA:62,0
DA:63,0
DA:64,0
DA:67,0
DA:68,0
DA:69,0
DA:74,0
DA:75,0
DA:76,0
DA:81,0
DA:83,0
DA:84,0
DA:88,0
DA:89,0
DA:90,0
DA:94,0
DA:97,0
DA:98,0
DA:101,0
DA:102,0
DA:106,0
DA:108,0
DA:111,0
DA:112,0
DA:115,0
DA:116,0
DA:120,0
DA:123,0
DA:126,0
DA:127,0
DA:128,0
DA:129,0
DA:130,0
DA:131,0
DA:141,0
DA:142,0
DA:143,0
DA:148,0
DA:149,0
DA:153,0
DA:154,0
DA:156,0
DA:157,0
DA:159,0
DA:160,0
DA:162,0
DA:163,0
DA:167,0
DA:168,0
DA:172,0
DA:173,0
DA:177,0
DA:178,0
DA:182,0
DA:183,0
DA:184,0
DA:185,0
DA:186,0
DA:187,0
DA:188,0
DA:189,0
DA:190,0
DA:191,0
DA:192,0
DA:194,0
DA:195,0
DA:196,0
DA:199,0
DA:203,0
DA:204,0
DA:205,0
DA:206,0
DA:207,0
DA:209,0
DA:214,0
DA:215,0
DA:216,0
DA:217,0
DA:222,0
DA:223,0
DA:224,0
DA:225,0
DA:232,0
DA:233,0
DA:234,0
DA:235,0
DA:236,0
DA:237,0
DA:238,0
DA:240,0
DA:241,0
DA:247,0
DA:248,0
DA:249,0
DA:251,0
DA:252,0
DA:254,0
DA:255,0
DA:256,0
DA:257,0
DA:259,0
DA:263,0
DA:264,0
DA:265,0
DA:266,0
DA:267,0
DA:268,0
DA:269,0
DA:270,0
DA:273,0
DA:274,0
DA:275,0
DA:276,0
DA:277,0
DA:280,0
DA:281,0
DA:282,0
DA:283,0
DA:284,0
DA:285,0
DA:286,0
DA:288,0
DA:293,0
DA:294,0
DA:295,0
DA:296,0
DA:297,0
DA:298,0
DA:299,0
DA:306,0
DA:307,0
DA:308,0
DA:309,0
DA:310,0
DA:314,0
DA:315,0
DA:317,0
DA:318,0
DA:326,0
DA:328,0
DA:329,0
DA:330,0
DA:331,0
DA:335,0
DA:336,0
DA:337,0
DA:339,0
DA:340,0
DA:344,0
DA:345,0
DA:346,0
DA:347,0
DA:348,0
DA:349,0
DA:350,0
DA:351,0
DA:355,0
DA:358,0
DA:359,0
DA:360,0
DA:362,0
DA:363,0
DA:367,0
DA:368,0
DA:372,0
DA:373,0
DA:375,0
DA:376,0
DA:380,0
DA:381,0
DA:385,0
DA:386,0
DA:390,0
DA:391,0
DA:395,0
DA:396,0
DA:400,0
DA:401,0
DA:405,0
DA:407,0
DA:411,0
DA:412,0
DA:414,0
DA:418,0
DA:423,0
LF:215
LH:0
BRDA:8,0,0,0
BRDA:8,0,1,0
BRDA:15,1,0,0
BRDA:15,1,1,0
BRDA:15,2,0,0
BRDA:15,2,1,0
BRDA:18,3,0,0
BRDA:18,3,1,0
BRDA:18,4,0,0
BRDA:18,4,1,0
BRDA:21,5,0,0
BRDA:21,5,1,0
BRDA:21,6,0,0
BRDA:21,6,1,0
BRDA:24,7,0,0
BRDA:24,7,1,0
BRDA:27,8,0,0
BRDA:27,8,1,0
BRDA:30,9,0,0
BRDA:30,9,1,0
BRDA:30,10,0,0
BRDA:30,10,1,0
BRDA:33,11,0,0
BRDA:33,11,1,0
BRDA:33,12,0,0
BRDA:33,12,1,0
BRDA:36,13,0,0
BRDA:36,13,1,0
BRDA:36,14,0,0
BRDA:36,14,1,0
BRDA:40,15,0,0
BRDA:40,15,1,0
BRDA:40,16,0,0
BRDA:40,16,1,0
BRDA:50,17,0,0
BRDA:50,17,1,0
BRDA:50,18,0,0
BRDA:50,18,1,0
BRDA:55,19,0,0
BRDA:55,19,1,0
BRDA:58,20,0,0
BRDA:58,20,1,0
BRDA:58,21,0,0
BRDA:58,21,1,0
BRDA:63,22,0,0
BRDA:63,22,1,0
BRDA:63,23,0,0
BRDA:63,23,1,0
BRDA:68,24,0,0
BRDA:68,24,1,0
BRDA:68,25,0,0
BRDA:68,25,1,0
BRDA:75,26,0,0
BRDA:75,26,1,0
BRDA:83,27,0,0
BRDA:83,27,1,0
BRDA:88,28,0,0
BRDA:88,28,1,0
BRDA:89,29,0,0
BRDA:89,29,1,0
BRDA:97,30,0,0
BRDA:97,30,1,0
BRDA:97,31,0,0
BRDA:97,31,1,0
BRDA:101,32,0,0
BRDA:101,32,1,0
BRDA:101,33,0,0
BRDA:101,33,1,0
BRDA:106,34,0,0
BRDA:106,34,1,0
BRDA:115,35,0,0
BRDA:115,35,1,0
BRDA:126,36,0,0
BRDA:126,36,1,0
BRDA:130,37,0,0
BRDA:130,37,1,0
BRDA:142,38,0,0
BRDA:142,38,1,0
BRDA:148,39,0,0
BRDA:148,39,1,0
BRDA:148,40,0,0
BRDA:148,40,1,0
BRDA:153,41,0,0
BRDA:153,41,1,0
BRDA:153,42,0,0
BRDA:153,42,1,0
BRDA:156,43,0,0
BRDA:156,43,1,0
BRDA:156,44,0,0
BRDA:156,44,1,0
BRDA:159,45,0,0
BRDA:159,45,1,0
BRDA:159,46,0,0
BRDA:159,46,1,0
BRDA:162,47,0,0
BRDA:162,47,1,0
BRDA:162,48,0,0
BRDA:162,48,1,0
BRDA:167,49,0,0
BRDA:167,49,1,0
BRDA:167,50,0,0
BRDA:167,50,1,0
BRDA:172,51,0,0
BRDA:172,51,1,0
BRDA:172,52,0,0
BRDA:172,52,1,0
BRDA:177,53,0,0
BRDA:177,53,1,0
BRDA:177,54,0,0
BRDA:177,54,1,0
BRDA:182,55,0,0
BRDA:182,55,1,0
BRDA:182,56,0,0
BRDA:182,56,1,0
BRDA:185,57,0,0
BRDA:185,57,1,0
BRDA:186,58,0,0
BRDA:186,58,1,0
BRDA:189,59,0,0
BRDA:189,59,1,0
BRDA:191,60,0,0
BRDA:191,60,1,0
BRDA:194,61,0,0
BRDA:194,61,1,0
BRDA:194,62,0,0
BRDA:194,62,1,0
BRDA:203,63,0,0
BRDA:203,63,1,0
BRDA:203,64,0,0
BRDA:203,64,1,0
BRDA:206,65,0,0
BRDA:206,65,1,0
BRDA:215,66,0,0
BRDA:215,66,1,0
BRDA:215,67,0,0
BRDA:215,67,1,0
BRDA:223,68,0,0
BRDA:223,68,1,0
BRDA:223,69,0,0
BRDA:223,69,1,0
BRDA:224,70,0,0
BRDA:224,70,1,0
BRDA:235,71,0,0
BRDA:235,71,1,0
BRDA:240,72,0,0
BRDA:240,72,1,0
BRDA:247,73,0,0
BRDA:247,73,1,0
BRDA:247,74,0,0
BRDA:247,74,1,0
BRDA:248,75,0,0
BRDA:248,75,1,0
BRDA:251,76,0,0
BRDA:251,76,1,0
BRDA:254,77,0,0
BRDA:254,77,1,0
BRDA:256,78,0,0
BRDA:256,78,1,0
BRDA:263,79,0,0
BRDA:263,79,1,0
BRDA:265,80,0,0
BRDA:265,80,1,0
BRDA:267,81,0,0
BRDA:267,81,1,0
BRDA:268,82,0,0
BRDA:268,82,1,0
BRDA:276,83,0,0
BRDA:276,83,1,0
BRDA:282,84,0,0
BRDA:282,84,1,0
BRDA:285,85,0,0
BRDA:285,85,1,0
BRDA:294,86,0,0
BRDA:294,86,1,0
BRDA:298,87,0,0
BRDA:298,87,1,0
BRDA:306,88,0,0
BRDA:306,88,1,0
BRDA:308,89,0,0
BRDA:308,89,1,0
BRDA:308,90,0,0
BRDA:308,90,1,0
BRDA:308,90,2,0
BRDA:314,91,0,0
BRDA:314,91,1,0
BRDA:317,92,0,0
BRDA:317,92,1,0
BRDA:329,93,0,0
BRDA:329,93,1,0
BRDA:335,94,0,0
BRDA:335,94,1,0
BRDA:339,95,0,0
BRDA:339,95,1,0
BRDA:344,96,0,0
BRDA:344,96,1,0
BRDA:344,97,0,0
BRDA:344,97,1,0
BRDA:347,98,0,0
BRDA:347,98,1,0
BRDA:349,99,0,0
BRDA:349,99,1,0
BRDA:358,100,0,0
BRDA:358,100,1,0
BRDA:362,101,0,0
BRDA:362,101,1,0
BRDA:367,102,0,0
BRDA:367,102,1,0
BRDA:367,103,0,0
BRDA:367,103,1,0
BRDA:372,104,0,0
BRDA:372,104,1,0
BRDA:372,105,0,0
BRDA:372,105,1,0
BRDA:375,106,0,0
BRDA:375,106,1,0
BRDA:375,107,0,0
BRDA:375,107,1,0
BRDA:380,108,0,0
BRDA:380,108,1,0
BRDA:380,109,0,0
BRDA:380,109,1,0
BRDA:385,110,0,0
BRDA:385,110,1,0
BRDA:385,111,0,0
BRDA:385,111,1,0
BRDA:390,112,0,0
BRDA:390,112,1,0
BRDA:390,113,0,0
BRDA:390,113,1,0
BRDA:395,114,0,0
BRDA:395,114,1,0
BRDA:400,115,0,0
BRDA:400,115,1,0
BRDA:400,116,0,0
BRDA:400,116,1,0
BRDA:411,117,0,0
BRDA:411,117,1,0
BRF:237
BRH:0
end_of_record
TN:
SF:js/editor-inserts.js
FN:5,(anonymous_0)
FN:14,(anonymous_1)
FN:57,(anonymous_2)
FN:98,(anonymous_3)
FN:178,(anonymous_4)
FN:282,(anonymous_5)
FN:286,(anonymous_6)
FN:290,(anonymous_7)
FN:372,(anonymous_8)
FN:408,(anonymous_9)
FN:435,(anonymous_10)
FN:446,(anonymous_11)
FN:447,(anonymous_12)
FN:452,(anonymous_13)
FN:461,(anonymous_14)
FNF:15
FNH:0
FNDA:0,(anonymous_0)
FNDA:0,(anonymous_1)
FNDA:0,(anonymous_2)
FNDA:0,(anonymous_3)
FNDA:0,(anonymous_4)
FNDA:0,(anonymous_5)
FNDA:0,(anonymous_6)
FNDA:0,(anonymous_7)
FNDA:0,(anonymous_8)
FNDA:0,(anonymous_9)
FNDA:0,(anonymous_10)
FNDA:0,(anonymous_11)
FNDA:0,(anonymous_12)
FNDA:0,(anonymous_13)
FNDA:0,(anonymous_14)
DA:5,0
DA:8,0
DA:9,0
DA:14,0
DA:15,0
DA:16,0
DA:17,0
DA:19,0
DA:36,0
DA:37,0
DA:38,0
DA:41,0
DA:42,0
DA:44,0
DA:45,0
DA:46,0
DA:49,0
DA:50,0
DA:51,0
DA:57,0
DA:58,0
DA:60,0
DA:77,0
DA:78,0
DA:79,0
DA:82,0
DA:83,0
DA:85,0
DA:86,0
DA:87,0
DA:90,0
DA:91,0
DA:92,0
DA:98,0
DA:99,0
DA:101,0
DA:104,0
DA:105,0
DA:106,0
DA:107,0
DA:110,0
DA:111,0
DA:113,0
DA:114,0
DA:117,0
DA:118,0
DA:121,0
DA:122,0
DA:126,0
DA:127,0
DA:130,0
DA:133,0
DA:134,0
DA:135,0
DA:138,0
DA:139,0
DA:141,0
DA:142,0
DA:144,0
DA:145,0
DA:147,0
DA:148,0
DA:150,0
DA:151,0
DA:153,0
DA:154,0
DA:157,0
DA:161,0
DA:162,0
DA:165,0
DA:166,0
DA:168,0
DA:169,0
DA:172,0
DA:178,0
DA:179,0
DA:182,0
DA:183,0
DA:184,0
DA:186,0
DA:189,0
DA:190,0
DA:192,0
DA:193,0
DA:194,0
DA:195,0
DA:198,0
DA:201,0
DA:207,0
DA:212,0
DA:213,0
DA:216,0
DA:217,0
DA:218,0
DA:221,0
DA:222,0
DA:223,0
DA:226,0
DA:229,0
DA:230,0
DA:233,0
DA:234,0
DA:236,0
DA:237,0
DA:238,0
DA:239,0
DA:243,0
DA:245,0
DA:249,0
DA:250,0
DA:253,0
DA:254,0
DA:257,0
DA:262,0
DA:265,0
DA:266,0
DA:269,0
DA:270,0
DA:273,0
DA:274,0
DA:278,0
DA:279,0
DA:282,0
DA:283,0
DA:284,0
DA:286,0
DA:287,0
DA:288,0
DA:290,0
DA:291,0
DA:292,0
DA:298,0
DA:299,0
DA:301,0
DA:302,0
DA:304,0
DA:305,0
DA:307,0
DA:308,0
DA:310,0
DA:311,0
DA:313,0
DA:314,0
DA:317,0
DA:321,0
DA:324,0
DA:341,0
DA:342,0
DA:345,0
DA:346,0
DA:348,0
DA:349,0
DA:350,0
DA:353,0
DA:354,0
DA:355,0
DA:359,0
DA:362,0
DA:363,0
DA:364,0
DA:367,0
DA:370,0
DA:372,0
DA:373,0
DA:374,0
DA:375,0
DA:376,0
DA:379,0
DA:380,0
DA:381,0
DA:384,0
DA:385,0
DA:387,0
DA:388,0
DA:390,0
DA:391,0
DA:393,0
DA:394,0
DA:399,0
DA:400,0
DA:408,0
DA:409,0
DA:411,0
DA:412,0
DA:413,0
DA:416,0
DA:417,0
DA:418,0
DA:419,0
DA:420,0
DA:421,0
DA:425,0
DA:431,0
DA:432,0
DA:435,0
DA:436,0
DA:437,0
DA:440,0
DA:441,0
DA:442,0
DA:443,0
DA:446,0
DA:447,0
DA:448,0
DA:450,0
DA:451,0
DA:452,0
DA:453,0
DA:456,0
DA:457,0
DA:458,0
DA:459,0
DA:461,0
DA:462,0
DA:463,0
DA:464,0
DA:466,0
DA:468,0
DA:469,0
DA:470,0
DA:471,0
DA:474,0
DA:475,0
DA:476,0
DA:477,0
DA:482,0
DA:487,0
DA:495,0
LF:228
LH:0
BRDA:8,0,0,0
BRDA:8,0,1,0
BRDA:22,1,0,0
BRDA:22,1,1,0
BRDA:36,2,0,0
BRDA:36,2,1,0
BRDA:41,3,0,0
BRDA:41,3,1,0
BRDA:44,4,0,0
BRDA:44,4,1,0
BRDA:77,5,0,0
BRDA:77,5,1,0
BRDA:82,6,0,0
BRDA:82,6,1,0
BRDA:85,7,0,0
BRDA:85,7,1,0
BRDA:99,8,0,0
BRDA:99,8,1,0
BRDA:106,9,0,0
BRDA:106,9,1,0
BRDA:111,10,0,0
BRDA:111,10,1,0
BRDA:121,11,0,0
BRDA:121,11,1,0
BRDA:126,12,0,0
BRDA:126,12,1,0
BRDA:138,13,0,0
BRDA:138,13,1,0
BRDA:138,14,0,0
BRDA:138,14,1,0
BRDA:141,15,0,0
BRDA:141,15,1,0
BRDA:144,16,0,0
BRDA:144,16,1,0
BRDA:147,17,0,0
BRDA:147,17,1,0
BRDA:147,18,0,0
BRDA:147,18,1,0
BRDA:150,19,0,0
BRDA:150,19,1,0
BRDA:150,20,0,0
BRDA:150,20,1,0
BRDA:153,21,0,0
BRDA:153,21,1,0
BRDA:153,22,0,0
BRDA:153,22,1,0
BRDA:165,23,0,0
BRDA:165,23,1,0
BRDA:165,24,0,0
BRDA:165,24,1,0
BRDA:165,25,0,0
BRDA:165,25,1,0
BRDA:166,26,0,0
BRDA:166,26,1,0
BRDA:166,27,0,0
BRDA:166,27,1,0
BRDA:166,28,0,0
BRDA:166,28,1,0
BRDA:166,29,0,0
BRDA:166,29,1,0
BRDA:179,30,0,0
BRDA:179,30,1,0
BRDA:198,31,0,0
BRDA:198,31,1,0
BRDA:198,32,0,0
BRDA:198,32,1,0
BRDA:198,32,2,0
BRDA:198,32,3,0
BRDA:198,32,4,0
BRDA:198,32,5,0
BRDA:212,33,0,0
BRDA:212,33,1,0
BRDA:226,34,0,0
BRDA:226,34,1,0
BRDA:226,35,0,0
BRDA:226,35,1,0
BRDA:237,36,0,0
BRDA:237,36,1,0
BRDA:237,37,0,0
BRDA:237,37,1,0
BRDA:243,38,0,0
BRDA:243,38,1,0
BRDA:249,39,0,0
BRDA:249,39,1,0
BRDA:249,40,0,0
BRDA:249,40,1,0
BRDA:253,41,0,0
BRDA:253,41,1,0
BRDA:253,42,0,0
BRDA:253,42,1,0
BRDA:273,43,0,0
BRDA:273,43,1,0
BRDA:298,44,0,0
BRDA:298,44,1,0
BRDA:298,45,0,0
BRDA:298,45,1,0
BRDA:301,46,0,0
BRDA:301,46,1,0
BRDA:304,47,0,0
BRDA:304,47,1,0
BRDA:307,48,0,0
BRDA:307,48,1,0
BRDA:307,49,0,0
BRDA:307,49,1,0
BRDA:310,50,0,0
BRDA:310,50,1,0
BRDA:310,51,0,0
BRDA:310,51,1,0
BRDA:313,52,0,0
BRDA:313,52,1,0
BRDA:313,53,0,0
BRDA:313,53,1,0
BRDA:327,54,0,0
BRDA:327,54,1,0
BRDA:341,55,0,0
BRDA:341,55,1,0
BRDA:348,56,0,0
BRDA:348,56,1,0
BRDA:353,57,0,0
BRDA:353,57,1,0
BRDA:370,58,0,0
BRDA:370,58,1,0
BRDA:384,59,0,0
BRDA:384,59,1,0
BRDA:384,60,0,0
BRDA:384,60,1,0
BRDA:387,61,0,0
BRDA:387,61,1,0
BRDA:390,62,0,0
BRDA:390,62,1,0
BRDA:393,63,0,0
BRDA:393,63,1,0
BRDA:393,64,0,0
BRDA:393,64,1,0
BRDA:399,65,0,0
BRDA:399,65,1,0
BRDA:399,66,0,0
BRDA:399,66,1,0
BRDA:409,67,0,0
BRDA:409,67,1,0
BRDA:409,68,0,0
BRDA:409,68,1,0
BRDA:416,69,0,0
BRDA:416,69,1,0
BRDA:418,70,0,0
BRDA:418,70,1,0
BRDA:431,71,0,0
BRDA:431,71,1,0
BRDA:437,72,0,0
BRDA:437,72,1,0
BRDA:442,73,0,0
BRDA:442,73,1,0
BRDA:443,74,0,0
BRDA:443,74,1,0
BRDA:443,74,2,0
BRDA:443,74,3,0
BRDA:448,75,0,0
BRDA:448,75,1,0
BRDA:457,76,0,0
BRDA:457,76,1,0
BRDA:469,77,0,0
BRDA:469,77,1,0
BRDA:469,78,0,0
BRDA:469,78,1,0
BRDA:470,79,0,0
BRDA:470,79,1,0
BRDA:470,80,0,0
BRDA:470,80,1,0
BRDA:474,81,0,0
BRDA:474,81,1,0
BRDA:476,82,0,0
BRDA:476,82,1,0
BRF:172
BRH:0
end_of_record
TN:
SF:js/editor-preview.js
FN:5,(anonymous_0)
FN:14,(anonymous_1)
FN:24,(anonymous_2)
FN:27,(anonymous_3)
FN:44,(anonymous_4)
FN:76,(anonymous_5)
FN:84,(anonymous_6)
FNF:7
FNH:0
FNDA:0,(anonymous_0)
FNDA:0,(anonymous_1)
FNDA:0,(anonymous_2)
FNDA:0,(anonymous_3)
FNDA:0,(anonymous_4)
FNDA:0,(anonymous_5)
FNDA:0,(anonymous_6)
DA:5,0
DA:8,0
DA:9,0
DA:14,0
DA:15,0
DA:17,0
DA:18,0
DA:19,0
DA:20,0
DA:21,0
DA:24,0
DA:25,0
DA:26,0
DA:27,0
DA:28,0
DA:29,0
DA:30,0
DA:31,0
DA:34,0
DA:44,0
DA:45,0
DA:47,0
DA:48,0
DA:49,0
DA:52,0
DA:53,0
DA:54,0
DA:56,0
DA:58,0
DA:59,0
DA:64,0
DA:67,0
DA:68,0
DA:69,0
DA:71,0
DA:76,0
DA:77,0
DA:84,0
DA:85,0
DA:86,0
DA:87,0
DA:88,0
DA:89,0
DA:90,0
DA:92,0
DA:93,0
DA:95,0
DA:96,0
DA:98,0
DA:99,0
DA:106,0
DA:112,0
LF:52
LH:0
BRDA:8,0,0,0
BRDA:8,0,1,0
BRDA:15,1,0,0
BRDA:15,1,1,0
BRDA:15,2,0,0
BRDA:15,2,1,0
BRDA:18,3,0,0
BRDA:18,3,1,0
BRDA:21,4,0,0
BRDA:21,4,1,0
BRDA:25,5,0,0
BRDA:25,5,1,0
BRDA:29,6,0,0
BRDA:29,6,1,0
BRDA:29,7,0,0
BRDA:29,7,1,0
BRDA:45,8,0,0
BRDA:45,8,1,0
BRDA:45,9,0,0
BRDA:45,9,1,0
BRDA:52,10,0,0
BRDA:52,10,1,0
BRDA:53,11,0,0
BRDA:53,11,1,0
BRDA:58,12,0,0
BRDA:58,12,1,0
BRDA:64,13,0,0
BRDA:64,13,1,0
BRDA:67,14,0,0
BRDA:67,14,1,0
BRDA:69,15,0,0
BRDA:69,15,1,0
BRDA:85,16,0,0
BRDA:85,16,1,0
BRDA:87,17,0,0
BRDA:87,17,1,0
BRDA:89,18,0,0
BRDA:89,18,1,0
BRDA:92,19,0,0
BRDA:92,19,1,0
BRDA:95,20,0,0
BRDA:95,20,1,0
BRDA:98,21,0,0
BRDA:98,21,1,0
BRF:44
BRH:0
end_of_record
TN:
SF:js/editor-state.js
FN:5,(anonymous_0)
FN:38,(anonymous_1)
FN:45,(anonymous_2)
FN:52,(anonymous_3)
FN:59,(anonymous_4)
FN:66,(anonymous_5)
FNF:6
FNH:0
FNDA:0,(anonymous_0)
FNDA:0,(anonymous_1)
FNDA:0,(anonymous_2)
FNDA:0,(anonymous_3)
FNDA:0,(anonymous_4)
FNDA:0,(anonymous_5)
DA:5,0
DA:8,0
DA:11,0
DA:26,0
DA:34,0
DA:39,0
DA:46,0
DA:53,0
DA:60,0
DA:67,0
DA:68,0
DA:69,0
DA:70,0
DA:75,0
LF:14
LH:0
BRDA:8,0,0,0
BRDA:8,0,1,0
BRDA:38,1,0,0
BRF:3
BRH:0
end_of_record
TN:
SF:js/editor-syntax-highlight.js
FN:5,(anonymous_0)
FN:14,(anonymous_1)
FN:102,(anonymous_2)
FN:119,(anonymous_3)
FN:138,(anonymous_4)
FN:140,(anonymous_5)
FNF:6
FNH:0
FNDA:0,(anonymous_0)
FNDA:0,(anonymous_1)
FNDA:0,(anonymous_2)
FNDA:0,(anonymous_3)
FNDA:0,(anonymous_4)
FNDA:0,(anonymous_5)
DA:5,0
DA:8,0
DA:9,0
DA:14,0
DA:15,0
DA:16,0
DA:18,0
DA:19,0
DA:21,0
DA:24,0
DA:25,0
DA:26,0
DA:27,0
DA:31,0
DA:32,0
DA:33,0
DA:36,0
DA:38,0
DA:39,0
DA:46,0
DA:47,0
DA:49,0
DA:51,0
DA:52,0
DA:53,0
DA:56,0
DA:59,0
DA:60,0
DA:61,0
DA:62,0
DA:63,0
DA:65,0
DA:68,0
DA:73,0
DA:74,0
DA:75,0
DA:83,0
DA:89,0
DA:93,0
DA:94,0
DA:101,0
DA:102,0
DA:103,0
DA:104,0
DA:106,0
DA:110,0
DA:113,0
DA:119,0
DA:120,0
DA:123,0
DA:125,0
DA:126,0
DA:130,0
DA:131,0
DA:138,0
DA:139,0
DA:140,0
DA:141,0
DA:142,0
DA:148,0
DA:154,0
LF:61
LH:0
BRDA:8,0,0,0
BRDA:8,0,1,0
BRDA:15,1,0,0
BRDA:15,1,1,0
BRDA:15,2,0,0
BRDA:15,2,1,0
BRDA:16,3,0,0
BRDA:16,3,1,0
BRDA:16,4,0,0
BRDA:16,4,1,0
BRDA:18,5,0,0
BRDA:18,5,1,0
BRDA:24,6,0,0
BRDA:24,6,1,0
BRDA:25,7,0,0
BRDA:25,7,1,0
BRDA:38,8,0,0
BRDA:38,8,1,0
BRDA:49,9,0,0
BRDA:49,9,1,0
BRDA:53,10,0,0
BRDA:53,10,1,0
BRDA:60,11,0,0
BRDA:60,11,1,0
BRDA:60,12,0,0
BRDA:60,12,1,0
BRDA:61,13,0,0
BRDA:61,13,1,0
BRDA:93,14,0,0
BRDA:93,14,1,0
BRDA:103,15,0,0
BRDA:103,15,1,0
BRDA:120,16,0,0
BRDA:120,16,1,0
BRDA:123,17,0,0
BRDA:123,17,1,0
BRDA:123,18,0,0
BRDA:123,18,1,0
BRDA:130,19,0,0
BRDA:130,19,1,0
BRDA:130,20,0,0
BRDA:130,20,1,0
BRDA:139,21,0,0
BRDA:139,21,1,0
BRDA:139,22,0,0
BRDA:139,22,1,0
BRF:46
BRH:0
end_of_record
TN:
SF:js/editor-ui.js
FN:5,(anonymous_0)
FN:14,(anonymous_1)
FN:33,(anonymous_2)
FN:47,(anonymous_3)
FN:62,(anonymous_4)
FN:87,(anonymous_5)
FN:103,(anonymous_6)
FN:108,(anonymous_7)
FN:138,(anonymous_8)
FN:157,(anonymous_9)
FN:176,(anonymous_10)
FN:184,(anonymous_11)
FN:198,(anonymous_12)
FN:213,(anonymous_13)
FN:214,(anonymous_14)
FN:221,(anonymous_15)
FN:229,(anonymous_16)
FN:230,(anonymous_17)
FN:236,(anonymous_18)
FN:243,(anonymous_19)
FN:244,(anonymous_20)
FN:252,(anonymous_21)
FN:261,(anonymous_22)
FN:265,(anonymous_23)
FN:307,(anonymous_24)
FN:380,(anonymous_25)
FN:393,(anonymous_26)
FN:547,(anonymous_27)
FN:556,(anonymous_28)
FN:785,(anonymous_29)
FNF:30
FNH:0
FNDA:0,(anonymous_0)
FNDA:0,(anonymous_1)
FNDA:0,(anonymous_2)
FNDA:0,(anonymous_3)
FNDA:0,(anonymous_4)
FNDA:0,(anonymous_5)
FNDA:0,(anonymous_6)
FNDA:0,(anonymous_7)
FNDA:0,(anonymous_8)
FNDA:0,(anonymous_9)
FNDA:0,(anonymous_10)
FNDA:0,(anonymous_11)
FNDA:0,(anonymous_12)
FNDA:0,(anonymous_13)
FNDA:0,(anonymous_14)
FNDA:0,(anonymous_15)
FNDA:0,(anonymous_16)
FNDA:0,(anonymous_17)
FNDA:0,(anonymous_18)
FNDA:0,(anonymous_19)
FNDA:0,(anonymous_20)
FNDA:0,(anonymous_21)
FNDA:0,(anonymous_22)
FNDA:0,(anonymous_23)
FNDA:0,(anonymous_24)
FNDA:0,(anonymous_25)
FNDA:0,(anonymous_26)
FNDA:0,(anonymous_27)
FNDA:0,(anonymous_28)
FNDA:0,(anonymous_29)
DA:5,0
DA:8,0
DA:9,0
DA:14,0
DA:15,0
DA:16,0
DA:17,0
DA:18,0
DA:19,0
DA:20,0
DA:21,0
DA:23,0
DA:24,0
DA:25,0
DA:33,0
DA:34,0
DA:35,0
DA:36,0
DA:37,0
DA:39,0
DA:40,0
DA:47,0
DA:48,0
DA:50,0
DA:51,0
DA:54,0
DA:55,0
DA:60,0
DA:61,0
DA:62,0
DA:63,0
DA:64,0
DA:70,0
DA:71,0
DA:72,0
DA:74,0
DA:79,0
DA:80,0
DA:87,0
DA:88,0
DA:90,0
DA:91,0
DA:92,0
DA:93,0
DA:97,0
DA:103,0
DA:104,0
DA:105,0
DA:108,0
DA:109,0
DA:110,0
DA:111,0
DA:112,0
DA:113,0
DA:117,0
DA:118,0
DA:119,0
DA:120,0
DA:121,0
DA:122,0
DA:123,0
DA:126,0
DA:130,0
DA:132,0
DA:133,0
DA:134,0
DA:135,0
DA:136,0
DA:138,0
DA:139,0
DA:141,0
DA:142,0
DA:143,0
DA:144,0
DA:146,0
DA:147,0
DA:149,0
DA:150,0
DA:151,0
DA:154,0
DA:157,0
DA:158,0
DA:160,0
DA:161,0
DA:162,0
DA:164,0
DA:165,0
DA:166,0
DA:167,0
DA:168,0
DA:169,0
DA:170,0
DA:172,0
DA:173,0
DA:176,0
DA:177,0
DA:178,0
DA:181,0
DA:184,0
DA:185,0
DA:187,0
DA:188,0
DA:189,0
DA:190,0
DA:192,0
DA:193,0
DA:194,0
DA:197,0
DA:198,0
DA:199,0
DA:201,0
DA:202,0
DA:203,0
DA:204,0
DA:206,0
DA:213,0
DA:214,0
DA:215,0
DA:216,0
DA:217,0
DA:218,0
DA:221,0
DA:222,0
DA:223,0
DA:224,0
DA:225,0
DA:229,0
DA:230,0
DA:231,0
DA:232,0
DA:233,0
DA:236,0
DA:237,0
DA:238,0
DA:239,0
DA:243,0
DA:244,0
DA:245,0
DA:246,0
DA:247,0
DA:248,0
DA:249,0
DA:252,0
DA:253,0
DA:254,0
DA:255,0
DA:256,0
DA:257,0
DA:258,0
DA:261,0
DA:262,0
DA:265,0
DA:266,0
DA:268,0
DA:269,0
DA:270,0
DA:271,0
DA:272,0
DA:273,0
DA:280,0
DA:281,0
DA:283,0
DA:284,0
DA:285,0
DA:286,0
DA:287,0
DA:288,0
DA:290,0
DA:293,0
DA:294,0
DA:295,0
DA:296,0
DA:298,0
DA:307,0
DA:308,0
DA:310,0
DA:311,0
DA:313,0
DA:314,0
DA:316,0
DA:317,0
DA:319,0
DA:320,0
DA:322,0
DA:323,0
DA:325,0
DA:326,0
DA:328,0
DA:329,0
DA:331,0
DA:332,0
DA:334,0
DA:335,0
DA:337,0
DA:338,0
DA:340,0
DA:341,0
DA:343,0
DA:344,0
DA:346,0
DA:347,0
DA:349,0
DA:350,0
DA:352,0
DA:353,0
DA:355,0
DA:356,0
DA:358,0
DA:359,0
DA:361,0
DA:362,0
DA:364,0
DA:365,0
DA:367,0
DA:368,0
DA:370,0
DA:371,0
DA:373,0
DA:380,0
DA:381,0
DA:382,0
DA:383,0
DA:385,0
DA:386,0
DA:387,0
DA:393,0
DA:394,0
DA:395,0
DA:398,0
DA:400,0
DA:401,0
DA:404,0
DA:405,0
DA:406,0
DA:407,0
DA:408,0
DA:410,0
DA:412,0
DA:413,0
DA:415,0
DA:419,0
DA:420,0
DA:423,0
DA:428,0
DA:430,0
DA:431,0
DA:432,0
DA:433,0
DA:434,0
DA:439,0
DA:440,0
DA:443,0
DA:444,0
DA:446,0
DA:447,0
DA:448,0
DA:450,0
DA:451,0
DA:452,0
DA:454,0
DA:455,0
DA:456,0
DA:458,0
DA:459,0
DA:460,0
DA:462,0
DA:463,0
DA:464,0
DA:466,0
DA:467,0
DA:468,0
DA:470,0
DA:474,0
DA:476,0
DA:477,0
DA:478,0
DA:480,0
DA:481,0
DA:482,0
DA:484,0
DA:485,0
DA:486,0
DA:488,0
DA:489,0
DA:490,0
DA:492,0
DA:493,0
DA:494,0
DA:496,0
DA:497,0
DA:498,0
DA:500,0
DA:501,0
DA:502,0
DA:504,0
DA:505,0
DA:506,0
DA:508,0
DA:509,0
DA:510,0
DA:512,0
DA:513,0
DA:514,0
DA:516,0
DA:517,0
DA:518,0
DA:520,0
DA:521,0
DA:522,0
DA:524,0
DA:525,0
DA:526,0
DA:528,0
DA:529,0
DA:530,0
DA:532,0
DA:533,0
DA:534,0
DA:536,0
DA:537,0
DA:538,0
DA:540,0
DA:547,0
DA:548,0
DA:549,0
DA:550,0
DA:556,0
DA:558,0
DA:778,0
DA:779,0
DA:780,0
DA:782,0
DA:783,0
DA:785,0
DA:788,0
DA:793,0
DA:806,0
LF:337
LH:0
BRDA:8,0,0,0
BRDA:8,0,1,0
BRDA:17,1,0,0
BRDA:17,1,1,0
BRDA:20,2,0,0
BRDA:20,2,1,0
BRDA:21,3,0,0
BRDA:21,3,1,0
BRDA:24,4,0,0
BRDA:24,4,1,0
BRDA:25,5,0,0
BRDA:25,5,1,0
BRDA:36,6,0,0
BRDA:36,6,1,0
BRDA:37,7,0,0
BRDA:37,7,1,0
BRDA:39,8,0,0
BRDA:39,8,1,0
BRDA:39,9,0,0
BRDA:39,9,1,0
BRDA:48,10,0,0
BRDA:48,10,1,0
BRDA:48,11,0,0
BRDA:48,11,1,0
BRDA:55,12,0,0
BRDA:55,12,1,0
BRDA:60,13,0,0
BRDA:60,13,1,0
BRDA:61,14,0,0
BRDA:61,14,1,0
BRDA:63,15,0,0
BRDA:63,15,1,0
BRDA:63,16,0,0
BRDA:63,16,1,0
BRDA:70,17,0,0
BRDA:70,17,1,0
BRDA:72,18,0,0
BRDA:72,18,1,0
BRDA:79,19,0,0
BRDA:79,19,1,0
BRDA:79,20,0,0
BRDA:79,20,1,0
BRDA:90,21,0,0
BRDA:90,21,1,0
BRDA:92,22,0,0
BRDA:92,22,1,0
BRDA:104,23,0,0
BRDA:104,23,1,0
BRDA:104,24,0,0
BRDA:104,24,1,0
BRDA:104,24,2,0
BRDA:104,24,3,0
BRDA:109,25,0,0
BRDA:109,25,1,0
BRDA:109,26,0,0
BRDA:109,26,1,0
BRDA:118,27,0,0
BRDA:118,27,1,0
BRDA:121,28,0,0
BRDA:121,28,1,0
BRDA:139,29,0,0
BRDA:139,29,1,0
BRDA:143,30,0,0
BRDA:143,30,1,0
BRDA:143,30,2,0
BRDA:149,31,0,0
BRDA:149,31,1,0
BRDA:158,32,0,0
BRDA:158,32,1,0
BRDA:160,33,0,0
BRDA:160,33,1,0
BRDA:160,33,2,0
BRDA:172,34,0,0
BRDA:172,34,1,0
BRDA:185,35,0,0
BRDA:185,35,1,0
BRDA:192,36,0,0
BRDA:192,36,1,0
BRDA:201,37,0,0
BRDA:201,37,1,0
BRDA:201,38,0,0
BRDA:201,38,1,0
BRDA:201,38,2,0
BRDA:249,39,0,0
BRDA:249,39,1,0
BRDA:255,40,0,0
BRDA:255,40,1,0
BRDA:266,41,0,0
BRDA:266,41,1,0
BRDA:269,42,0,0
BRDA:269,42,1,0
BRDA:272,43,0,0
BRDA:272,43,1,0
BRDA:283,44,0,0
BRDA:283,44,1,0
BRDA:286,45,0,0
BRDA:286,45,1,0
BRDA:294,46,0,0
BRDA:294,46,1,0
BRDA:308,47,0,0
BRDA:308,47,1,0
BRDA:308,47,2,0
BRDA:308,47,3,0
BRDA:308,47,4,0
BRDA:308,47,5,0
BRDA:308,47,6,0
BRDA:308,47,7,0
BRDA:308,47,8,0
BRDA:308,47,9,0
BRDA:308,47,10,0
BRDA:308,47,11,0
BRDA:308,47,12,0
BRDA:308,47,13,0
BRDA:308,47,14,0
BRDA:308,47,15,0
BRDA:308,47,16,0
BRDA:308,47,17,0
BRDA:308,47,18,0
BRDA:308,47,19,0
BRDA:308,47,20,0
BRDA:308,47,21,0
BRDA:310,48,0,0
BRDA:310,48,1,0
BRDA:313,49,0,0
BRDA:313,49,1,0
BRDA:316,50,0,0
BRDA:316,50,1,0
BRDA:319,51,0,0
BRDA:319,51,1,0
BRDA:322,52,0,0
BRDA:322,52,1,0
BRDA:325,53,0,0
BRDA:325,53,1,0
BRDA:328,54,0,0
BRDA:328,54,1,0
BRDA:331,55,0,0
BRDA:331,55,1,0
BRDA:334,56,0,0
BRDA:334,56,1,0
BRDA:337,57,0,0
BRDA:337,57,1,0
BRDA:340,58,0,0
BRDA:340,58,1,0
BRDA:343,59,0,0
BRDA:343,59,1,0
BRDA:346,60,0,0
BRDA:346,60,1,0
BRDA:349,61,0,0
BRDA:349,61,1,0
BRDA:352,62,0,0
BRDA:352,62,1,0
BRDA:355,63,0,0
BRDA:355,63,1,0
BRDA:358,64,0,0
BRDA:358,64,1,0
BRDA:361,65,0,0
BRDA:361,65,1,0
BRDA:364,66,0,0
BRDA:364,66,1,0
BRDA:367,67,0,0
BRDA:367,67,1,0
BRDA:370,68,0,0
BRDA:370,68,1,0
BRDA:382,69,0,0
BRDA:382,69,1,0
BRDA:395,70,0,0
BRDA:395,70,1,0
BRDA:398,71,0,0
BRDA:398,71,1,0
BRDA:398,72,0,0
BRDA:398,72,1,0
BRDA:400,73,0,0
BRDA:400,73,1,0
BRDA:404,74,0,0
BRDA:404,74,1,0
BRDA:407,75,0,0
BRDA:407,75,1,0
BRDA:410,76,0,0
BRDA:410,76,1,0
BRDA:412,77,0,0
BRDA:412,77,1,0
BRDA:413,78,0,0
BRDA:413,78,1,0
BRDA:415,79,0,0
BRDA:415,79,1,0
BRDA:419,80,0,0
BRDA:419,80,1,0
BRDA:428,81,0,0
BRDA:428,81,1,0
BRDA:428,82,0,0
BRDA:428,82,1,0
BRDA:428,82,2,0
BRDA:430,83,0,0
BRDA:430,83,1,0
BRDA:431,84,0,0
BRDA:431,84,1,0
BRDA:432,85,0,0
BRDA:432,85,1,0
BRDA:439,86,0,0
BRDA:439,86,1,0
BRDA:443,87,0,0
BRDA:443,87,1,0
BRDA:444,88,0,0
BRDA:444,88,1,0
BRDA:444,88,2,0
BRDA:444,88,3,0
BRDA:444,88,4,0
BRDA:444,88,5,0
BRDA:444,88,6,0
BRDA:459,89,0,0
BRDA:459,89,1,0
BRDA:463,90,0,0
BRDA:463,90,1,0
BRDA:467,91,0,0
BRDA:467,91,1,0
BRDA:474,92,0,0
BRDA:474,92,1,0
BRDA:474,92,2,0
BRDA:474,92,3,0
BRDA:474,92,4,0
BRDA:474,92,5,0
BRDA:474,92,6,0
BRDA:474,92,7,0
BRDA:474,92,8,0
BRDA:474,92,9,0
BRDA:474,92,10,0
BRDA:474,92,11,0
BRDA:474,92,12,0
BRDA:474,92,13,0
BRDA:474,92,14,0
BRDA:474,92,15,0
BRDA:474,92,16,0
BRDA:477,93,0,0
BRDA:477,93,1,0
BRDA:481,94,0,0
BRDA:481,94,1,0
BRDA:485,95,0,0
BRDA:485,95,1,0
BRDA:489,96,0,0
BRDA:489,96,1,0
BRDA:529,97,0,0
BRDA:529,97,1,0
BRDA:533,98,0,0
BRDA:533,98,1,0
BRDA:549,99,0,0
BRDA:549,99,1,0
BRDA:782,100,0,0
BRDA:782,100,1,0
BRF:248
BRH:0
end_of_record
TN:
SF:js/editor-utils.js
FN:5,(anonymous_0)
FN:14,(anonymous_1)
FN:19,(anonymous_2)
FN:47,(anonymous_3)
FN:53,(anonymous_4)
FN:67,(anonymous_5)
FN:70,(anonymous_6)
FN:83,(anonymous_7)
FN:95,(anonymous_8)
FN:111,(anonymous_9)
FN:116,(anonymous_10)
FN:126,(anonymous_11)
FN:142,(anonymous_12)
FN:158,(anonymous_13)
FN:168,(anonymous_14)
FNF:15
FNH:0
FNDA:0,(anonymous_0)
FNDA:0,(anonymous_1)
FNDA:0,(anonymous_2)
FNDA:0,(anonymous_3)
FNDA:0,(anonymous_4)
FNDA:0,(anonymous_5)
FNDA:0,(anonymous_6)
FNDA:0,(anonymous_7)
FNDA:0,(anonymous_8)
FNDA:0,(anonymous_9)
FNDA:0,(anonymous_10)
FNDA:0,(anonymous_11)
FNDA:0,(anonymous_12)
FNDA:0,(anonymous_13)
FNDA:0,(anonymous_14)
DA:5,0
DA:8,0
DA:9,0
DA:14,0
DA:19,0
DA:20,0
DA:21,0
DA:24,0
DA:47,0
DA:48,0
DA:50,0
DA:51,0
DA:52,0
DA:53,0
DA:54,0
DA:56,0
DA:57,0
DA:59,0
DA:60,0
DA:67,0
DA:68,0
DA:69,0
DA:70,0
DA:71,0
DA:72,0
DA:73,0
DA:74,0
DA:77,0
DA:83,0
DA:84,0
DA:85,0
DA:95,0
DA:96,0
DA:99,0
DA:100,0
DA:103,0
DA:104,0
DA:107,0
DA:108,0
DA:111,0
DA:112,0
DA:113,0
DA:116,0
DA:117,0
DA:118,0
DA:126,0
DA:127,0
DA:129,0
DA:130,0
DA:131,0
DA:132,0
DA:133,0
DA:134,0
DA:135,0
DA:136,0
DA:142,0
DA:143,0
DA:145,0
DA:146,0
DA:147,0
DA:150,0
DA:151,0
DA:158,0
DA:168,0
DA:169,0
DA:170,0
DA:174,0
DA:175,0
DA:176,0
DA:180,0
DA:181,0
DA:185,0
DA:188,0
DA:191,0
DA:194,0
DA:197,0
DA:198,0
DA:200,0
DA:201,0
DA:203,0
DA:208,0
DA:210,0
DA:211,0
DA:212,0
DA:214,0
DA:218,0
DA:222,0
DA:235,0
LF:88
LH:0
BRDA:8,0,0,0
BRDA:8,0,1,0
BRDA:20,1,0,0
BRDA:20,1,1,0
BRDA:20,2,0,0
BRDA:20,2,1,0
BRDA:48,3,0,0
BRDA:48,3,1,0
BRDA:50,4,0,0
BRDA:50,4,1,0
BRDA:53,5,0,0
BRDA:53,5,1,0
BRDA:56,6,0,0
BRDA:56,6,1,0
BRDA:57,7,0,0
BRDA:57,7,1,0
BRDA:57,8,0,0
BRDA:57,8,1,0
BRDA:59,9,0,0
BRDA:59,9,1,0
BRDA:60,10,0,0
BRDA:60,10,1,0
BRDA:73,11,0,0
BRDA:73,11,1,0
BRDA:84,12,0,0
BRDA:84,12,1,0
BRDA:96,13,0,0
BRDA:96,13,1,0
BRDA:127,14,0,0
BRDA:127,14,1,0
BRDA:143,15,0,0
BRDA:143,15,1,0
BRDA:145,16,0,0
BRDA:145,16,1,0
BRDA:150,17,0,0
BRDA:150,17,1,0
BRDA:150,18,0,0
BRDA:150,18,1,0
BRDA:169,19,0,0
BRDA:169,19,1,0
BRDA:169,20,0,0
BRDA:169,20,1,0
BRDA:175,21,0,0
BRDA:175,21,1,0
BRDA:180,22,0,0
BRDA:180,22,1,0
BRDA:197,23,0,0
BRDA:197,23,1,0
BRDA:208,24,0,0
BRDA:208,24,1,0
BRDA:208,25,0,0
BRDA:208,25,1,0
BRDA:208,25,2,0
BRF:53
BRH:0
end_of_record
TN:
SF:js/marked-lite.js
FN:5,(anonymous_0)
FN:8,(anonymous_1)
FN:15,(anonymous_2)
FN:17,(anonymous_3)
FN:21,(anonymous_4)
FN:29,(anonymous_5)
FN:42,(anonymous_6)
FN:62,(anonymous_7)
FN:66,(anonymous_8)
FN:71,(anonymous_9)
FN:85,(anonymous_10)
FN:105,(anonymous_11)
FN:110,(anonymous_12)
FN:123,(anonymous_13)
FN:125,(anonymous_14)
FN:130,(anonymous_15)
FN:132,(anonymous_16)
FN:187,(anonymous_17)
FN:195,(anonymous_18)
FN:199,(anonymous_19)
FN:201,(anonymous_20)
FN:201,(anonymous_21)
FN:383,(anonymous_22)
FN:396,(anonymous_23)
FNF:24
FNH:0
FNDA:0,(anonymous_0)
FNDA:0,(anonymous_1)
FNDA:0,(anonymous_2)
FNDA:0,(anonymous_3)
FNDA:0,(anonymous_4)
FNDA:0,(anonymous_5)
FNDA:0,(anonymous_6)
FNDA:0,(anonymous_7)
FNDA:0,(anonymous_8)
FNDA:0,(anonymous_9)
FNDA:0,(anonymous_10)
FNDA:0,(anonymous_11)
FNDA:0,(anonymous_12)
FNDA:0,(anonymous_13)
FNDA:0,(anonymous_14)
FNDA:0,(anonymous_15)
FNDA:0,(anonymous_16)
FNDA:0,(anonymous_17)
FNDA:0,(anonymous_18)
FNDA:0,(anonymous_19)
FNDA:0,(anonymous_20)
FNDA:0,(anonymous_21)
FNDA:0,(anonymous_22)
FNDA:0,(anonymous_23)
DA:5,0
DA:6,0
DA:8,0
DA:15,0
DA:17,0
DA:18,0
DA:21,0
DA:22,0
DA:23,0
DA:27,0
DA:28,0
DA:29,0
DA:30,0
DA:31,0
DA:36,0
DA:37,0
DA:41,0
DA:42,0
DA:43,0
DA:45,0
DA:47,0
DA:48,0
DA:50,0
DA:53,0
DA:58,0
DA:61,0
DA:62,0
DA:66,0
DA:67,0
DA:71,0
DA:72,0
DA:76,0
DA:77,0
DA:78,0
DA:79,0
DA:84,0
DA:85,0
DA:86,0
DA:87,0
DA:90,0
DA:94,0
DA:97,0
DA:100,0
DA:105,0
DA:107,0
DA:110,0
DA:112,0
DA:113,0
DA:114,0
DA:117,0
DA:118,0
DA:119,0
DA:123,0
DA:125,0
DA:130,0
DA:132,0
DA:133,0
DA:134,0
DA:135,0
DA:136,0
DA:140,0
DA:141,0
DA:142,0
DA:145,0
DA:146,0
DA:147,0
DA:149,0
DA:150,0
DA:151,0
DA:152,0
DA:154,0
DA:155,0
DA:156,0
DA:157,0
DA:158,0
DA:160,0
DA:161,0
DA:164,0
DA:165,0
DA:166,0
DA:167,0
DA:168,0
DA:170,0
DA:173,0
DA:174,0
DA:175,0
DA:178,0
DA:179,0
DA:180,0
DA:181,0
DA:184,0
DA:185,0
DA:186,0
DA:187,0
DA:188,0
DA:189,0
DA:190,0
DA:191,0
DA:192,0
DA:193,0
DA:195,0
DA:196,0
DA:199,0
DA:200,0
DA:201,0
DA:203,0
DA:204,0
DA:207,0
DA:208,0
DA:209,0
DA:210,0
DA:211,0
DA:212,0
DA:217,0
DA:220,0
DA:221,0
DA:222,0
DA:223,0
DA:224,0
DA:225,0
DA:226,0
DA:227,0
DA:230,0
DA:231,0
DA:232,0
DA:236,0
DA:238,0
DA:239,0
DA:240,0
DA:242,0
DA:243,0
DA:244,0
DA:245,0
DA:246,0
DA:250,0
DA:251,0
DA:253,0
DA:254,0
DA:255,0
DA:256,0
DA:259,0
DA:264,0
DA:265,0
DA:266,0
DA:270,0
DA:271,0
DA:272,0
DA:273,0
DA:274,0
DA:275,0
DA:276,0
DA:283,0
DA:284,0
DA:285,0
DA:289,0
DA:291,0
DA:292,0
DA:293,0
DA:295,0
DA:296,0
DA:297,0
DA:298,0
DA:299,0
DA:303,0
DA:304,0
DA:306,0
DA:307,0
DA:308,0
DA:309,0
DA:312,0
DA:317,0
DA:318,0
DA:322,0
DA:323,0
DA:324,0
DA:325,0
DA:326,0
DA:332,0
DA:334,0
DA:335,0
DA:337,0
DA:342,0
DA:346,0
DA:349,0
DA:350,0
DA:351,0
DA:352,0
DA:353,0
DA:357,0
DA:358,0
DA:359,0
DA:360,0
DA:361,0
DA:364,0
DA:365,0
DA:368,0
DA:370,0
DA:371,0
DA:373,0
DA:376,0
DA:377,0
DA:378,0
DA:379,0
DA:382,0
DA:383,0
DA:385,0
DA:386,0
DA:387,0
DA:388,0
DA:391,0
DA:392,0
DA:395,0
DA:396,0
DA:400,0
DA:404,0
DA:405,0
LF:216
LH:0
BRDA:17,0,0,0
BRDA:17,1,0,0
BRDA:28,2,0,0
BRDA:28,2,1,0
BRDA:37,3,0,0
BRDA:37,3,1,0
BRDA:47,4,0,0
BRDA:47,4,1,0
BRDA:61,5,0,0
BRDA:61,5,1,0
BRDA:61,6,0,0
BRDA:61,6,1,0
BRDA:84,7,0,0
BRDA:84,7,1,0
BRDA:84,8,0,0
BRDA:84,8,1,0
BRDA:90,9,0,0
BRDA:90,9,1,0
BRDA:100,10,0,0
BRDA:100,10,1,0
BRDA:117,11,0,0
BRDA:117,11,1,0
BRDA:132,12,0,0
BRDA:133,13,0,0
BRDA:133,13,1,0
BRDA:154,14,0,0
BRDA:154,14,1,0
BRDA:155,15,0,0
BRDA:155,15,1,0
BRDA:161,16,0,0
BRDA:161,16,1,0
BRDA:164,17,0,0
BRDA:164,17,1,0
BRDA:173,18,0,0
BRDA:173,18,1,0
BRDA:178,19,0,0
BRDA:178,19,1,0
BRDA:184,20,0,0
BRDA:184,20,1,0
BRDA:185,21,0,0
BRDA:185,21,1,0
BRDA:185,22,0,0
BRDA:185,22,1,0
BRDA:192,23,0,0
BRDA:192,23,1,0
BRDA:200,24,0,0
BRDA:200,24,1,0
BRDA:208,25,0,0
BRDA:208,25,1,0
BRDA:221,26,0,0
BRDA:221,26,1,0
BRDA:236,27,0,0
BRDA:236,27,1,0
BRDA:240,28,0,0
BRDA:240,28,1,0
BRDA:251,29,0,0
BRDA:251,29,1,0
BRDA:264,30,0,0
BRDA:264,30,1,0
BRDA:271,31,0,0
BRDA:271,31,1,0
BRDA:275,32,0,0
BRDA:275,32,1,0
BRDA:289,33,0,0
BRDA:289,33,1,0
BRDA:293,34,0,0
BRDA:293,34,1,0
BRDA:304,35,0,0
BRDA:304,35,1,0
BRDA:323,36,0,0
BRDA:323,36,1,0
BRDA:332,37,0,0
BRDA:332,37,1,0
BRDA:335,38,0,0
BRDA:335,38,1,0
BRDA:350,39,0,0
BRDA:350,39,1,0
BRDA:358,40,0,0
BRDA:358,40,1,0
BRDA:368,41,0,0
BRDA:368,41,1,0
BRDA:370,42,0,0
BRDA:370,42,1,0
BRDA:376,43,0,0
BRDA:376,43,1,0
BRDA:396,44,0,0
BRDA:396,44,1,0
BRDA:396,44,2,0
BRF:88
BRH:0
end_of_record
TN:
SF:js/sanitizer.js
FN:5,(anonymous_0)
FN:14,(anonymous_1)
FN:34,(anonymous_2)
FN:59,(anonymous_3)
FNF:4
FNH:0
FNDA:0,(anonymous_0)
FNDA:0,(anonymous_1)
FNDA:0,(anonymous_2)
FNDA:0,(anonymous_3)
DA:5,0
DA:6,0
DA:11,0
DA:12,0
DA:14,0
DA:15,0
DA:16,0
DA:19,0
DA:20,0
DA:21,0
DA:24,0
DA:25,0
DA:26,0
DA:27,0
DA:28,0
DA:30,0
DA:31,0
DA:34,0
DA:35,0
DA:36,0
DA:37,0
DA:38,0
DA:39,0
DA:41,0
DA:42,0
DA:43,0
DA:47,0
DA:48,0
DA:50,0
DA:51,0
DA:52,0
DA:56,0
DA:59,0
DA:60,0
DA:61,0
DA:62,0
DA:63,0
DA:66,0
LF:38
LH:0
BRDA:15,0,0,0
BRDA:15,0,1,0
BRDA:19,1,0,0
BRDA:19,1,1,0
BRDA:25,2,0,0
BRDA:25,2,1,0
BRDA:36,3,0,0
BRDA:36,3,1,0
BRDA:37,4,0,0
BRDA:37,4,1,0
BRDA:41,5,0,0
BRDA:41,5,1,0
BRDA:47,6,0,0
BRDA:47,6,1,0
BRDA:48,7,0,0
BRDA:48,7,1,0
BRDA:50,8,0,0
BRDA:50,8,1,0
BRDA:50,9,0,0
BRDA:50,9,1,0
BRF:20
BRH:0
end_of_record
