TN:
SF:js/editor.js
FN:9,(anonymous_0)
FN:20,(anonymous_1)
FN:31,(anonymous_2)
FN:91,(anonymous_3)
FN:105,(anonymous_4)
FN:116,(anonymous_5)
FN:117,(anonymous_6)
FN:126,(anonymous_7)
FN:160,(anonymous_8)
FN:222,(anonymous_9)
FN:247,(anonymous_10)
FN:267,(anonymous_11)
FN:277,(anonymous_12)
FN:289,(anonymous_13)
FN:300,(anonymous_14)
FN:302,(anonymous_15)
FN:334,(anonymous_16)
FN:351,(anonymous_17)
FN:358,(anonymous_18)
FN:374,(anonymous_19)
FN:395,(anonymous_20)
FN:405,(anonymous_21)
FN:415,(anonymous_22)
FN:423,(anonymous_23)
FN:430,(anonymous_24)
FN:450,(anonymous_25)
FN:463,(anonymous_26)
FN:475,(anonymous_27)
FN:487,(anonymous_28)
FN:522,(anonymous_29)
FN:540,(anonymous_30)
FN:566,(anonymous_31)
FN:586,(anonymous_32)
FN:590,(anonymous_33)
FN:592,(anonymous_34)
FN:639,(anonymous_35)
FN:677,(anonymous_36)
FN:713,(anonymous_37)
FN:742,(anonymous_38)
FN:744,(anonymous_39)
FN:757,(anonymous_40)
FN:768,(anonymous_41)
FN:781,(anonymous_42)
FN:807,(anonymous_43)
FN:809,(anonymous_44)
FN:812,(anonymous_45)
FN:820,(anonymous_46)
FN:834,(anonymous_47)
FN:835,(anonymous_48)
FN:856,(anonymous_49)
FN:872,(anonymous_50)
FN:882,(anonymous_51)
FN:892,(anonymous_52)
FN:904,(anonymous_53)
FN:912,(anonymous_54)
FN:926,(anonymous_55)
FN:938,(anonymous_56)
FN:958,(anonymous_57)
FN:976,(anonymous_58)
FN:1039,(anonymous_59)
FN:1050,(anonymous_60)
FN:1064,(anonymous_61)
FN:1069,(anonymous_62)
FN:1102,(anonymous_63)
FN:1121,(anonymous_64)
FN:1164,(anonymous_65)
FN:1185,(anonymous_66)
FN:1242,(anonymous_67)
FN:1243,(anonymous_68)
FN:1252,(anonymous_69)
FN:1253,(anonymous_70)
FN:1254,(anonymous_71)
FN:1254,(anonymous_72)
FN:1255,(anonymous_73)
FN:1257,(anonymous_74)
FN:1258,(anonymous_75)
FN:1258,(anonymous_76)
FN:1259,(anonymous_77)
FN:1271,(anonymous_78)
FN:1275,(anonymous_79)
FN:1285,(anonymous_80)
FN:1293,(anonymous_81)
FN:1304,(anonymous_82)
FN:1316,(anonymous_83)
FN:1328,(anonymous_84)
FN:1341,(anonymous_85)
FN:1357,(anonymous_86)
FN:1359,(anonymous_87)
FN:1365,(anonymous_88)
FN:1376,(anonymous_89)
FN:1385,(anonymous_90)
FN:1389,(anonymous_91)
FN:1395,(anonymous_92)
FN:1399,(anonymous_93)
FN:1405,(anonymous_94)
FN:1407,(anonymous_95)
FN:1416,(anonymous_96)
FN:1438,(anonymous_97)
FN:1461,(anonymous_98)
FN:1494,(anonymous_99)
FN:1508,(anonymous_100)
FN:1512,(anonymous_101)
FN:1530,(anonymous_102)
FN:1552,(anonymous_103)
FN:1560,(anonymous_104)
FN:1563,(anonymous_105)
FN:1599,(anonymous_106)
FN:1604,(anonymous_107)
FN:1610,(anonymous_108)
FN:1653,(anonymous_109)
FN:1656,(anonymous_110)
FN:1688,(anonymous_111)
FN:1695,(anonymous_112)
FN:1707,(anonymous_113)
FN:1719,(anonymous_114)
FN:1756,(anonymous_115)
FN:1767,(anonymous_116)
FN:1781,(anonymous_117)
FN:1796,(anonymous_118)
FN:1806,(anonymous_119)
FN:1814,(anonymous_120)
FN:1822,(anonymous_121)
FN:1836,(anonymous_122)
FN:1848,(anonymous_123)
FN:1861,(anonymous_124)
FN:1877,(anonymous_125)
FN:1888,(anonymous_126)
FN:1900,(anonymous_127)
FN:1906,(anonymous_128)
FN:1910,(anonymous_129)
FN:1914,(anonymous_130)
FN:1921,(anonymous_131)
FN:1925,(anonymous_132)
FN:1930,(anonymous_133)
FN:1935,(anonymous_134)
FN:1940,(anonymous_135)
FN:1957,(anonymous_136)
FN:1975,(anonymous_137)
FN:1994,(anonymous_138)
FN:2004,(anonymous_139)
FN:2017,(anonymous_140)
FN:2051,(anonymous_141)
FN:2085,(anonymous_142)
FN:2112,(anonymous_143)
FN:2135,(anonymous_144)
FN:2144,(anonymous_145)
FN:2155,(anonymous_146)
FN:2165,(anonymous_147)
FN:2176,(anonymous_148)
FN:2192,(anonymous_149)
FN:2195,(anonymous_150)
FN:2200,(anonymous_151)
FN:2211,(anonymous_152)
FN:2213,(anonymous_153)
FN:2218,(anonymous_154)
FN:2226,(anonymous_155)
FN:2242,(anonymous_156)
FN:2248,(anonymous_157)
FN:2258,(anonymous_158)
FN:2283,(anonymous_159)
FN:2291,(anonymous_160)
FN:2295,(anonymous_161)
FN:2307,(anonymous_162)
FN:2327,(anonymous_163)
FN:2337,(anonymous_164)
FN:2371,(anonymous_165)
FN:2407,(anonymous_166)
FN:2429,(anonymous_167)
FN:2445,(anonymous_168)
FN:2466,(anonymous_169)
FN:2480,(anonymous_170)
FN:2483,(anonymous_171)
FN:2489,(anonymous_172)
FN:2505,(anonymous_173)
FN:2515,(anonymous_174)
FN:2545,(anonymous_175)
FN:2563,(anonymous_176)
FN:2565,(anonymous_177)
FN:2566,(anonymous_178)
FN:2569,(anonymous_179)
FN:2582,(anonymous_180)
FN:2583,(anonymous_181)
FN:2584,(anonymous_182)
FN:2586,(anonymous_183)
FN:2599,(anonymous_184)
FN:2600,(anonymous_185)
FN:2601,(anonymous_186)
FN:2603,(anonymous_187)
FN:2616,(anonymous_188)
FN:2617,(anonymous_189)
FN:2618,(anonymous_190)
FN:2620,(anonymous_191)
FN:2649,(anonymous_192)
FN:2652,(anonymous_193)
FN:2653,(anonymous_194)
FN:2668,(anonymous_195)
FN:2681,(anonymous_196)
FN:2692,(anonymous_197)
FN:2703,(anonymous_198)
FN:2715,(anonymous_199)
FN:2734,(anonymous_200)
FN:2738,(anonymous_201)
FN:2750,(anonymous_202)
FN:2755,(anonymous_203)
FN:2766,(anonymous_204)
FN:2783,(anonymous_205)
FN:2796,(anonymous_206)
FN:2797,(anonymous_207)
FN:2806,(anonymous_208)
FN:2822,(anonymous_209)
FN:2828,(anonymous_210)
FN:2842,(anonymous_211)
FN:2846,(anonymous_212)
FN:2851,(anonymous_213)
FN:2865,(anonymous_214)
FN:2882,(anonymous_215)
FN:2884,(anonymous_216)
FN:2891,(anonymous_217)
FN:2907,(anonymous_218)
FN:2972,(anonymous_219)
FN:2983,(anonymous_220)
FN:2991,(anonymous_221)
FN:3011,(anonymous_222)
FN:3020,(anonymous_223)
FN:3032,(anonymous_224)
FN:3048,(anonymous_225)
FN:3103,(anonymous_226)
FN:3154,(anonymous_227)
FN:3218,(anonymous_228)
FN:3227,(anonymous_229)
FN:3275,(anonymous_230)
FN:3278,(anonymous_231)
FN:3293,(anonymous_232)
FN:3295,(anonymous_233)
FN:3299,(anonymous_234)
FN:3303,(anonymous_235)
FN:3311,(anonymous_236)
FN:3341,(anonymous_237)
FN:3356,(anonymous_238)
FN:3359,(anonymous_239)
FN:3367,(anonymous_240)
FN:3436,(anonymous_241)
FN:3452,(anonymous_242)
FN:3461,(anonymous_243)
FN:3470,(anonymous_244)
FN:3494,(anonymous_245)
FN:3514,(anonymous_246)
FN:3530,(anonymous_247)
FN:3537,(anonymous_248)
FN:3558,(anonymous_249)
FN:3586,(anonymous_250)
FN:3602,(anonymous_251)
FN:3624,(anonymous_252)
FN:3661,(anonymous_253)
FN:3676,(anonymous_254)
FN:3687,(anonymous_255)
FN:3705,(anonymous_256)
FN:3764,(anonymous_257)
FN:3793,(anonymous_258)
FN:3823,(anonymous_259)
FN:3830,(anonymous_260)
FN:3837,(anonymous_261)
FN:3847,(anonymous_262)
FN:3849,(anonymous_263)
FN:3869,(anonymous_264)
FN:3920,(anonymous_265)
FN:3958,(anonymous_266)
FN:3986,(anonymous_267)
FN:3998,(anonymous_268)
FN:4021,(anonymous_269)
FN:4036,(anonymous_270)
FN:4057,(anonymous_271)
FN:4069,(anonymous_272)
FN:4084,(anonymous_273)
FN:4111,(anonymous_274)
FN:4132,(anonymous_275)
FN:4158,(anonymous_276)
FN:4167,(anonymous_277)
FN:4185,(anonymous_278)
FN:4212,(anonymous_279)
FN:4217,(anonymous_280)
FN:4225,(anonymous_281)
FN:4233,(anonymous_282)
FN:4247,(anonymous_283)
FN:4252,(anonymous_284)
FN:4263,(anonymous_285)
FN:4266,(anonymous_286)
FN:4274,(anonymous_287)
FN:4298,(anonymous_288)
FN:4323,(anonymous_289)
FN:4374,(anonymous_290)
FN:4388,(anonymous_291)
FN:4401,(anonymous_292)
FN:4408,(anonymous_293)
FN:4418,(anonymous_294)
FN:4429,(anonymous_295)
FN:4473,(anonymous_296)
FN:4515,(anonymous_297)
FN:4546,(anonymous_298)
FN:4579,(anonymous_299)
FN:4597,(anonymous_300)
FN:4625,(anonymous_301)
FN:4648,(anonymous_302)
FN:4676,(anonymous_303)
FN:4677,(anonymous_304)
FN:4693,(anonymous_305)
FN:4740,(anonymous_306)
FN:4786,(anonymous_307)
FN:4788,executedFunction
FN:4789,(anonymous_309)
FN:4800,(anonymous_310)
FN:4807,(anonymous_311)
FNF:312
FNH:0
FNDA:0,(anonymous_0)
FNDA:0,(anonymous_1)
FNDA:0,(anonymous_2)
FNDA:0,(anonymous_3)
FNDA:0,(anonymous_4)
FNDA:0,(anonymous_5)
FNDA:0,(anonymous_6)
FNDA:0,(anonymous_7)
FNDA:0,(anonymous_8)
FNDA:0,(anonymous_9)
FNDA:0,(anonymous_10)
FNDA:0,(anonymous_11)
FNDA:0,(anonymous_12)
FNDA:0,(anonymous_13)
FNDA:0,(anonymous_14)
FNDA:0,(anonymous_15)
FNDA:0,(anonymous_16)
FNDA:0,(anonymous_17)
FNDA:0,(anonymous_18)
FNDA:0,(anonymous_19)
FNDA:0,(anonymous_20)
FNDA:0,(anonymous_21)
FNDA:0,(anonymous_22)
FNDA:0,(anonymous_23)
FNDA:0,(anonymous_24)
FNDA:0,(anonymous_25)
FNDA:0,(anonymous_26)
FNDA:0,(anonymous_27)
FNDA:0,(anonymous_28)
FNDA:0,(anonymous_29)
FNDA:0,(anonymous_30)
FNDA:0,(anonymous_31)
FNDA:0,(anonymous_32)
FNDA:0,(anonymous_33)
FNDA:0,(anonymous_34)
FNDA:0,(anonymous_35)
FNDA:0,(anonymous_36)
FNDA:0,(anonymous_37)
FNDA:0,(anonymous_38)
FNDA:0,(anonymous_39)
FNDA:0,(anonymous_40)
FNDA:0,(anonymous_41)
FNDA:0,(anonymous_42)
FNDA:0,(anonymous_43)
FNDA:0,(anonymous_44)
FNDA:0,(anonymous_45)
FNDA:0,(anonymous_46)
FNDA:0,(anonymous_47)
FNDA:0,(anonymous_48)
FNDA:0,(anonymous_49)
FNDA:0,(anonymous_50)
FNDA:0,(anonymous_51)
FNDA:0,(anonymous_52)
FNDA:0,(anonymous_53)
FNDA:0,(anonymous_54)
FNDA:0,(anonymous_55)
FNDA:0,(anonymous_56)
FNDA:0,(anonymous_57)
FNDA:0,(anonymous_58)
FNDA:0,(anonymous_59)
FNDA:0,(anonymous_60)
FNDA:0,(anonymous_61)
FNDA:0,(anonymous_62)
FNDA:0,(anonymous_63)
FNDA:0,(anonymous_64)
FNDA:0,(anonymous_65)
FNDA:0,(anonymous_66)
FNDA:0,(anonymous_67)
FNDA:0,(anonymous_68)
FNDA:0,(anonymous_69)
FNDA:0,(anonymous_70)
FNDA:0,(anonymous_71)
FNDA:0,(anonymous_72)
FNDA:0,(anonymous_73)
FNDA:0,(anonymous_74)
FNDA:0,(anonymous_75)
FNDA:0,(anonymous_76)
FNDA:0,(anonymous_77)
FNDA:0,(anonymous_78)
FNDA:0,(anonymous_79)
FNDA:0,(anonymous_80)
FNDA:0,(anonymous_81)
FNDA:0,(anonymous_82)
FNDA:0,(anonymous_83)
FNDA:0,(anonymous_84)
FNDA:0,(anonymous_85)
FNDA:0,(anonymous_86)
FNDA:0,(anonymous_87)
FNDA:0,(anonymous_88)
FNDA:0,(anonymous_89)
FNDA:0,(anonymous_90)
FNDA:0,(anonymous_91)
FNDA:0,(anonymous_92)
FNDA:0,(anonymous_93)
FNDA:0,(anonymous_94)
FNDA:0,(anonymous_95)
FNDA:0,(anonymous_96)
FNDA:0,(anonymous_97)
FNDA:0,(anonymous_98)
FNDA:0,(anonymous_99)
FNDA:0,(anonymous_100)
FNDA:0,(anonymous_101)
FNDA:0,(anonymous_102)
FNDA:0,(anonymous_103)
FNDA:0,(anonymous_104)
FNDA:0,(anonymous_105)
FNDA:0,(anonymous_106)
FNDA:0,(anonymous_107)
FNDA:0,(anonymous_108)
FNDA:0,(anonymous_109)
FNDA:0,(anonymous_110)
FNDA:0,(anonymous_111)
FNDA:0,(anonymous_112)
FNDA:0,(anonymous_113)
FNDA:0,(anonymous_114)
FNDA:0,(anonymous_115)
FNDA:0,(anonymous_116)
FNDA:0,(anonymous_117)
FNDA:0,(anonymous_118)
FNDA:0,(anonymous_119)
FNDA:0,(anonymous_120)
FNDA:0,(anonymous_121)
FNDA:0,(anonymous_122)
FNDA:0,(anonymous_123)
FNDA:0,(anonymous_124)
FNDA:0,(anonymous_125)
FNDA:0,(anonymous_126)
FNDA:0,(anonymous_127)
FNDA:0,(anonymous_128)
FNDA:0,(anonymous_129)
FNDA:0,(anonymous_130)
FNDA:0,(anonymous_131)
FNDA:0,(anonymous_132)
FNDA:0,(anonymous_133)
FNDA:0,(anonymous_134)
FNDA:0,(anonymous_135)
FNDA:0,(anonymous_136)
FNDA:0,(anonymous_137)
FNDA:0,(anonymous_138)
FNDA:0,(anonymous_139)
FNDA:0,(anonymous_140)
FNDA:0,(anonymous_141)
FNDA:0,(anonymous_142)
FNDA:0,(anonymous_143)
FNDA:0,(anonymous_144)
FNDA:0,(anonymous_145)
FNDA:0,(anonymous_146)
FNDA:0,(anonymous_147)
FNDA:0,(anonymous_148)
FNDA:0,(anonymous_149)
FNDA:0,(anonymous_150)
FNDA:0,(anonymous_151)
FNDA:0,(anonymous_152)
FNDA:0,(anonymous_153)
FNDA:0,(anonymous_154)
FNDA:0,(anonymous_155)
FNDA:0,(anonymous_156)
FNDA:0,(anonymous_157)
FNDA:0,(anonymous_158)
FNDA:0,(anonymous_159)
FNDA:0,(anonymous_160)
FNDA:0,(anonymous_161)
FNDA:0,(anonymous_162)
FNDA:0,(anonymous_163)
FNDA:0,(anonymous_164)
FNDA:0,(anonymous_165)
FNDA:0,(anonymous_166)
FNDA:0,(anonymous_167)
FNDA:0,(anonymous_168)
FNDA:0,(anonymous_169)
FNDA:0,(anonymous_170)
FNDA:0,(anonymous_171)
FNDA:0,(anonymous_172)
FNDA:0,(anonymous_173)
FNDA:0,(anonymous_174)
FNDA:0,(anonymous_175)
FNDA:0,(anonymous_176)
FNDA:0,(anonymous_177)
FNDA:0,(anonymous_178)
FNDA:0,(anonymous_179)
FNDA:0,(anonymous_180)
FNDA:0,(anonymous_181)
FNDA:0,(anonymous_182)
FNDA:0,(anonymous_183)
FNDA:0,(anonymous_184)
FNDA:0,(anonymous_185)
FNDA:0,(anonymous_186)
FNDA:0,(anonymous_187)
FNDA:0,(anonymous_188)
FNDA:0,(anonymous_189)
FNDA:0,(anonymous_190)
FNDA:0,(anonymous_191)
FNDA:0,(anonymous_192)
FNDA:0,(anonymous_193)
FNDA:0,(anonymous_194)
FNDA:0,(anonymous_195)
FNDA:0,(anonymous_196)
FNDA:0,(anonymous_197)
FNDA:0,(anonymous_198)
FNDA:0,(anonymous_199)
FNDA:0,(anonymous_200)
FNDA:0,(anonymous_201)
FNDA:0,(anonymous_202)
FNDA:0,(anonymous_203)
FNDA:0,(anonymous_204)
FNDA:0,(anonymous_205)
FNDA:0,(anonymous_206)
FNDA:0,(anonymous_207)
FNDA:0,(anonymous_208)
FNDA:0,(anonymous_209)
FNDA:0,(anonymous_210)
FNDA:0,(anonymous_211)
FNDA:0,(anonymous_212)
FNDA:0,(anonymous_213)
FNDA:0,(anonymous_214)
FNDA:0,(anonymous_215)
FNDA:0,(anonymous_216)
FNDA:0,(anonymous_217)
FNDA:0,(anonymous_218)
FNDA:0,(anonymous_219)
FNDA:0,(anonymous_220)
FNDA:0,(anonymous_221)
FNDA:0,(anonymous_222)
FNDA:0,(anonymous_223)
FNDA:0,(anonymous_224)
FNDA:0,(anonymous_225)
FNDA:0,(anonymous_226)
FNDA:0,(anonymous_227)
FNDA:0,(anonymous_228)
FNDA:0,(anonymous_229)
FNDA:0,(anonymous_230)
FNDA:0,(anonymous_231)
FNDA:0,(anonymous_232)
FNDA:0,(anonymous_233)
FNDA:0,(anonymous_234)
FNDA:0,(anonymous_235)
FNDA:0,(anonymous_236)
FNDA:0,(anonymous_237)
FNDA:0,(anonymous_238)
FNDA:0,(anonymous_239)
FNDA:0,(anonymous_240)
FNDA:0,(anonymous_241)
FNDA:0,(anonymous_242)
FNDA:0,(anonymous_243)
FNDA:0,(anonymous_244)
FNDA:0,(anonymous_245)
FNDA:0,(anonymous_246)
FNDA:0,(anonymous_247)
FNDA:0,(anonymous_248)
FNDA:0,(anonymous_249)
FNDA:0,(anonymous_250)
FNDA:0,(anonymous_251)
FNDA:0,(anonymous_252)
FNDA:0,(anonymous_253)
FNDA:0,(anonymous_254)
FNDA:0,(anonymous_255)
FNDA:0,(anonymous_256)
FNDA:0,(anonymous_257)
FNDA:0,(anonymous_258)
FNDA:0,(anonymous_259)
FNDA:0,(anonymous_260)
FNDA:0,(anonymous_261)
FNDA:0,(anonymous_262)
FNDA:0,(anonymous_263)
FNDA:0,(anonymous_264)
FNDA:0,(anonymous_265)
FNDA:0,(anonymous_266)
FNDA:0,(anonymous_267)
FNDA:0,(anonymous_268)
FNDA:0,(anonymous_269)
FNDA:0,(anonymous_270)
FNDA:0,(anonymous_271)
FNDA:0,(anonymous_272)
FNDA:0,(anonymous_273)
FNDA:0,(anonymous_274)
FNDA:0,(anonymous_275)
FNDA:0,(anonymous_276)
FNDA:0,(anonymous_277)
FNDA:0,(anonymous_278)
FNDA:0,(anonymous_279)
FNDA:0,(anonymous_280)
FNDA:0,(anonymous_281)
FNDA:0,(anonymous_282)
FNDA:0,(anonymous_283)
FNDA:0,(anonymous_284)
FNDA:0,(anonymous_285)
FNDA:0,(anonymous_286)
FNDA:0,(anonymous_287)
FNDA:0,(anonymous_288)
FNDA:0,(anonymous_289)
FNDA:0,(anonymous_290)
FNDA:0,(anonymous_291)
FNDA:0,(anonymous_292)
FNDA:0,(anonymous_293)
FNDA:0,(anonymous_294)
FNDA:0,(anonymous_295)
FNDA:0,(anonymous_296)
FNDA:0,(anonymous_297)
FNDA:0,(anonymous_298)
FNDA:0,(anonymous_299)
FNDA:0,(anonymous_300)
FNDA:0,(anonymous_301)
FNDA:0,(anonymous_302)
FNDA:0,(anonymous_303)
FNDA:0,(anonymous_304)
FNDA:0,(anonymous_305)
FNDA:0,(anonymous_306)
FNDA:0,(anonymous_307)
FNDA:0,executedFunction
FNDA:0,(anonymous_309)
FNDA:0,(anonymous_310)
FNDA:0,(anonymous_311)
DA:10,0
DA:11,0
DA:12,0
DA:14,0
DA:21,0
DA:22,0
DA:23,0
DA:25,0
DA:33,0
DA:34,0
DA:36,0
DA:37,0
DA:39,0
DA:40,0
DA:42,0
DA:43,0
DA:46,0
DA:47,0
DA:49,0
DA:50,0
DA:52,0
DA:53,0
DA:56,0
DA:57,0
DA:59,0
DA:60,0
DA:63,0
DA:64,0
DA:66,0
DA:67,0
DA:69,0
DA:70,0
DA:73,0
DA:74,0
DA:77,0
DA:78,0
DA:79,0
DA:82,0
DA:92,0
DA:93,0
DA:106,0
DA:117,0
DA:118,0
DA:128,0
DA:130,0
DA:131,0
DA:132,0
DA:133,0
DA:136,0
DA:137,0
DA:138,0
DA:141,0
DA:142,0
DA:144,0
DA:145,0
DA:146,0
DA:148,0
DA:151,0
DA:161,0
DA:162,0
DA:173,0
DA:174,0
DA:176,0
DA:180,0
DA:181,0
DA:183,0
DA:186,0
DA:187,0
DA:189,0
DA:192,0
DA:193,0
DA:197,0
DA:198,0
DA:200,0
DA:204,0
DA:205,0
DA:208,0
DA:209,0
DA:212,0
DA:215,0
DA:224,0
DA:225,0
DA:226,0
DA:227,0
DA:228,0
DA:229,0
DA:232,0
DA:233,0
DA:236,0
DA:237,0
DA:239,0
DA:240,0
DA:241,0
DA:243,0
DA:244,0
DA:245,0
DA:246,0
DA:247,0
DA:249,0
DA:250,0
DA:253,0
DA:254,0
DA:256,0
DA:257,0
DA:258,0
DA:261,0
DA:264,0
DA:267,0
DA:268,0
DA:269,0
DA:278,0
DA:287,0
DA:289,0
DA:290,0
DA:291,0
DA:293,0
DA:294,0
DA:295,0
DA:297,0
DA:298,0
DA:300,0
DA:301,0
DA:302,0
DA:304,0
DA:305,0
DA:307,0
DA:308,0
DA:310,0
DA:311,0
DA:312,0
DA:314,0
DA:315,0
DA:316,0
DA:318,0
DA:319,0
DA:320,0
DA:324,0
DA:325,0
DA:335,0
DA:337,0
DA:352,0
DA:354,0
DA:355,0
DA:358,0
DA:359,0
DA:360,0
DA:361,0
DA:366,0
DA:368,0
DA:375,0
DA:377,0
DA:378,0
DA:381,0
DA:382,0
DA:386,0
DA:388,0
DA:396,0
DA:397,0
DA:406,0
DA:407,0
DA:416,0
DA:424,0
DA:432,0
DA:435,0
DA:436,0
DA:441,0
DA:451,0
DA:452,0
DA:453,0
DA:454,0
DA:455,0
DA:457,0
DA:464,0
DA:465,0
DA:466,0
DA:467,0
DA:469,0
DA:476,0
DA:477,0
DA:478,0
DA:479,0
DA:480,0
DA:481,0
DA:489,0
DA:490,0
DA:491,0
DA:494,0
DA:495,0
DA:496,0
DA:497,0
DA:498,0
DA:501,0
DA:502,0
DA:503,0
DA:507,0
DA:510,0
DA:513,0
DA:516,0
DA:523,0
DA:524,0
DA:525,0
DA:526,0
DA:529,0
DA:530,0
DA:531,0
DA:532,0
DA:533,0
DA:535,0
DA:539,0
DA:540,0
DA:541,0
DA:542,0
DA:544,0
DA:545,0
DA:546,0
DA:549,0
DA:550,0
DA:553,0
DA:558,0
DA:567,0
DA:568,0
DA:580,0
DA:587,0
DA:588,0
DA:590,0
DA:591,0
DA:592,0
DA:593,0
DA:595,0
DA:598,0
DA:599,0
DA:600,0
DA:604,0
DA:605,0
DA:606,0
DA:609,0
DA:610,0
DA:611,0
DA:614,0
DA:615,0
DA:616,0
DA:620,0
DA:621,0
DA:622,0
DA:625,0
DA:626,0
DA:627,0
DA:628,0
DA:631,0
DA:640,0
DA:641,0
DA:643,0
DA:644,0
DA:645,0
DA:646,0
DA:647,0
DA:648,0
DA:651,0
DA:652,0
DA:653,0
DA:654,0
DA:655,0
DA:658,0
DA:659,0
DA:660,0
DA:661,0
DA:662,0
DA:663,0
DA:666,0
DA:667,0
DA:668,0
DA:669,0
DA:670,0
DA:678,0
DA:679,0
DA:681,0
DA:682,0
DA:683,0
DA:684,0
DA:687,0
DA:688,0
DA:689,0
DA:690,0
DA:691,0
DA:694,0
DA:695,0
DA:696,0
DA:697,0
DA:701,0
DA:702,0
DA:703,0
DA:704,0
DA:705,0
DA:706,0
DA:714,0
DA:715,0
DA:716,0
DA:717,0
DA:721,0
DA:722,0
DA:723,0
DA:725,0
DA:726,0
DA:729,0
DA:730,0
DA:733,0
DA:734,0
DA:735,0
DA:744,0
DA:745,0
DA:751,0
DA:752,0
DA:757,0
DA:758,0
DA:759,0
DA:770,0
DA:771,0
DA:772,0
DA:782,0
DA:786,0
DA:788,0
DA:789,0
DA:791,0
DA:792,0
DA:793,0
DA:794,0
DA:797,0
DA:798,0
DA:799,0
DA:809,0
DA:811,0
DA:812,0
DA:813,0
DA:814,0
DA:820,0
DA:821,0
DA:822,0
DA:825,0
DA:826,0
DA:827,0
DA:832,0
DA:833,0
DA:834,0
DA:835,0
DA:836,0
DA:837,0
DA:838,0
DA:839,0
DA:840,0
DA:847,0
DA:857,0
DA:860,0
DA:861,0
DA:862,0
DA:865,0
DA:868,0
DA:871,0
DA:872,0
DA:873,0
DA:876,0
DA:883,0
DA:884,0
DA:885,0
DA:893,0
DA:894,0
DA:895,0
DA:896,0
DA:905,0
DA:906,0
DA:913,0
DA:914,0
DA:915,0
DA:917,0
DA:927,0
DA:928,0
DA:929,0
DA:930,0
DA:939,0
DA:951,0
DA:952,0
DA:960,0
DA:961,0
DA:965,0
DA:967,0
DA:978,0
DA:1018,0
DA:1026,0
DA:1040,0
DA:1041,0
DA:1044,0
DA:1047,0
DA:1050,0
DA:1051,0
DA:1052,0
DA:1056,0
DA:1057,0
DA:1058,0
DA:1059,0
DA:1060,0
DA:1061,0
DA:1064,0
DA:1065,0
DA:1069,0
DA:1070,0
DA:1074,0
DA:1075,0
DA:1076,0
DA:1077,0
DA:1080,0
DA:1083,0
DA:1086,0
DA:1089,0
DA:1092,0
DA:1094,0
DA:1103,0
DA:1104,0
DA:1108,0
DA:1109,0
DA:1112,0
DA:1114,0
DA:1122,0
DA:1124,0
DA:1125,0
DA:1128,0
DA:1130,0
DA:1131,0
DA:1132,0
DA:1136,0
DA:1137,0
DA:1139,0
DA:1140,0
DA:1141,0
DA:1144,0
DA:1145,0
DA:1147,0
DA:1148,0
DA:1155,0
DA:1165,0
DA:1171,0
DA:1172,0
DA:1173,0
DA:1174,0
DA:1177,0
DA:1186,0
DA:1187,0
DA:1188,0
DA:1189,0
DA:1190,0
DA:1192,0
DA:1193,0
DA:1194,0
DA:1195,0
DA:1197,0
DA:1198,0
DA:1199,0
DA:1200,0
DA:1201,0
DA:1203,0
DA:1204,0
DA:1206,0
DA:1207,0
DA:1208,0
DA:1209,0
DA:1210,0
DA:1211,0
DA:1213,0
DA:1214,0
DA:1216,0
DA:1218,0
DA:1219,0
DA:1220,0
DA:1221,0
DA:1222,0
DA:1224,0
DA:1229,0
DA:1230,0
DA:1233,0
DA:1243,0
DA:1244,0
DA:1253,0
DA:1254,0
DA:1255,0
DA:1257,0
DA:1258,0
DA:1259,0
DA:1262,0
DA:1273,0
DA:1275,0
DA:1276,0
DA:1277,0
DA:1280,0
DA:1281,0
DA:1284,0
DA:1285,0
DA:1294,0
DA:1295,0
DA:1296,0
DA:1305,0
DA:1306,0
DA:1307,0
DA:1317,0
DA:1318,0
DA:1319,0
DA:1320,0
DA:1322,0
DA:1329,0
DA:1330,0
DA:1333,0
DA:1335,0
DA:1342,0
DA:1343,0
DA:1345,0
DA:1346,0
DA:1349,0
DA:1350,0
DA:1359,0
DA:1365,0
DA:1366,0
DA:1370,0
DA:1377,0
DA:1379,0
DA:1381,0
DA:1382,0
DA:1385,0
DA:1386,0
DA:1388,0
DA:1389,0
DA:1390,0
DA:1395,0
DA:1396,0
DA:1398,0
DA:1399,0
DA:1400,0
DA:1405,0
DA:1406,0
DA:1407,0
DA:1408,0
DA:1417,0
DA:1419,0
DA:1421,0
DA:1422,0
DA:1424,0
DA:1426,0
DA:1427,0
DA:1429,0
DA:1430,0
DA:1431,0
DA:1439,0
DA:1441,0
DA:1443,0
DA:1444,0
DA:1446,0
DA:1448,0
DA:1449,0
DA:1451,0
DA:1452,0
DA:1453,0
DA:1462,0
DA:1464,0
DA:1466,0
DA:1467,0
DA:1470,0
DA:1473,0
DA:1474,0
DA:1477,0
DA:1480,0
DA:1485,0
DA:1486,0
DA:1495,0
DA:1497,0
DA:1498,0
DA:1500,0
DA:1509,0
DA:1512,0
DA:1513,0
DA:1515,0
DA:1517,0
DA:1518,0
DA:1521,0
DA:1531,0
DA:1533,0
DA:1534,0
DA:1535,0
DA:1536,0
DA:1538,0
DA:1539,0
DA:1544,0
DA:1546,0
DA:1553,0
DA:1561,0
DA:1563,0
DA:1565,0
DA:1566,0
DA:1569,0
DA:1570,0
DA:1573,0
DA:1574,0
DA:1575,0
DA:1576,0
DA:1590,0
DA:1591,0
DA:1592,0
DA:1594,0
DA:1595,0
DA:1596,0
DA:1599,0
DA:1600,0
DA:1601,0
DA:1604,0
DA:1605,0
DA:1610,0
DA:1611,0
DA:1612,0
DA:1615,0
DA:1616,0
DA:1617,0
DA:1635,0
DA:1639,0
DA:1640,0
DA:1644,0
DA:1645,0
DA:1654,0
DA:1656,0
DA:1658,0
DA:1659,0
DA:1662,0
DA:1663,0
DA:1666,0
DA:1671,0
DA:1672,0
DA:1675,0
DA:1676,0
DA:1677,0
DA:1678,0
DA:1679,0
DA:1680,0
DA:1684,0
DA:1688,0
DA:1689,0
DA:1691,0
DA:1695,0
DA:1696,0
DA:1701,0
DA:1702,0
DA:1706,0
DA:1707,0
DA:1708,0
DA:1709,0
DA:1721,0
DA:1723,0
DA:1724,0
DA:1725,0
DA:1726,0
DA:1742,0
DA:1745,0
DA:1746,0
DA:1747,0
DA:1750,0
DA:1757,0
DA:1758,0
DA:1759,0
DA:1768,0
DA:1769,0
DA:1770,0
DA:1782,0
DA:1784,0
DA:1797,0
DA:1798,0
DA:1807,0
DA:1815,0
DA:1823,0
DA:1825,0
DA:1826,0
DA:1828,0
DA:1829,0
DA:1837,0
DA:1839,0
DA:1840,0
DA:1842,0
DA:1849,0
DA:1850,0
DA:1851,0
DA:1862,0
DA:1863,0
DA:1864,0
DA:1878,0
DA:1879,0
DA:1880,0
DA:1882,0
DA:1889,0
DA:1890,0
DA:1892,0
DA:1901,0
DA:1902,0
DA:1903,0
DA:1905,0
DA:1906,0
DA:1909,0
DA:1910,0
DA:1913,0
DA:1914,0
DA:1922,0
DA:1923,0
DA:1925,0
DA:1926,0
DA:1927,0
DA:1930,0
DA:1931,0
DA:1932,0
DA:1935,0
DA:1936,0
DA:1937,0
DA:1939,0
DA:1940,0
DA:1941,0
DA:1946,0
DA:1947,0
DA:1949,0
DA:1958,0
DA:1959,0
DA:1960,0
DA:1962,0
DA:1965,0
DA:1966,0
DA:1967,0
DA:1976,0
DA:1986,0
DA:1987,0
DA:1988,0
DA:1995,0
DA:1996,0
DA:1997,0
DA:2005,0
DA:2006,0
DA:2007,0
DA:2011,0
DA:2018,0
DA:2019,0
DA:2022,0
DA:2023,0
DA:2027,0
DA:2030,0
DA:2031,0
DA:2032,0
DA:2035,0
DA:2038,0
DA:2040,0
DA:2043,0
DA:2044,0
DA:2052,0
DA:2053,0
DA:2054,0
DA:2056,0
DA:2057,0
DA:2059,0
DA:2063,0
DA:2064,0
DA:2065,0
DA:2066,0
DA:2069,0
DA:2072,0
DA:2075,0
DA:2076,0
DA:2077,0
DA:2086,0
DA:2088,0
DA:2099,0
DA:2100,0
DA:2101,0
DA:2104,0
DA:2105,0
DA:2106,0
DA:2113,0
DA:2114,0
DA:2116,0
DA:2117,0
DA:2118,0
DA:2119,0
DA:2121,0
DA:2122,0
DA:2123,0
DA:2125,0
DA:2128,0
DA:2129,0
DA:2136,0
DA:2137,0
DA:2138,0
DA:2145,0
DA:2146,0
DA:2147,0
DA:2148,0
DA:2156,0
DA:2166,0
DA:2167,0
DA:2168,0
DA:2170,0
DA:2177,0
DA:2178,0
DA:2179,0
DA:2180,0
DA:2183,0
DA:2184,0
DA:2186,0
DA:2193,0
DA:2195,0
DA:2196,0
DA:2197,0
DA:2198,0
DA:2200,0
DA:2201,0
DA:2202,0
DA:2213,0
DA:2214,0
DA:2218,0
DA:2219,0
DA:2227,0
DA:2230,0
DA:2233,0
DA:2236,0
DA:2245,0
DA:2246,0
DA:2248,0
DA:2249,0
DA:2250,0
DA:2251,0
DA:2259,0
DA:2261,0
DA:2263,0
DA:2264,0
DA:2267,0
DA:2268,0
DA:2270,0
DA:2271,0
DA:2273,0
DA:2274,0
DA:2277,0
DA:2285,0
DA:2292,0
DA:2293,0
DA:2295,0
DA:2296,0
DA:2308,0
DA:2309,0
DA:2310,0
DA:2311,0
DA:2312,0
DA:2313,0
DA:2314,0
DA:2315,0
DA:2317,0
DA:2318,0
DA:2319,0
DA:2321,0
DA:2328,0
DA:2329,0
DA:2331,0
DA:2338,0
DA:2339,0
DA:2342,0
DA:2343,0
DA:2344,0
DA:2351,0
DA:2352,0
DA:2353,0
DA:2361,0
DA:2362,0
DA:2364,0
DA:2365,0
DA:2372,0
DA:2374,0
DA:2375,0
DA:2378,0
DA:2381,0
DA:2382,0
DA:2383,0
DA:2386,0
DA:2389,0
DA:2390,0
DA:2391,0
DA:2394,0
DA:2400,0
DA:2401,0
DA:2408,0
DA:2410,0
DA:2411,0
DA:2413,0
DA:2416,0
DA:2417,0
DA:2418,0
DA:2421,0
DA:2423,0
DA:2430,0
DA:2431,0
DA:2433,0
DA:2434,0
DA:2435,0
DA:2436,0
DA:2437,0
DA:2438,0
DA:2446,0
DA:2448,0
DA:2449,0
DA:2452,0
DA:2453,0
DA:2456,0
DA:2457,0
DA:2460,0
DA:2467,0
DA:2468,0
DA:2469,0
DA:2472,0
DA:2473,0
DA:2481,0
DA:2483,0
DA:2484,0
DA:2485,0
DA:2489,0
DA:2490,0
DA:2491,0
DA:2492,0
DA:2493,0
DA:2494,0
DA:2506,0
DA:2507,0
DA:2509,0
DA:2516,0
DA:2517,0
DA:2520,0
DA:2521,0
DA:2524,0
DA:2526,0
DA:2527,0
DA:2529,0
DA:2530,0
DA:2531,0
DA:2532,0
DA:2533,0
DA:2534,0
DA:2536,0
DA:2537,0
DA:2538,0
DA:2546,0
DA:2548,0
DA:2550,0
DA:2552,0
DA:2554,0
DA:2556,0
DA:2565,0
DA:2566,0
DA:2568,0
DA:2571,0
DA:2574,0
DA:2583,0
DA:2584,0
DA:2585,0
DA:2588,0
DA:2591,0
DA:2600,0
DA:2601,0
DA:2602,0
DA:2605,0
DA:2608,0
DA:2617,0
DA:2618,0
DA:2619,0
DA:2622,0
DA:2623,0
DA:2624,0
DA:2626,0
DA:2627,0
DA:2628,0
DA:2630,0
DA:2631,0
DA:2632,0
DA:2633,0
DA:2634,0
DA:2636,0
DA:2638,0
DA:2641,0
DA:2650,0
DA:2652,0
DA:2653,0
DA:2654,0
DA:2658,0
DA:2659,0
DA:2669,0
DA:2670,0
DA:2671,0
DA:2672,0
DA:2673,0
DA:2675,0
DA:2682,0
DA:2683,0
DA:2684,0
DA:2686,0
DA:2693,0
DA:2694,0
DA:2695,0
DA:2696,0
DA:2697,0
DA:2704,0
DA:2705,0
DA:2706,0
DA:2709,0
DA:2716,0
DA:2718,0
DA:2719,0
DA:2721,0
DA:2723,0
DA:2724,0
DA:2725,0
DA:2727,0
DA:2736,0
DA:2738,0
DA:2739,0
DA:2740,0
DA:2744,0
DA:2751,0
DA:2752,0
DA:2755,0
DA:2756,0
DA:2757,0
DA:2760,0
DA:2768,0
DA:2769,0
DA:2770,0
DA:2774,0
DA:2775,0
DA:2776,0
DA:2784,0
DA:2785,0
DA:2786,0
DA:2787,0
DA:2788,0
DA:2797,0
DA:2799,0
DA:2807,0
DA:2808,0
DA:2810,0
DA:2813,0
DA:2814,0
DA:2815,0
DA:2823,0
DA:2824,0
DA:2825,0
DA:2828,0
DA:2829,0
DA:2830,0
DA:2832,0
DA:2833,0
DA:2834,0
DA:2843,0
DA:2846,0
DA:2847,0
DA:2851,0
DA:2852,0
DA:2855,0
DA:2856,0
DA:2859,0
DA:2866,0
DA:2869,0
DA:2872,0
DA:2875,0
DA:2876,0
DA:2884,0
DA:2885,0
DA:2888,0
DA:2891,0
DA:2892,0
DA:2893,0
DA:2896,0
DA:2898,0
DA:2908,0
DA:2911,0
DA:2914,0
DA:2938,0
DA:2941,0
DA:2944,0
DA:2947,0
DA:2948,0
DA:2949,0
DA:2950,0
DA:2951,0
DA:2954,0
DA:2955,0
DA:2956,0
DA:2957,0
DA:2958,0
DA:2959,0
DA:2960,0
DA:2963,0
DA:2964,0
DA:2966,0
DA:2973,0
DA:2974,0
DA:2975,0
DA:2978,0
DA:2980,0
DA:2983,0
DA:2984,0
DA:2993,0
DA:2996,0
DA:2997,0
DA:2998,0
DA:3002,0
DA:3004,0
DA:3012,0
DA:3013,0
DA:3017,0
DA:3020,0
DA:3021,0
DA:3022,0
DA:3024,0
DA:3033,0
DA:3034,0
DA:3036,0
DA:3037,0
DA:3040,0
DA:3041,0
DA:3049,0
DA:3051,0
DA:3052,0
DA:3055,0
DA:3056,0
DA:3059,0
DA:3060,0
DA:3063,0
DA:3064,0
DA:3067,0
DA:3068,0
DA:3071,0
DA:3072,0
DA:3074,0
DA:3075,0
DA:3077,0
DA:3078,0
DA:3081,0
DA:3082,0
DA:3085,0
DA:3088,0
DA:3091,0
DA:3094,0
DA:3095,0
DA:3096,0
DA:3104,0
DA:3107,0
DA:3108,0
DA:3110,0
DA:3111,0
DA:3113,0
DA:3117,0
DA:3118,0
DA:3120,0
DA:3124,0
DA:3125,0
DA:3127,0
DA:3131,0
DA:3132,0
DA:3134,0
DA:3138,0
DA:3139,0
DA:3141,0
DA:3145,0
DA:3147,0
DA:3155,0
DA:3158,0
DA:3161,0
DA:3178,0
DA:3179,0
DA:3182,0
DA:3183,0
DA:3187,0
DA:3190,0
DA:3193,0
DA:3196,0
DA:3197,0
DA:3201,0
DA:3202,0
DA:3206,0
DA:3209,0
DA:3211,0
DA:3212,0
DA:3215,0
DA:3218,0
DA:3219,0
DA:3220,0
DA:3228,0
DA:3231,0
DA:3232,0
DA:3236,0
DA:3237,0
DA:3241,0
DA:3242,0
DA:3246,0
DA:3251,0
DA:3252,0
DA:3256,0
DA:3257,0
DA:3259,0
DA:3260,0
DA:3264,0
DA:3267,0
DA:3269,0
DA:3276,0
DA:3277,0
DA:3278,0
DA:3279,0
DA:3280,0
DA:3283,0
DA:3284,0
DA:3285,0
DA:3295,0
DA:3296,0
DA:3299,0
DA:3300,0
DA:3303,0
DA:3304,0
DA:3312,0
DA:3315,0
DA:3316,0
DA:3317,0
DA:3320,0
DA:3323,0
DA:3329,0
DA:3332,0
DA:3335,0
DA:3343,0
DA:3359,0
DA:3360,0
DA:3368,0
DA:3370,0
DA:3371,0
DA:3372,0
DA:3373,0
DA:3376,0
DA:3377,0
DA:3378,0
DA:3381,0
DA:3382,0
DA:3383,0
DA:3386,0
DA:3387,0
DA:3388,0
DA:3390,0
DA:3391,0
DA:3393,0
DA:3394,0
DA:3398,0
DA:3399,0
DA:3403,0
DA:3404,0
DA:3408,0
DA:3410,0
DA:3412,0
DA:3415,0
DA:3418,0
DA:3420,0
DA:3421,0
DA:3422,0
DA:3425,0
DA:3426,0
DA:3437,0
DA:3438,0
DA:3440,0
DA:3441,0
DA:3442,0
DA:3445,0
DA:3446,0
DA:3448,0
DA:3449,0
DA:3452,0
DA:3455,0
DA:3462,0
DA:3463,0
DA:3471,0
DA:3472,0
DA:3474,0
DA:3476,0
DA:3478,0
DA:3479,0
DA:3481,0
DA:3482,0
DA:3484,0
DA:3485,0
DA:3487,0
DA:3495,0
DA:3496,0
DA:3497,0
DA:3499,0
DA:3500,0
DA:3502,0
DA:3503,0
DA:3506,0
DA:3507,0
DA:3515,0
DA:3517,0
DA:3518,0
DA:3522,0
DA:3531,0
DA:3538,0
DA:3539,0
DA:3542,0
DA:3545,0
DA:3548,0
DA:3549,0
DA:3552,0
DA:3559,0
DA:3560,0
DA:3561,0
DA:3564,0
DA:3565,0
DA:3566,0
DA:3567,0
DA:3570,0
DA:3571,0
DA:3572,0
DA:3576,0
DA:3577,0
DA:3580,0
DA:3587,0
DA:3589,0
DA:3592,0
DA:3594,0
DA:3595,0
DA:3603,0
DA:3605,0
DA:3606,0
DA:3607,0
DA:3608,0
DA:3613,0
DA:3615,0
DA:3616,0
DA:3625,0
DA:3627,0
DA:3628,0
DA:3630,0
DA:3632,0
DA:3633,0
DA:3636,0
DA:3648,0
DA:3649,0
DA:3651,0
DA:3653,0
DA:3654,0
DA:3655,0
DA:3656,0
DA:3660,0
DA:3661,0
DA:3662,0
DA:3665,0
DA:3669,0
DA:3677,0
DA:3679,0
DA:3682,0
DA:3686,0
DA:3687,0
DA:3688,0
DA:3691,0
DA:3695,0
DA:3696,0
DA:3706,0
DA:3707,0
DA:3710,0
DA:3711,0
DA:3714,0
DA:3715,0
DA:3723,0
DA:3724,0
DA:3725,0
DA:3726,0
DA:3728,0
DA:3732,0
DA:3733,0
DA:3734,0
DA:3736,0
DA:3737,0
DA:3738,0
DA:3739,0
DA:3740,0
DA:3742,0
DA:3746,0
DA:3747,0
DA:3748,0
DA:3751,0
DA:3754,0
DA:3755,0
DA:3765,0
DA:3766,0
DA:3769,0
DA:3770,0
DA:3773,0
DA:3775,0
DA:3776,0
DA:3777,0
DA:3778,0
DA:3780,0
DA:3781,0
DA:3783,0
DA:3784,0
DA:3785,0
DA:3794,0
DA:3795,0
DA:3797,0
DA:3798,0
DA:3806,0
DA:3807,0
DA:3808,0
DA:3809,0
DA:3810,0
DA:3811,0
DA:3813,0
DA:3816,0
DA:3817,0
DA:3824,0
DA:3831,0
DA:3832,0
DA:3834,0
DA:3838,0
DA:3839,0
DA:3840,0
DA:3841,0
DA:3842,0
DA:3848,0
DA:3849,0
DA:3850,0
DA:3851,0
DA:3853,0
DA:3870,0
DA:3873,0
DA:3876,0
DA:3878,0
DA:3879,0
DA:3882,0
DA:3883,0
DA:3886,0
DA:3887,0
DA:3890,0
DA:3891,0
DA:3894,0
DA:3895,0
DA:3898,0
DA:3899,0
DA:3902,0
DA:3906,0
DA:3921,0
DA:3938,0
DA:3939,0
DA:3940,0
DA:3943,0
DA:3944,0
DA:3947,0
DA:3949,0
DA:3960,0
DA:3961,0
DA:3964,0
DA:3971,0
DA:3974,0
DA:3975,0
DA:3976,0
DA:3988,0
DA:3989,0
DA:3995,0
DA:3998,0
DA:3999,0
DA:4000,0
DA:4002,0
DA:4009,0
DA:4022,0
DA:4028,0
DA:4037,0
DA:4039,0
DA:4040,0
DA:4044,0
DA:4045,0
DA:4050,0
DA:4056,0
DA:4057,0
DA:4058,0
DA:4070,0
DA:4076,0
DA:4085,0
DA:4091,0
DA:4092,0
DA:4098,0
DA:4099,0
DA:4112,0
DA:4118,0
DA:4119,0
DA:4122,0
DA:4134,0
DA:4135,0
DA:4136,0
DA:4137,0
DA:4138,0
DA:4139,0
DA:4143,0
DA:4144,0
DA:4145,0
DA:4146,0
DA:4149,0
DA:4150,0
DA:4157,0
DA:4158,0
DA:4159,0
DA:4163,0
DA:4166,0
DA:4167,0
DA:4168,0
DA:4173,0
DA:4174,0
DA:4177,0
DA:4186,0
DA:4187,0
DA:4188,0
DA:4189,0
DA:4190,0
DA:4191,0
DA:4194,0
DA:4195,0
DA:4196,0
DA:4197,0
DA:4199,0
DA:4209,0
DA:4210,0
DA:4212,0
DA:4213,0
DA:4214,0
DA:4217,0
DA:4218,0
DA:4219,0
DA:4222,0
DA:4225,0
DA:4234,0
DA:4240,0
DA:4248,0
DA:4249,0
DA:4250,0
DA:4252,0
DA:4253,0
DA:4254,0
DA:4264,0
DA:4266,0
DA:4267,0
DA:4275,0
DA:4276,0
DA:4277,0
DA:4278,0
DA:4281,0
DA:4282,0
DA:4283,0
DA:4284,0
DA:4285,0
DA:4286,0
DA:4287,0
DA:4290,0
DA:4291,0
DA:4299,0
DA:4301,0
DA:4304,0
DA:4305,0
DA:4307,0
DA:4308,0
DA:4309,0
DA:4310,0
DA:4314,0
DA:4316,0
DA:4324,0
DA:4326,0
DA:4350,0
DA:4351,0
DA:4355,0
DA:4356,0
DA:4360,0
DA:4361,0
DA:4363,0
DA:4365,0
DA:4375,0
DA:4376,0
DA:4377,0
DA:4378,0
DA:4379,0
DA:4389,0
DA:4390,0
DA:4391,0
DA:4403,0
DA:4404,0
DA:4408,0
DA:4409,0
DA:4412,0
DA:4419,0
DA:4420,0
DA:4421,0
DA:4422,0
DA:4430,0
DA:4432,0
DA:4433,0
DA:4436,0
DA:4453,0
DA:4454,0
DA:4457,0
DA:4462,0
DA:4464,0
DA:4465,0
DA:4474,0
DA:4475,0
DA:4476,0
DA:4477,0
DA:4480,0
DA:4483,0
DA:4484,0
DA:4485,0
DA:4489,0
DA:4490,0
DA:4492,0
DA:4493,0
DA:4494,0
DA:4498,0
DA:4499,0
DA:4502,0
DA:4503,0
DA:4506,0
DA:4507,0
DA:4508,0
DA:4509,0
DA:4514,0
DA:4515,0
DA:4516,0
DA:4520,0
DA:4522,0
DA:4525,0
DA:4530,0
DA:4533,0
DA:4535,0
DA:4536,0
DA:4537,0
DA:4547,0
DA:4548,0
DA:4552,0
DA:4553,0
DA:4554,0
DA:4555,0
DA:4560,0
DA:4561,0
DA:4564,0
DA:4565,0
DA:4569,0
DA:4570,0
DA:4573,0
DA:4580,0
DA:4581,0
DA:4582,0
DA:4585,0
DA:4589,0
DA:4598,0
DA:4599,0
DA:4600,0
DA:4601,0
DA:4604,0
DA:4605,0
DA:4606,0
DA:4609,0
DA:4617,0
DA:4618,0
DA:4627,0
DA:4628,0
DA:4629,0
DA:4630,0
DA:4632,0
DA:4633,0
DA:4635,0
DA:4636,0
DA:4637,0
DA:4642,0
DA:4649,0
DA:4650,0
DA:4652,0
DA:4654,0
DA:4655,0
DA:4658,0
DA:4659,0
DA:4663,0
DA:4664,0
DA:4667,0
DA:4668,0
DA:4677,0
DA:4678,0
DA:4680,0
DA:4683,0
DA:4684,0
DA:4685,0
DA:4694,0
DA:4695,0
DA:4696,0
DA:4697,0
DA:4698,0
DA:4701,0
DA:4702,0
DA:4705,0
DA:4706,0
DA:4708,0
DA:4709,0
DA:4710,0
DA:4711,0
DA:4713,0
DA:4714,0
DA:4715,0
DA:4717,0
DA:4719,0
DA:4722,0
DA:4729,0
DA:4732,0
DA:4733,0
DA:4741,0
DA:4743,0
DA:4746,0
DA:4747,0
DA:4751,0
DA:4752,0
DA:4755,0
DA:4756,0
DA:4760,0
DA:4763,0
DA:4764,0
DA:4765,0
DA:4766,0
DA:4770,0
DA:4771,0
DA:4773,0
DA:4774,0
DA:4777,0
DA:4779,0
DA:4788,0
DA:4789,0
DA:4790,0
DA:4791,0
DA:4793,0
DA:4794,0
DA:4800,0
DA:4801,0
DA:4802,0
DA:4803,0
DA:4804,0
DA:4807,0
DA:4808,0
DA:4809,0
DA:4813,0
DA:4816,0
DA:4819,0
DA:4820,0
LF:1749
LH:0
BRDA:130,0,0,0
BRDA:130,0,1,0
BRDA:131,1,0,0
BRDA:131,1,1,0
BRDA:132,2,0,0
BRDA:132,2,1,0
BRDA:133,3,0,0
BRDA:133,3,1,0
BRDA:137,4,0,0
BRDA:137,4,1,0
BRDA:137,5,0,0
BRDA:137,5,1,0
BRDA:137,5,2,0
BRDA:137,5,3,0
BRDA:144,6,0,0
BRDA:144,6,1,0
BRDA:162,7,0,0
BRDA:162,7,1,0
BRDA:162,7,2,0
BRDA:162,7,3,0
BRDA:162,7,4,0
BRDA:162,7,5,0
BRDA:162,7,6,0
BRDA:162,7,7,0
BRDA:162,7,8,0
BRDA:162,7,9,0
BRDA:162,7,10,0
BRDA:162,7,11,0
BRDA:162,7,12,0
BRDA:162,7,13,0
BRDA:162,7,14,0
BRDA:162,7,15,0
BRDA:173,8,0,0
BRDA:173,8,1,0
BRDA:180,9,0,0
BRDA:180,9,1,0
BRDA:186,10,0,0
BRDA:186,10,1,0
BRDA:197,11,0,0
BRDA:197,11,1,0
BRDA:268,12,0,0
BRDA:268,12,1,0
BRDA:304,13,0,0
BRDA:304,13,1,0
BRDA:338,14,0,0
BRDA:338,14,1,0
BRDA:339,15,0,0
BRDA:339,15,1,0
BRDA:340,16,0,0
BRDA:340,16,1,0
BRDA:341,17,0,0
BRDA:341,17,1,0
BRDA:342,18,0,0
BRDA:342,18,1,0
BRDA:352,19,0,0
BRDA:352,19,1,0
BRDA:360,20,0,0
BRDA:360,20,1,0
BRDA:375,21,0,0
BRDA:375,21,1,0
BRDA:381,22,0,0
BRDA:381,22,1,0
BRDA:396,23,0,0
BRDA:396,23,1,0
BRDA:406,24,0,0
BRDA:406,24,1,0
BRDA:435,25,0,0
BRDA:435,25,1,0
BRDA:435,26,0,0
BRDA:435,26,1,0
BRDA:490,27,0,0
BRDA:490,27,1,0
BRDA:524,28,0,0
BRDA:524,28,1,0
BRDA:542,29,0,0
BRDA:542,29,1,0
BRDA:545,30,0,0
BRDA:545,30,1,0
BRDA:546,31,0,0
BRDA:546,31,1,0
BRDA:550,32,0,0
BRDA:550,32,1,0
BRDA:569,33,0,0
BRDA:569,33,1,0
BRDA:570,34,0,0
BRDA:570,34,1,0
BRDA:571,35,0,0
BRDA:571,35,1,0
BRDA:572,36,0,0
BRDA:572,36,1,0
BRDA:573,37,0,0
BRDA:573,37,1,0
BRDA:574,38,0,0
BRDA:574,38,1,0
BRDA:575,39,0,0
BRDA:575,39,1,0
BRDA:576,40,0,0
BRDA:576,40,1,0
BRDA:577,41,0,0
BRDA:577,41,1,0
BRDA:580,42,0,0
BRDA:580,42,1,0
BRDA:588,43,0,0
BRDA:588,43,1,0
BRDA:595,44,0,0
BRDA:595,44,1,0
BRDA:595,44,2,0
BRDA:595,44,3,0
BRDA:595,44,4,0
BRDA:595,44,5,0
BRDA:595,44,6,0
BRDA:595,44,7,0
BRDA:605,45,0,0
BRDA:605,45,1,0
BRDA:625,46,0,0
BRDA:625,46,1,0
BRDA:643,47,0,0
BRDA:643,47,1,0
BRDA:645,48,0,0
BRDA:645,48,1,0
BRDA:646,49,0,0
BRDA:646,49,1,0
BRDA:658,50,0,0
BRDA:658,50,1,0
BRDA:660,51,0,0
BRDA:660,51,1,0
BRDA:661,52,0,0
BRDA:661,52,1,0
BRDA:681,53,0,0
BRDA:681,53,1,0
BRDA:694,54,0,0
BRDA:694,54,1,0
BRDA:702,55,0,0
BRDA:702,55,1,0
BRDA:704,56,0,0
BRDA:704,56,1,0
BRDA:715,57,0,0
BRDA:715,57,1,0
BRDA:725,58,0,0
BRDA:725,58,1,0
BRDA:729,59,0,0
BRDA:729,59,1,0
BRDA:733,60,0,0
BRDA:733,60,1,0
BRDA:751,61,0,0
BRDA:751,61,1,0
BRDA:758,62,0,0
BRDA:758,62,1,0
BRDA:771,63,0,0
BRDA:771,63,1,0
BRDA:786,64,0,0
BRDA:786,64,1,0
BRDA:791,65,0,0
BRDA:791,65,1,0
BRDA:792,66,0,0
BRDA:792,66,1,0
BRDA:797,67,0,0
BRDA:797,67,1,0
BRDA:813,68,0,0
BRDA:813,68,1,0
BRDA:821,69,0,0
BRDA:821,69,1,0
BRDA:826,70,0,0
BRDA:826,70,1,0
BRDA:833,71,0,0
BRDA:833,71,1,0
BRDA:836,72,0,0
BRDA:836,72,1,0
BRDA:836,73,0,0
BRDA:836,73,1,0
BRDA:838,74,0,0
BRDA:838,74,1,0
BRDA:840,75,0,0
BRDA:840,75,1,0
BRDA:856,76,0,0
BRDA:857,77,0,0
BRDA:857,77,1,0
BRDA:857,78,0,0
BRDA:857,78,1,0
BRDA:861,79,0,0
BRDA:861,79,1,0
BRDA:883,80,0,0
BRDA:883,80,1,0
BRDA:894,81,0,0
BRDA:894,81,1,0
BRDA:905,82,0,0
BRDA:905,82,1,0
BRDA:914,83,0,0
BRDA:914,83,1,0
BRDA:914,84,0,0
BRDA:914,84,1,0
BRDA:928,85,0,0
BRDA:928,85,1,0
BRDA:951,86,0,0
BRDA:951,86,1,0
BRDA:960,87,0,0
BRDA:960,87,1,0
BRDA:960,88,0,0
BRDA:960,88,1,0
BRDA:1040,89,0,0
BRDA:1040,89,1,0
BRDA:1040,90,0,0
BRDA:1040,90,1,0
BRDA:1051,91,0,0
BRDA:1051,91,1,0
BRDA:1103,92,0,0
BRDA:1103,92,1,0
BRDA:1103,93,0,0
BRDA:1103,93,1,0
BRDA:1128,94,0,0
BRDA:1128,94,1,0
BRDA:1130,95,0,0
BRDA:1130,95,1,0
BRDA:1136,96,0,0
BRDA:1136,96,1,0
BRDA:1140,97,0,0
BRDA:1140,97,1,0
BRDA:1145,98,0,0
BRDA:1145,98,1,0
BRDA:1145,99,0,0
BRDA:1145,99,1,0
BRDA:1147,100,0,0
BRDA:1147,100,1,0
BRDA:1171,101,0,0
BRDA:1171,101,1,0
BRDA:1171,102,0,0
BRDA:1171,102,1,0
BRDA:1197,103,0,0
BRDA:1197,103,1,0
BRDA:1198,104,0,0
BRDA:1198,104,1,0
BRDA:1198,105,0,0
BRDA:1198,105,1,0
BRDA:1199,106,0,0
BRDA:1199,106,1,0
BRDA:1207,107,0,0
BRDA:1207,107,1,0
BRDA:1208,108,0,0
BRDA:1208,108,1,0
BRDA:1208,109,0,0
BRDA:1208,109,1,0
BRDA:1209,110,0,0
BRDA:1209,110,1,0
BRDA:1218,111,0,0
BRDA:1218,111,1,0
BRDA:1229,112,0,0
BRDA:1229,112,1,0
BRDA:1277,113,0,0
BRDA:1277,113,1,0
BRDA:1280,114,0,0
BRDA:1280,114,1,0
BRDA:1307,115,0,0
BRDA:1307,115,1,0
BRDA:1307,115,2,0
BRDA:1345,116,0,0
BRDA:1345,116,1,0
BRDA:1349,117,0,0
BRDA:1349,117,1,0
BRDA:1379,118,0,0
BRDA:1379,118,1,0
BRDA:1379,119,0,0
BRDA:1379,119,1,0
BRDA:1386,120,0,0
BRDA:1386,120,1,0
BRDA:1386,121,0,0
BRDA:1386,121,1,0
BRDA:1396,122,0,0
BRDA:1396,122,1,0
BRDA:1396,123,0,0
BRDA:1396,123,1,0
BRDA:1419,124,0,0
BRDA:1419,124,1,0
BRDA:1419,125,0,0
BRDA:1419,125,1,0
BRDA:1419,125,2,0
BRDA:1424,126,0,0
BRDA:1424,126,1,0
BRDA:1429,127,0,0
BRDA:1429,127,1,0
BRDA:1441,128,0,0
BRDA:1441,128,1,0
BRDA:1441,129,0,0
BRDA:1441,129,1,0
BRDA:1441,129,2,0
BRDA:1446,130,0,0
BRDA:1446,130,1,0
BRDA:1451,131,0,0
BRDA:1451,131,1,0
BRDA:1462,132,0,0
BRDA:1462,132,1,0
BRDA:1470,133,0,0
BRDA:1470,133,1,0
BRDA:1495,134,0,0
BRDA:1495,134,1,0
BRDA:1498,135,0,0
BRDA:1498,135,1,0
BRDA:1509,136,0,0
BRDA:1509,136,1,0
BRDA:1515,137,0,0
BRDA:1515,137,1,0
BRDA:1533,138,0,0
BRDA:1533,138,1,0
BRDA:1534,139,0,0
BRDA:1534,139,1,0
BRDA:1546,140,0,0
BRDA:1546,140,1,0
BRDA:1565,141,0,0
BRDA:1565,141,1,0
BRDA:1639,142,0,0
BRDA:1639,142,1,0
BRDA:1658,143,0,0
BRDA:1658,143,1,0
BRDA:1662,144,0,0
BRDA:1662,144,1,0
BRDA:1662,145,0,0
BRDA:1662,145,1,0
BRDA:1666,146,0,0
BRDA:1666,146,1,0
BRDA:1666,146,2,0
BRDA:1666,146,3,0
BRDA:1671,147,0,0
BRDA:1671,147,1,0
BRDA:1675,148,0,0
BRDA:1675,148,1,0
BRDA:1689,149,0,0
BRDA:1689,149,1,0
BRDA:1689,150,0,0
BRDA:1689,150,1,0
BRDA:1701,151,0,0
BRDA:1701,151,1,0
BRDA:1701,152,0,0
BRDA:1701,152,1,0
BRDA:1706,153,0,0
BRDA:1706,153,1,0
BRDA:1757,154,0,0
BRDA:1757,154,1,0
BRDA:1769,155,0,0
BRDA:1769,155,1,0
BRDA:1782,156,0,0
BRDA:1782,156,1,0
BRDA:1797,157,0,0
BRDA:1797,157,1,0
BRDA:1807,158,0,0
BRDA:1807,158,1,0
BRDA:1823,159,0,0
BRDA:1823,159,1,0
BRDA:1837,160,0,0
BRDA:1837,160,1,0
BRDA:1840,161,0,0
BRDA:1840,161,1,0
BRDA:1849,162,0,0
BRDA:1849,162,1,0
BRDA:1862,163,0,0
BRDA:1862,163,1,0
BRDA:1905,164,0,0
BRDA:1905,164,1,0
BRDA:1909,165,0,0
BRDA:1909,165,1,0
BRDA:1913,166,0,0
BRDA:1913,166,1,0
BRDA:1923,167,0,0
BRDA:1923,167,1,0
BRDA:1941,168,0,0
BRDA:1941,168,1,0
BRDA:1941,168,2,0
BRDA:1946,169,0,0
BRDA:1946,169,1,0
BRDA:1959,170,0,0
BRDA:1959,170,1,0
BRDA:1965,171,0,0
BRDA:1965,171,1,0
BRDA:1996,172,0,0
BRDA:1996,172,1,0
BRDA:2006,173,0,0
BRDA:2006,173,1,0
BRDA:2022,174,0,0
BRDA:2022,174,1,0
BRDA:2054,175,0,0
BRDA:2054,175,1,0
BRDA:2056,176,0,0
BRDA:2056,176,1,0
BRDA:2056,177,0,0
BRDA:2056,177,1,0
BRDA:2075,178,0,0
BRDA:2075,178,1,0
BRDA:2086,179,0,0
BRDA:2086,179,1,0
BRDA:2146,180,0,0
BRDA:2146,180,1,0
BRDA:2147,181,0,0
BRDA:2147,181,1,0
BRDA:2178,182,0,0
BRDA:2178,182,1,0
BRDA:2197,183,0,0
BRDA:2197,183,1,0
BRDA:2227,184,0,0
BRDA:2227,184,1,0
BRDA:2261,185,0,0
BRDA:2261,185,1,0
BRDA:2267,186,0,0
BRDA:2267,186,1,0
BRDA:2267,187,0,0
BRDA:2267,187,1,0
BRDA:2270,188,0,0
BRDA:2270,188,1,0
BRDA:2270,189,0,0
BRDA:2270,189,1,0
BRDA:2270,189,2,0
BRDA:2273,190,0,0
BRDA:2273,190,1,0
BRDA:2273,191,0,0
BRDA:2273,191,1,0
BRDA:2292,192,0,0
BRDA:2292,192,1,0
BRDA:2339,193,0,0
BRDA:2339,193,1,0
BRDA:2372,194,0,0
BRDA:2372,194,1,0
BRDA:2375,195,0,0
BRDA:2375,195,1,0
BRDA:2381,196,0,0
BRDA:2381,196,1,0
BRDA:2408,197,0,0
BRDA:2408,197,1,0
BRDA:2411,198,0,0
BRDA:2411,198,1,0
BRDA:2411,199,0,0
BRDA:2411,199,1,0
BRDA:2434,200,0,0
BRDA:2434,200,1,0
BRDA:2436,201,0,0
BRDA:2436,201,1,0
BRDA:2446,202,0,0
BRDA:2446,202,1,0
BRDA:2472,203,0,0
BRDA:2472,203,1,0
BRDA:2481,204,0,0
BRDA:2481,204,1,0
BRDA:2491,205,0,0
BRDA:2491,205,1,0
BRDA:2491,206,0,0
BRDA:2491,206,1,0
BRDA:2493,207,0,0
BRDA:2493,207,1,0
BRDA:2493,208,0,0
BRDA:2493,208,1,0
BRDA:2516,209,0,0
BRDA:2516,209,1,0
BRDA:2520,210,0,0
BRDA:2520,210,1,0
BRDA:2546,211,0,0
BRDA:2546,211,1,0
BRDA:2546,211,2,0
BRDA:2546,211,3,0
BRDA:2546,211,4,0
BRDA:2705,212,0,0
BRDA:2705,212,1,0
BRDA:2705,213,0,0
BRDA:2705,213,1,0
BRDA:2716,214,0,0
BRDA:2716,214,1,0
BRDA:2716,215,0,0
BRDA:2716,215,1,0
BRDA:2721,216,0,0
BRDA:2721,216,1,0
BRDA:2721,217,0,0
BRDA:2721,217,1,0
BRDA:2739,218,0,0
BRDA:2739,218,1,0
BRDA:2750,219,0,0
BRDA:2751,220,0,0
BRDA:2751,220,1,0
BRDA:2769,221,0,0
BRDA:2769,221,1,0
BRDA:2775,222,0,0
BRDA:2775,222,1,0
BRDA:2785,223,0,0
BRDA:2785,223,1,0
BRDA:2787,224,0,0
BRDA:2787,224,1,0
BRDA:2787,225,0,0
BRDA:2787,225,1,0
BRDA:2808,226,0,0
BRDA:2808,226,1,0
BRDA:2814,227,0,0
BRDA:2814,227,1,0
BRDA:2823,228,0,0
BRDA:2823,228,1,0
BRDA:2832,229,0,0
BRDA:2832,229,1,0
BRDA:2855,230,0,0
BRDA:2855,230,1,0
BRDA:2866,231,0,0
BRDA:2866,231,1,0
BRDA:2892,232,0,0
BRDA:2892,232,1,0
BRDA:2997,233,0,0
BRDA:2997,233,1,0
BRDA:2997,234,0,0
BRDA:2997,234,1,0
BRDA:3013,235,0,0
BRDA:3013,235,1,0
BRDA:3021,236,0,0
BRDA:3021,236,1,0
BRDA:3036,237,0,0
BRDA:3036,237,1,0
BRDA:3040,238,0,0
BRDA:3040,238,1,0
BRDA:3110,239,0,0
BRDA:3110,239,1,0
BRDA:3117,240,0,0
BRDA:3117,240,1,0
BRDA:3117,241,0,0
BRDA:3117,241,1,0
BRDA:3124,242,0,0
BRDA:3124,242,1,0
BRDA:3124,243,0,0
BRDA:3124,243,1,0
BRDA:3131,244,0,0
BRDA:3131,244,1,0
BRDA:3131,245,0,0
BRDA:3131,245,1,0
BRDA:3138,246,0,0
BRDA:3138,246,1,0
BRDA:3138,247,0,0
BRDA:3138,247,1,0
BRDA:3182,248,0,0
BRDA:3182,248,1,0
BRDA:3196,249,0,0
BRDA:3196,249,1,0
BRDA:3201,250,0,0
BRDA:3201,250,1,0
BRDA:3231,251,0,0
BRDA:3231,251,1,0
BRDA:3236,252,0,0
BRDA:3236,252,1,0
BRDA:3241,253,0,0
BRDA:3241,253,1,0
BRDA:3246,254,0,0
BRDA:3246,254,1,0
BRDA:3251,255,0,0
BRDA:3251,255,1,0
BRDA:3256,256,0,0
BRDA:3256,256,1,0
BRDA:3259,257,0,0
BRDA:3259,257,1,0
BRDA:3277,258,0,0
BRDA:3277,258,1,0
BRDA:3312,259,0,0
BRDA:3312,259,1,0
BRDA:3370,260,0,0
BRDA:3370,260,1,0
BRDA:3382,261,0,0
BRDA:3382,261,1,0
BRDA:3387,262,0,0
BRDA:3387,262,1,0
BRDA:3387,263,0,0
BRDA:3387,263,1,0
BRDA:3390,264,0,0
BRDA:3390,264,1,0
BRDA:3390,265,0,0
BRDA:3390,265,1,0
BRDA:3393,266,0,0
BRDA:3393,266,1,0
BRDA:3393,267,0,0
BRDA:3393,267,1,0
BRDA:3398,268,0,0
BRDA:3398,268,1,0
BRDA:3408,269,0,0
BRDA:3408,269,1,0
BRDA:3408,270,0,0
BRDA:3408,270,1,0
BRDA:3462,271,0,0
BRDA:3462,271,1,0
BRDA:3472,272,0,0
BRDA:3472,272,1,0
BRDA:3476,273,0,0
BRDA:3476,273,1,0
BRDA:3476,273,2,0
BRDA:3476,273,3,0
BRDA:3496,274,0,0
BRDA:3496,274,1,0
BRDA:3502,275,0,0
BRDA:3502,275,1,0
BRDA:3506,276,0,0
BRDA:3506,276,1,0
BRDA:3517,277,0,0
BRDA:3517,277,1,0
BRDA:3559,278,0,0
BRDA:3559,278,1,0
BRDA:3561,279,0,0
BRDA:3561,279,1,0
BRDA:3571,280,0,0
BRDA:3571,280,1,0
BRDA:3576,281,0,0
BRDA:3576,281,1,0
BRDA:3587,282,0,0
BRDA:3587,282,1,0
BRDA:3603,283,0,0
BRDA:3603,283,1,0
BRDA:3605,284,0,0
BRDA:3605,284,1,0
BRDA:3605,285,0,0
BRDA:3605,285,1,0
BRDA:3607,286,0,0
BRDA:3607,286,1,0
BRDA:3625,287,0,0
BRDA:3625,287,1,0
BRDA:3628,288,0,0
BRDA:3628,288,1,0
BRDA:3630,289,0,0
BRDA:3630,289,1,0
BRDA:3649,290,0,0
BRDA:3649,290,1,0
BRDA:3653,291,0,0
BRDA:3653,291,1,0
BRDA:3653,292,0,0
BRDA:3653,292,1,0
BRDA:3655,293,0,0
BRDA:3655,293,1,0
BRDA:3655,294,0,0
BRDA:3655,294,1,0
BRDA:3660,295,0,0
BRDA:3660,295,1,0
BRDA:3677,296,0,0
BRDA:3677,296,1,0
BRDA:3686,297,0,0
BRDA:3686,297,1,0
BRDA:3695,298,0,0
BRDA:3695,298,1,0
BRDA:3711,299,0,0
BRDA:3711,299,1,0
BRDA:3724,300,0,0
BRDA:3724,300,1,0
BRDA:3738,301,0,0
BRDA:3738,301,1,0
BRDA:3738,302,0,0
BRDA:3738,302,1,0
BRDA:3747,303,0,0
BRDA:3747,303,1,0
BRDA:3754,304,0,0
BRDA:3754,304,1,0
BRDA:3765,305,0,0
BRDA:3765,305,1,0
BRDA:3773,306,0,0
BRDA:3773,306,1,0
BRDA:3776,307,0,0
BRDA:3776,307,1,0
BRDA:3808,308,0,0
BRDA:3808,308,1,0
BRDA:3831,309,0,0
BRDA:3831,309,1,0
BRDA:3838,310,0,0
BRDA:3838,310,1,0
BRDA:3841,311,0,0
BRDA:3841,311,1,0
BRDA:3848,312,0,0
BRDA:3848,312,1,0
BRDA:3869,313,0,0
BRDA:3876,314,0,0
BRDA:3876,314,1,0
BRDA:3876,314,2,0
BRDA:3876,314,3,0
BRDA:3876,314,4,0
BRDA:3876,314,5,0
BRDA:3876,314,6,0
BRDA:3939,315,0,0
BRDA:3939,315,1,0
BRDA:3943,316,0,0
BRDA:3943,316,1,0
BRDA:3960,317,0,0
BRDA:3960,317,1,0
BRDA:3974,318,0,0
BRDA:3974,318,1,0
BRDA:3988,319,0,0
BRDA:3988,319,1,0
BRDA:4037,320,0,0
BRDA:4037,320,1,0
BRDA:4039,321,0,0
BRDA:4039,321,1,0
BRDA:4044,322,0,0
BRDA:4044,322,1,0
BRDA:4056,323,0,0
BRDA:4056,323,1,0
BRDA:4056,324,0,0
BRDA:4056,324,1,0
BRDA:4091,325,0,0
BRDA:4091,325,1,0
BRDA:4132,326,0,0
BRDA:4132,327,0,0
BRDA:4135,328,0,0
BRDA:4135,328,1,0
BRDA:4166,329,0,0
BRDA:4166,329,1,0
BRDA:4173,330,0,0
BRDA:4173,330,1,0
BRDA:4187,331,0,0
BRDA:4187,331,1,0
BRDA:4240,332,0,0
BRDA:4240,332,1,0
BRDA:4248,333,0,0
BRDA:4248,333,1,0
BRDA:4248,334,0,0
BRDA:4248,334,1,0
BRDA:4253,335,0,0
BRDA:4253,335,1,0
BRDA:4276,336,0,0
BRDA:4276,336,1,0
BRDA:4276,337,0,0
BRDA:4276,337,1,0
BRDA:4305,338,0,0
BRDA:4305,338,1,0
BRDA:4309,339,0,0
BRDA:4309,339,1,0
BRDA:4350,340,0,0
BRDA:4350,340,1,0
BRDA:4355,341,0,0
BRDA:4355,341,1,0
BRDA:4374,342,0,0
BRDA:4376,343,0,0
BRDA:4376,343,1,0
BRDA:4378,344,0,0
BRDA:4378,344,1,0
BRDA:4379,345,0,0
BRDA:4379,345,1,0
BRDA:4403,346,0,0
BRDA:4403,346,1,0
BRDA:4419,347,0,0
BRDA:4419,347,1,0
BRDA:4432,348,0,0
BRDA:4432,348,1,0
BRDA:4432,349,0,0
BRDA:4432,349,1,0
BRDA:4476,350,0,0
BRDA:4476,350,1,0
BRDA:4483,351,0,0
BRDA:4483,351,1,0
BRDA:4492,352,0,0
BRDA:4492,352,1,0
BRDA:4498,353,0,0
BRDA:4498,353,1,0
BRDA:4502,354,0,0
BRDA:4502,354,1,0
BRDA:4503,355,0,0
BRDA:4503,355,1,0
BRDA:4506,356,0,0
BRDA:4506,356,1,0
BRDA:4508,357,0,0
BRDA:4508,357,1,0
BRDA:4514,358,0,0
BRDA:4514,358,1,0
BRDA:4547,359,0,0
BRDA:4547,359,1,0
BRDA:4547,360,0,0
BRDA:4547,360,1,0
BRDA:4554,361,0,0
BRDA:4554,361,1,0
BRDA:4560,362,0,0
BRDA:4560,362,1,0
BRDA:4560,363,0,0
BRDA:4560,363,1,0
BRDA:4564,364,0,0
BRDA:4564,364,1,0
BRDA:4569,365,0,0
BRDA:4569,365,1,0
BRDA:4569,366,0,0
BRDA:4569,366,1,0
BRDA:4600,367,0,0
BRDA:4600,367,1,0
BRDA:4605,368,0,0
BRDA:4605,368,1,0
BRDA:4614,369,0,0
BRDA:4614,369,1,0
BRDA:4627,370,0,0
BRDA:4627,370,1,0
BRDA:4627,371,0,0
BRDA:4627,371,1,0
BRDA:4630,372,0,0
BRDA:4630,372,1,0
BRDA:4635,373,0,0
BRDA:4635,373,1,0
BRDA:4652,374,0,0
BRDA:4652,374,1,0
BRDA:4654,375,0,0
BRDA:4654,375,1,0
BRDA:4654,376,0,0
BRDA:4654,376,1,0
BRDA:4658,377,0,0
BRDA:4658,377,1,0
BRDA:4658,378,0,0
BRDA:4658,378,1,0
BRDA:4663,379,0,0
BRDA:4663,379,1,0
BRDA:4667,380,0,0
BRDA:4667,380,1,0
BRDA:4678,381,0,0
BRDA:4678,381,1,0
BRDA:4678,382,0,0
BRDA:4678,382,1,0
BRDA:4696,383,0,0
BRDA:4696,383,1,0
BRDA:4746,384,0,0
BRDA:4746,384,1,0
BRDA:4746,385,0,0
BRDA:4746,385,1,0
BRDA:4751,386,0,0
BRDA:4751,386,1,0
BRDA:4755,387,0,0
BRDA:4755,387,1,0
BRDA:4763,388,0,0
BRDA:4763,388,1,0
BRDA:4770,389,0,0
BRDA:4770,389,1,0
BRDA:4773,390,0,0
BRDA:4773,390,1,0
BRDA:4803,391,0,0
BRDA:4803,391,1,0
BRDA:4808,392,0,0
BRDA:4808,392,1,0
BRDA:4819,393,0,0
BRDA:4819,393,1,0
BRDA:4819,394,0,0
BRDA:4819,394,1,0
BRF:823
BRH:0
end_of_record
